2019-10-29 15:59:09.072 [main] INFO  com.example.demo01.Demo01Application - Starting Demo01Application on DESKTOP-AGAP1UM with PID 15244 (E:\demo01\target\classes started by admin in E:\demo01)
2019-10-29 15:59:09.082 [main] INFO  com.example.demo01.Demo01Application - No active profile set, falling back to default profiles: default
2019-10-29 15:59:09.802 [main] INFO  o.s.d.r.config.RepositoryConfigurationDelegate - Bootstrapping Spring Data repositories in DEFAULT mode.
2019-10-29 15:59:09.872 [main] INFO  o.s.d.r.config.RepositoryConfigurationDelegate - Finished Spring Data repository scanning in 60ms. Found 2 repository interfaces.
2019-10-29 15:59:10.152 [main] INFO  o.s.c.s.PostProcessorRegistrationDelegate$BeanPostProcessorChecker - Bean 'org.springframework.transaction.annotation.ProxyTransactionManagementConfiguration' of type [org.springframework.transaction.annotation.ProxyTransactionManagementConfiguration$$EnhancerBySpringCGLIB$$18ef19e4] is not eligible for getting processed by all BeanPostProcessors (for example: not eligible for auto-proxying)
2019-10-29 15:59:10.232 [main] INFO  o.s.c.s.PostProcessorRegistrationDelegate$BeanPostProcessorChecker - Bean 'org.springframework.hateoas.config.HateoasConfiguration' of type [org.springframework.hateoas.config.HateoasConfiguration$$EnhancerBySpringCGLIB$$986f6716] is not eligible for getting processed by all BeanPostProcessors (for example: not eligible for auto-proxying)
2019-10-29 15:59:10.492 [main] INFO  o.s.boot.web.embedded.tomcat.TomcatWebServer - Tomcat initialized with port(s): 8090 (http)
2019-10-29 15:59:10.502 [main] INFO  org.apache.coyote.http11.Http11NioProtocol - Initializing ProtocolHandler ["http-nio-8090"]
2019-10-29 15:59:10.512 [main] INFO  org.apache.catalina.core.StandardService - Starting service [Tomcat]
2019-10-29 15:59:10.512 [main] INFO  org.apache.catalina.core.StandardEngine - Starting Servlet engine: [Apache Tomcat/9.0.14]
2019-10-29 15:59:10.512 [main] INFO  org.apache.catalina.core.AprLifecycleListener - The APR based Apache Tomcat Native library which allows optimal performance in production environments was not found on the java.library.path: [C:\Program Files\Java\jdk1.8.0_161\bin;C:\Windows\Sun\Java\bin;C:\Windows\system32;C:\Windows;C:\ProgramData\Oracle\Java\javapath;C:\Windows\system32;C:\Windows;C:\Windows\System32\Wbem;C:\Windows\System32\WindowsPowerShell\v1.0\;C:\Windows\System32\OpenSSH\;C:\Program Files\Java\jdk1.8.0_161\bin;C:\Program Files\Java\jdk1.8.0_161\jre\bin;C:\Program Files\Git\cmd;F:\apache-maven-3.3.9\bin;C:\Users\admin\AppData\Local\Microsoft\WindowsApps;;.]
2019-10-29 15:59:10.652 [main] INFO  o.a.c.core.ContainerBase.[Tomcat].[localhost].[/] - Initializing Spring embedded WebApplicationContext
2019-10-29 15:59:10.652 [main] INFO  org.springframework.web.context.ContextLoader - Root WebApplicationContext: initialization completed in 1530 ms
2019-10-29 15:59:10.792 [main] INFO  com.zaxxer.hikari.HikariDataSource - HikariPool-1 - Starting...
2019-10-29 15:59:10.872 [main] INFO  com.zaxxer.hikari.HikariDataSource - HikariPool-1 - Start completed.
2019-10-29 15:59:10.912 [main] INFO  org.hibernate.jpa.internal.util.LogHelper - HHH000204: Processing PersistenceUnitInfo [
	name: default
	...]
2019-10-29 15:59:10.962 [main] INFO  org.hibernate.Version - HHH000412: Hibernate Core {5.3.7.Final}
2019-10-29 15:59:10.972 [main] INFO  org.hibernate.cfg.Environment - HHH000206: hibernate.properties not found
2019-10-29 15:59:11.082 [main] INFO  org.hibernate.annotations.common.Version - HCANN000001: Hibernate Commons Annotations {5.0.4.Final}
2019-10-29 15:59:11.202 [main] INFO  org.hibernate.dialect.Dialect - HHH000400: Using dialect: org.hibernate.dialect.MySQL5Dialect
2019-10-29 15:59:11.772 [main] INFO  o.s.orm.jpa.LocalContainerEntityManagerFactoryBean - Initialized JPA EntityManagerFactory for persistence unit 'default'
2019-10-29 15:59:12.552 [main] INFO  o.s.scheduling.concurrent.ThreadPoolTaskExecutor - Initializing ExecutorService 'applicationTaskExecutor'
2019-10-29 15:59:12.642 [main] INFO  o.s.b.a.web.servlet.WelcomePageHandlerMapping - Adding welcome page: class path resource [static/index.html]
2019-10-29 15:59:12.742 [main] INFO  s.d.s.web.plugins.DocumentationPluginsBootstrapper - Context refreshed
2019-10-29 15:59:12.762 [main] INFO  s.d.s.web.plugins.DocumentationPluginsBootstrapper - Found {0} custom documentation plugin(s)
2019-10-29 15:59:12.762 [main] INFO  s.d.spring.web.scanners.ApiListingReferenceScanner - Scanning for api listing references
2019-10-29 15:59:12.772 [main] INFO  s.d.s.web.ClassOrApiAnnotationResourceGrouping - Group for method createSession was 用户登录接口
2019-10-29 15:59:12.772 [main] INFO  s.d.spring.web.scanners.ApiListingReferenceScanner - Request mapping: createSession belongs to groups: [[ResourceGroup{groupName='用户登录接口', position=0, controller=com.example.demo01.controller.LoginController}]] 
2019-10-29 15:59:12.772 [main] INFO  s.d.s.web.ClassOrApiAnnotationResourceGrouping - Group for method getList was order-controller
2019-10-29 15:59:12.772 [main] INFO  s.d.spring.web.scanners.ApiListingReferenceScanner - Request mapping: getList belongs to groups: [[ResourceGroup{groupName='order-controller', position=0, controller=com.example.demo01.controller.OrderController}]] 
2019-10-29 15:59:12.772 [main] INFO  s.d.s.web.ClassOrApiAnnotationResourceGrouping - Group for method index was order-controller
2019-10-29 15:59:12.772 [main] INFO  s.d.spring.web.scanners.ApiListingReferenceScanner - Request mapping: index belongs to groups: [[ResourceGroup{groupName='order-controller', position=0, controller=com.example.demo01.controller.OrderController}]] 
2019-10-29 15:59:12.772 [main] INFO  s.d.spring.web.scanners.ApiListingReferenceScanner - Created resource listing Path: /default/order-controller Description: order-controller Position: 0
2019-10-29 15:59:12.782 [main] INFO  s.d.spring.web.scanners.ApiListingReferenceScanner - Created resource listing Path: /default/用户登录接口 Description: 用户登录接口 Position: 0
2019-10-29 15:59:12.792 [main] INFO  s.documentation.schema.ModelContextKeyGenerator - Cache Key Generated: com.example.demo01.page.Pagination<com.example.demo01.model.OrderBo>(true)
2019-10-29 15:59:12.792 [main] INFO  s.documentation.spring.web.caching.CachingAspect - Caching aspect applied for cache models with key com.example.demo01.page.Pagination<com.example.demo01.model.OrderBo>(true)
2019-10-29 15:59:12.802 [main] INFO  s.d.schema.property.ModelPropertiesKeyGenerator - Cache key generated: com.example.demo01.page.Pagination<com.example.demo01.model.OrderBo>(true)
2019-10-29 15:59:12.802 [main] INFO  s.documentation.spring.web.caching.CachingAspect - Caching aspect applied for cache modelProperties with key com.example.demo01.page.Pagination<com.example.demo01.model.OrderBo>(true)
2019-10-29 15:59:12.832 [main] INFO  s.documentation.schema.ModelContextKeyGenerator - Cache Key Generated: com.example.demo01.page.Pagination<com.example.demo01.model.OrderBo>(true)
2019-10-29 15:59:12.832 [main] INFO  s.documentation.spring.web.caching.CachingAspect - Caching aspect applied for cache modelDependencies with key com.example.demo01.page.Pagination<com.example.demo01.model.OrderBo>(true)
2019-10-29 15:59:12.832 [main] INFO  s.d.schema.property.ModelPropertiesKeyGenerator - Cache key generated: com.example.demo01.model.OrderBo(true)
2019-10-29 15:59:12.832 [main] INFO  s.documentation.spring.web.caching.CachingAspect - Caching aspect applied for cache modelProperties with key com.example.demo01.model.OrderBo(true)
2019-10-29 15:59:12.832 [main] INFO  s.d.schema.property.ModelPropertiesKeyGenerator - Cache key generated: com.example.demo01.page.Pagination<com.example.demo01.model.OrderBo>(true)
2019-10-29 15:59:12.832 [main] INFO  s.documentation.spring.web.caching.CachingAspect - Caching aspect applied for cache modelProperties with key com.example.demo01.page.Pagination<com.example.demo01.model.OrderBo>(true)
2019-10-29 15:59:12.832 [main] INFO  s.d.schema.property.ModelPropertiesKeyGenerator - Cache key generated: com.example.demo01.model.OrderBo(true)
2019-10-29 15:59:12.832 [main] INFO  s.documentation.spring.web.caching.CachingAspect - Caching aspect applied for cache modelProperties with key com.example.demo01.model.OrderBo(true)
2019-10-29 15:59:12.842 [main] INFO  s.d.schema.property.ModelPropertiesKeyGenerator - Cache key generated: com.example.demo01.model.OrderBo(true)
2019-10-29 15:59:12.842 [main] INFO  s.documentation.spring.web.caching.CachingAspect - Caching aspect applied for cache modelProperties with key com.example.demo01.model.OrderBo(true)
2019-10-29 15:59:12.842 [main] INFO  s.documentation.spring.web.OperationsKeyGenerator - Cache key generated: /order/detail.com.example.demo01.controller.OrderController.getList.DefaultGenericTypeNamingStrategy
2019-10-29 15:59:12.842 [main] INFO  s.documentation.spring.web.caching.CachingAspect - Caching aspect applied for cache operations with key /order/detail.com.example.demo01.controller.OrderController.getList.DefaultGenericTypeNamingStrategy
2019-10-29 15:59:12.852 [main] INFO  s.d.s.web.ClassOrApiAnnotationResourceGrouping - Group for method getList was order-controller
2019-10-29 15:59:12.862 [main] INFO  s.d.s.web.ClassOrApiAnnotationResourceGrouping - Group for method getList was order-controller
2019-10-29 15:59:12.872 [main] INFO  s.documentation.schema.ModelContextKeyGenerator - Cache Key Generated: java.lang.String(true)
2019-10-29 15:59:12.872 [main] INFO  s.documentation.spring.web.caching.CachingAspect - Caching aspect applied for cache models with key java.lang.String(true)
2019-10-29 15:59:12.872 [main] INFO  s.documentation.schema.ModelContextKeyGenerator - Cache Key Generated: java.lang.String(true)
2019-10-29 15:59:12.872 [main] INFO  s.documentation.spring.web.caching.CachingAspect - Caching aspect applied for cache modelDependencies with key java.lang.String(true)
2019-10-29 15:59:12.872 [main] INFO  s.documentation.spring.web.OperationsKeyGenerator - Cache key generated: /order/index.com.example.demo01.controller.OrderController.index.DefaultGenericTypeNamingStrategy
2019-10-29 15:59:12.872 [main] INFO  s.documentation.spring.web.caching.CachingAspect - Caching aspect applied for cache operations with key /order/index.com.example.demo01.controller.OrderController.index.DefaultGenericTypeNamingStrategy
2019-10-29 15:59:12.872 [main] INFO  s.d.s.web.ClassOrApiAnnotationResourceGrouping - Group for method index was order-controller
2019-10-29 15:59:12.872 [main] INFO  s.d.s.web.ClassOrApiAnnotationResourceGrouping - Group for method index was order-controller
2019-10-29 15:59:12.882 [main] INFO  s.documentation.schema.ModelContextKeyGenerator - Cache Key Generated: java.lang.String(true)
2019-10-29 15:59:12.882 [main] INFO  s.documentation.spring.web.caching.CachingAspect - Caching aspect applied for cache models with key java.lang.String(true)
2019-10-29 15:59:12.882 [main] INFO  s.documentation.schema.ModelContextKeyGenerator - Cache Key Generated: java.lang.String(true)
2019-10-29 15:59:12.882 [main] INFO  s.documentation.spring.web.caching.CachingAspect - Caching aspect applied for cache modelDependencies with key java.lang.String(true)
2019-10-29 15:59:12.882 [main] INFO  s.documentation.schema.ModelContextKeyGenerator - Cache Key Generated: com.example.demo01.model.AdminLoginRequest(false)
2019-10-29 15:59:12.882 [main] INFO  s.documentation.spring.web.caching.CachingAspect - Caching aspect applied for cache models with key com.example.demo01.model.AdminLoginRequest(false)
2019-10-29 15:59:12.882 [main] INFO  s.d.schema.property.ModelPropertiesKeyGenerator - Cache key generated: com.example.demo01.model.AdminLoginRequest(false)
2019-10-29 15:59:12.882 [main] INFO  s.documentation.spring.web.caching.CachingAspect - Caching aspect applied for cache modelProperties with key com.example.demo01.model.AdminLoginRequest(false)
2019-10-29 15:59:12.882 [main] INFO  s.documentation.schema.ModelContextKeyGenerator - Cache Key Generated: com.example.demo01.model.AdminLoginRequest(false)
2019-10-29 15:59:12.882 [main] INFO  s.documentation.spring.web.caching.CachingAspect - Caching aspect applied for cache modelDependencies with key com.example.demo01.model.AdminLoginRequest(false)
2019-10-29 15:59:12.882 [main] INFO  s.d.schema.property.ModelPropertiesKeyGenerator - Cache key generated: com.example.demo01.model.AdminLoginRequest(false)
2019-10-29 15:59:12.882 [main] INFO  s.documentation.spring.web.caching.CachingAspect - Caching aspect applied for cache modelProperties with key com.example.demo01.model.AdminLoginRequest(false)
2019-10-29 15:59:12.882 [main] INFO  s.documentation.spring.web.OperationsKeyGenerator - Cache key generated: /login/create.com.example.demo01.controller.LoginController.createSession.DefaultGenericTypeNamingStrategy
2019-10-29 15:59:12.882 [main] INFO  s.documentation.spring.web.caching.CachingAspect - Caching aspect applied for cache operations with key /login/create.com.example.demo01.controller.LoginController.createSession.DefaultGenericTypeNamingStrategy
2019-10-29 15:59:12.882 [main] INFO  s.d.s.web.ClassOrApiAnnotationResourceGrouping - Group for method createSession was 用户登录接口
2019-10-29 15:59:12.882 [main] INFO  s.d.s.web.ClassOrApiAnnotationResourceGrouping - Group for method createSession was 用户登录接口
2019-10-29 15:59:13.022 [main] INFO  org.apache.coyote.http11.Http11NioProtocol - Starting ProtocolHandler ["http-nio-8090"]
2019-10-29 15:59:13.042 [main] INFO  o.s.boot.web.embedded.tomcat.TomcatWebServer - Tomcat started on port(s): 8090 (http) with context path ''
2019-10-29 15:59:13.042 [main] INFO  com.example.demo01.Demo01Application - Started Demo01Application in 4.45 seconds (JVM running for 5.114)
