2019-10-29 16:08:02.780 [main] INFO  com.example.demo01.Demo01Application - Starting Demo01Application on DESKTOP-AGAP1UM with PID 10756 (E:\demo01\target\classes started by admin in E:\demo01)
2019-10-29 16:08:02.780 [main] INFO  com.example.demo01.Demo01Application - No active profile set, falling back to default profiles: default
2019-10-29 16:08:03.510 [main] INFO  o.s.d.r.config.RepositoryConfigurationDelegate - Bootstrapping Spring Data repositories in DEFAULT mode.
2019-10-29 16:08:03.590 [main] INFO  o.s.d.r.config.RepositoryConfigurationDelegate - Finished Spring Data repository scanning in 70ms. Found 2 repository interfaces.
2019-10-29 16:08:03.890 [main] INFO  o.s.c.s.PostProcessorRegistrationDelegate$BeanPostProcessorChecker - Bean 'org.springframework.transaction.annotation.ProxyTransactionManagementConfiguration' of type [org.springframework.transaction.annotation.ProxyTransactionManagementConfiguration$$EnhancerBySpringCGLIB$$140e4164] is not eligible for getting processed by all BeanPostProcessors (for example: not eligible for auto-proxying)
2019-10-29 16:08:03.970 [main] INFO  o.s.c.s.PostProcessorRegistrationDelegate$BeanPostProcessorChecker - Bean 'org.springframework.hateoas.config.HateoasConfiguration' of type [org.springframework.hateoas.config.HateoasConfiguration$$EnhancerBySpringCGLIB$$938e8e96] is not eligible for getting processed by all BeanPostProcessors (for example: not eligible for auto-proxying)
2019-10-29 16:08:04.220 [main] INFO  o.s.boot.web.embedded.tomcat.TomcatWebServer - Tomcat initialized with port(s): 8090 (http)
2019-10-29 16:08:04.230 [main] INFO  org.apache.coyote.http11.Http11NioProtocol - Initializing ProtocolHandler ["http-nio-8090"]
2019-10-29 16:08:04.240 [main] INFO  org.apache.catalina.core.StandardService - Starting service [Tomcat]
2019-10-29 16:08:04.240 [main] INFO  org.apache.catalina.core.StandardEngine - Starting Servlet engine: [Apache Tomcat/9.0.14]
2019-10-29 16:08:04.250 [main] INFO  org.apache.catalina.core.AprLifecycleListener - The APR based Apache Tomcat Native library which allows optimal performance in production environments was not found on the java.library.path: [C:\Program Files\Java\jdk1.8.0_161\bin;C:\Windows\Sun\Java\bin;C:\Windows\system32;C:\Windows;C:\ProgramData\Oracle\Java\javapath;C:\Windows\system32;C:\Windows;C:\Windows\System32\Wbem;C:\Windows\System32\WindowsPowerShell\v1.0\;C:\Windows\System32\OpenSSH\;C:\Program Files\Java\jdk1.8.0_161\bin;C:\Program Files\Java\jdk1.8.0_161\jre\bin;C:\Program Files\Git\cmd;F:\apache-maven-3.3.9\bin;C:\Users\admin\AppData\Local\Microsoft\WindowsApps;;.]
2019-10-29 16:08:04.340 [main] INFO  o.a.c.core.ContainerBase.[Tomcat].[localhost].[/] - Initializing Spring embedded WebApplicationContext
2019-10-29 16:08:04.340 [main] INFO  org.springframework.web.context.ContextLoader - Root WebApplicationContext: initialization completed in 1520 ms
2019-10-29 16:08:04.540 [main] INFO  com.zaxxer.hikari.HikariDataSource - HikariPool-1 - Starting...
2019-10-29 16:08:04.630 [main] INFO  com.zaxxer.hikari.HikariDataSource - HikariPool-1 - Start completed.
2019-10-29 16:08:04.670 [main] INFO  org.hibernate.jpa.internal.util.LogHelper - HHH000204: Processing PersistenceUnitInfo [
	name: default
	...]
2019-10-29 16:08:04.730 [main] INFO  org.hibernate.Version - HHH000412: Hibernate Core {5.3.7.Final}
2019-10-29 16:08:04.730 [main] INFO  org.hibernate.cfg.Environment - HHH000206: hibernate.properties not found
2019-10-29 16:08:04.850 [main] INFO  org.hibernate.annotations.common.Version - HCANN000001: Hibernate Commons Annotations {5.0.4.Final}
2019-10-29 16:08:04.980 [main] INFO  org.hibernate.dialect.Dialect - HHH000400: Using dialect: org.hibernate.dialect.MySQL5Dialect
2019-10-29 16:08:05.580 [main] INFO  o.s.orm.jpa.LocalContainerEntityManagerFactoryBean - Initialized JPA EntityManagerFactory for persistence unit 'default'
2019-10-29 16:08:06.430 [main] INFO  o.s.scheduling.concurrent.ThreadPoolTaskExecutor - Initializing ExecutorService 'applicationTaskExecutor'
2019-10-29 16:08:06.500 [main] INFO  o.s.b.a.web.servlet.WelcomePageHandlerMapping - Adding welcome page: class path resource [static/index.html]
2019-10-29 16:08:06.620 [main] INFO  s.d.s.web.plugins.DocumentationPluginsBootstrapper - Context refreshed
2019-10-29 16:08:06.630 [main] INFO  s.d.s.web.plugins.DocumentationPluginsBootstrapper - Found {0} custom documentation plugin(s)
2019-10-29 16:08:06.640 [main] INFO  s.d.spring.web.scanners.ApiListingReferenceScanner - Scanning for api listing references
2019-10-29 16:08:06.640 [main] INFO  s.d.s.web.ClassOrApiAnnotationResourceGrouping - Group for method createSession was 用户登录接口
2019-10-29 16:08:06.640 [main] INFO  s.d.spring.web.scanners.ApiListingReferenceScanner - Request mapping: createSession belongs to groups: [[ResourceGroup{groupName='用户登录接口', position=0, controller=com.example.demo01.controller.LoginController}]] 
2019-10-29 16:08:06.640 [main] INFO  s.d.s.web.ClassOrApiAnnotationResourceGrouping - Group for method getList was order-controller
2019-10-29 16:08:06.640 [main] INFO  s.d.spring.web.scanners.ApiListingReferenceScanner - Request mapping: getList belongs to groups: [[ResourceGroup{groupName='order-controller', position=0, controller=com.example.demo01.controller.OrderController}]] 
2019-10-29 16:08:06.640 [main] INFO  s.d.s.web.ClassOrApiAnnotationResourceGrouping - Group for method index was order-controller
2019-10-29 16:08:06.640 [main] INFO  s.d.spring.web.scanners.ApiListingReferenceScanner - Request mapping: index belongs to groups: [[ResourceGroup{groupName='order-controller', position=0, controller=com.example.demo01.controller.OrderController}]] 
2019-10-29 16:08:06.650 [main] INFO  s.d.spring.web.scanners.ApiListingReferenceScanner - Created resource listing Path: /default/用户登录接口 Description: 用户登录接口 Position: 0
2019-10-29 16:08:06.650 [main] INFO  s.d.spring.web.scanners.ApiListingReferenceScanner - Created resource listing Path: /default/order-controller Description: order-controller Position: 0
2019-10-29 16:08:06.660 [main] INFO  s.documentation.schema.ModelContextKeyGenerator - Cache Key Generated: com.example.demo01.page.Pagination<com.example.demo01.model.OrderBo>(true)
2019-10-29 16:08:06.660 [main] INFO  s.documentation.spring.web.caching.CachingAspect - Caching aspect applied for cache models with key com.example.demo01.page.Pagination<com.example.demo01.model.OrderBo>(true)
2019-10-29 16:08:06.670 [main] INFO  s.d.schema.property.ModelPropertiesKeyGenerator - Cache key generated: com.example.demo01.page.Pagination<com.example.demo01.model.OrderBo>(true)
2019-10-29 16:08:06.670 [main] INFO  s.documentation.spring.web.caching.CachingAspect - Caching aspect applied for cache modelProperties with key com.example.demo01.page.Pagination<com.example.demo01.model.OrderBo>(true)
2019-10-29 16:08:06.700 [main] INFO  s.documentation.schema.ModelContextKeyGenerator - Cache Key Generated: com.example.demo01.page.Pagination<com.example.demo01.model.OrderBo>(true)
2019-10-29 16:08:06.700 [main] INFO  s.documentation.spring.web.caching.CachingAspect - Caching aspect applied for cache modelDependencies with key com.example.demo01.page.Pagination<com.example.demo01.model.OrderBo>(true)
2019-10-29 16:08:06.700 [main] INFO  s.d.schema.property.ModelPropertiesKeyGenerator - Cache key generated: com.example.demo01.model.OrderBo(true)
2019-10-29 16:08:06.700 [main] INFO  s.documentation.spring.web.caching.CachingAspect - Caching aspect applied for cache modelProperties with key com.example.demo01.model.OrderBo(true)
2019-10-29 16:08:06.700 [main] INFO  s.d.schema.property.ModelPropertiesKeyGenerator - Cache key generated: com.example.demo01.page.Pagination<com.example.demo01.model.OrderBo>(true)
2019-10-29 16:08:06.700 [main] INFO  s.documentation.spring.web.caching.CachingAspect - Caching aspect applied for cache modelProperties with key com.example.demo01.page.Pagination<com.example.demo01.model.OrderBo>(true)
2019-10-29 16:08:06.700 [main] INFO  s.d.schema.property.ModelPropertiesKeyGenerator - Cache key generated: com.example.demo01.model.OrderBo(true)
2019-10-29 16:08:06.700 [main] INFO  s.documentation.spring.web.caching.CachingAspect - Caching aspect applied for cache modelProperties with key com.example.demo01.model.OrderBo(true)
2019-10-29 16:08:06.710 [main] INFO  s.d.schema.property.ModelPropertiesKeyGenerator - Cache key generated: com.example.demo01.model.OrderBo(true)
2019-10-29 16:08:06.710 [main] INFO  s.documentation.spring.web.caching.CachingAspect - Caching aspect applied for cache modelProperties with key com.example.demo01.model.OrderBo(true)
2019-10-29 16:08:06.710 [main] INFO  s.documentation.spring.web.OperationsKeyGenerator - Cache key generated: /order/detail.com.example.demo01.controller.OrderController.getList.DefaultGenericTypeNamingStrategy
2019-10-29 16:08:06.710 [main] INFO  s.documentation.spring.web.caching.CachingAspect - Caching aspect applied for cache operations with key /order/detail.com.example.demo01.controller.OrderController.getList.DefaultGenericTypeNamingStrategy
2019-10-29 16:08:06.720 [main] INFO  s.d.s.web.ClassOrApiAnnotationResourceGrouping - Group for method getList was order-controller
2019-10-29 16:08:06.730 [main] INFO  s.d.s.web.ClassOrApiAnnotationResourceGrouping - Group for method getList was order-controller
2019-10-29 16:08:06.740 [main] INFO  s.documentation.schema.ModelContextKeyGenerator - Cache Key Generated: java.lang.String(true)
2019-10-29 16:08:06.740 [main] INFO  s.documentation.spring.web.caching.CachingAspect - Caching aspect applied for cache models with key java.lang.String(true)
2019-10-29 16:08:06.740 [main] INFO  s.documentation.schema.ModelContextKeyGenerator - Cache Key Generated: java.lang.String(true)
2019-10-29 16:08:06.740 [main] INFO  s.documentation.spring.web.caching.CachingAspect - Caching aspect applied for cache modelDependencies with key java.lang.String(true)
2019-10-29 16:08:06.740 [main] INFO  s.documentation.spring.web.OperationsKeyGenerator - Cache key generated: /order/index.com.example.demo01.controller.OrderController.index.DefaultGenericTypeNamingStrategy
2019-10-29 16:08:06.740 [main] INFO  s.documentation.spring.web.caching.CachingAspect - Caching aspect applied for cache operations with key /order/index.com.example.demo01.controller.OrderController.index.DefaultGenericTypeNamingStrategy
2019-10-29 16:08:06.740 [main] INFO  s.d.s.web.ClassOrApiAnnotationResourceGrouping - Group for method index was order-controller
2019-10-29 16:08:06.740 [main] INFO  s.d.s.web.ClassOrApiAnnotationResourceGrouping - Group for method index was order-controller
2019-10-29 16:08:06.750 [main] INFO  s.documentation.schema.ModelContextKeyGenerator - Cache Key Generated: java.lang.String(true)
2019-10-29 16:08:06.750 [main] INFO  s.documentation.spring.web.caching.CachingAspect - Caching aspect applied for cache models with key java.lang.String(true)
2019-10-29 16:08:06.750 [main] INFO  s.documentation.schema.ModelContextKeyGenerator - Cache Key Generated: java.lang.String(true)
2019-10-29 16:08:06.750 [main] INFO  s.documentation.spring.web.caching.CachingAspect - Caching aspect applied for cache modelDependencies with key java.lang.String(true)
2019-10-29 16:08:06.750 [main] INFO  s.documentation.schema.ModelContextKeyGenerator - Cache Key Generated: com.example.demo01.model.AdminLoginRequest(false)
2019-10-29 16:08:06.750 [main] INFO  s.documentation.spring.web.caching.CachingAspect - Caching aspect applied for cache models with key com.example.demo01.model.AdminLoginRequest(false)
2019-10-29 16:08:06.750 [main] INFO  s.d.schema.property.ModelPropertiesKeyGenerator - Cache key generated: com.example.demo01.model.AdminLoginRequest(false)
2019-10-29 16:08:06.750 [main] INFO  s.documentation.spring.web.caching.CachingAspect - Caching aspect applied for cache modelProperties with key com.example.demo01.model.AdminLoginRequest(false)
2019-10-29 16:08:06.750 [main] INFO  s.documentation.schema.ModelContextKeyGenerator - Cache Key Generated: com.example.demo01.model.AdminLoginRequest(false)
2019-10-29 16:08:06.750 [main] INFO  s.documentation.spring.web.caching.CachingAspect - Caching aspect applied for cache modelDependencies with key com.example.demo01.model.AdminLoginRequest(false)
2019-10-29 16:08:06.750 [main] INFO  s.d.schema.property.ModelPropertiesKeyGenerator - Cache key generated: com.example.demo01.model.AdminLoginRequest(false)
2019-10-29 16:08:06.750 [main] INFO  s.documentation.spring.web.caching.CachingAspect - Caching aspect applied for cache modelProperties with key com.example.demo01.model.AdminLoginRequest(false)
2019-10-29 16:08:06.750 [main] INFO  s.documentation.spring.web.OperationsKeyGenerator - Cache key generated: /login/create.com.example.demo01.controller.LoginController.createSession.DefaultGenericTypeNamingStrategy
2019-10-29 16:08:06.750 [main] INFO  s.documentation.spring.web.caching.CachingAspect - Caching aspect applied for cache operations with key /login/create.com.example.demo01.controller.LoginController.createSession.DefaultGenericTypeNamingStrategy
2019-10-29 16:08:06.750 [main] INFO  s.d.s.web.ClassOrApiAnnotationResourceGrouping - Group for method createSession was 用户登录接口
2019-10-29 16:08:06.750 [main] INFO  s.d.s.web.ClassOrApiAnnotationResourceGrouping - Group for method createSession was 用户登录接口
2019-10-29 16:08:06.760 [main] INFO  org.apache.coyote.http11.Http11NioProtocol - Starting ProtocolHandler ["http-nio-8090"]
2019-10-29 16:08:06.780 [main] INFO  o.s.boot.web.embedded.tomcat.TomcatWebServer - Tomcat started on port(s): 8090 (http) with context path ''
2019-10-29 16:08:06.780 [main] INFO  com.example.demo01.Demo01Application - Started Demo01Application in 4.49 seconds (JVM running for 5.195)
2019-10-29 16:11:10.200 [main] INFO  com.example.demo01.Demo01Application - Starting Demo01Application on DESKTOP-AGAP1UM with PID 8016 (E:\demo01\target\classes started by admin in E:\demo01)
2019-10-29 16:11:10.210 [main] INFO  com.example.demo01.Demo01Application - No active profile set, falling back to default profiles: default
2019-10-29 16:11:10.920 [main] INFO  o.s.d.r.config.RepositoryConfigurationDelegate - Bootstrapping Spring Data repositories in DEFAULT mode.
2019-10-29 16:11:10.990 [main] INFO  o.s.d.r.config.RepositoryConfigurationDelegate - Finished Spring Data repository scanning in 60ms. Found 2 repository interfaces.
2019-10-29 16:11:11.270 [main] INFO  o.s.c.s.PostProcessorRegistrationDelegate$BeanPostProcessorChecker - Bean 'org.springframework.transaction.annotation.ProxyTransactionManagementConfiguration' of type [org.springframework.transaction.annotation.ProxyTransactionManagementConfiguration$$EnhancerBySpringCGLIB$$9ec1f253] is not eligible for getting processed by all BeanPostProcessors (for example: not eligible for auto-proxying)
2019-10-29 16:11:11.350 [main] INFO  o.s.c.s.PostProcessorRegistrationDelegate$BeanPostProcessorChecker - Bean 'org.springframework.hateoas.config.HateoasConfiguration' of type [org.springframework.hateoas.config.HateoasConfiguration$$EnhancerBySpringCGLIB$$1e423f85] is not eligible for getting processed by all BeanPostProcessors (for example: not eligible for auto-proxying)
2019-10-29 16:11:11.610 [main] INFO  o.s.boot.web.embedded.tomcat.TomcatWebServer - Tomcat initialized with port(s): 8090 (http)
2019-10-29 16:11:11.620 [main] INFO  org.apache.coyote.http11.Http11NioProtocol - Initializing ProtocolHandler ["http-nio-8090"]
2019-10-29 16:11:11.620 [main] INFO  org.apache.catalina.core.StandardService - Starting service [Tomcat]
2019-10-29 16:11:11.620 [main] INFO  org.apache.catalina.core.StandardEngine - Starting Servlet engine: [Apache Tomcat/9.0.14]
2019-10-29 16:11:11.630 [main] INFO  org.apache.catalina.core.AprLifecycleListener - The APR based Apache Tomcat Native library which allows optimal performance in production environments was not found on the java.library.path: [C:\Program Files\Java\jdk1.8.0_161\bin;C:\Windows\Sun\Java\bin;C:\Windows\system32;C:\Windows;C:\ProgramData\Oracle\Java\javapath;C:\Windows\system32;C:\Windows;C:\Windows\System32\Wbem;C:\Windows\System32\WindowsPowerShell\v1.0\;C:\Windows\System32\OpenSSH\;C:\Program Files\Java\jdk1.8.0_161\bin;C:\Program Files\Java\jdk1.8.0_161\jre\bin;C:\Program Files\Git\cmd;F:\apache-maven-3.3.9\bin;C:\Users\admin\AppData\Local\Microsoft\WindowsApps;;.]
2019-10-29 16:11:11.770 [main] INFO  o.a.c.core.ContainerBase.[Tomcat].[localhost].[/] - Initializing Spring embedded WebApplicationContext
2019-10-29 16:11:11.770 [main] INFO  org.springframework.web.context.ContextLoader - Root WebApplicationContext: initialization completed in 1520 ms
2019-10-29 16:11:11.910 [main] INFO  com.zaxxer.hikari.HikariDataSource - HikariPool-1 - Starting...
2019-10-29 16:11:12.000 [main] INFO  com.zaxxer.hikari.HikariDataSource - HikariPool-1 - Start completed.
2019-10-29 16:11:12.110 [main] INFO  org.hibernate.Version - HHH000412: Hibernate Core {5.3.7.Final}
2019-10-29 16:11:12.110 [main] INFO  org.hibernate.cfg.Environment - HHH000206: hibernate.properties not found
2019-10-29 16:11:12.280 [main] INFO  org.hibernate.annotations.common.Version - HCANN000001: Hibernate Commons Annotations {5.0.4.Final}
2019-10-29 16:11:12.480 [main] INFO  org.hibernate.dialect.Dialect - HHH000400: Using dialect: org.hibernate.dialect.MySQL5Dialect
2019-10-29 16:11:13.040 [main] INFO  o.s.orm.jpa.LocalContainerEntityManagerFactoryBean - Initialized JPA EntityManagerFactory for persistence unit 'default'
2019-10-29 16:11:13.800 [main] INFO  o.s.scheduling.concurrent.ThreadPoolTaskExecutor - Initializing ExecutorService 'applicationTaskExecutor'
2019-10-29 16:11:13.870 [main] INFO  o.s.b.a.web.servlet.WelcomePageHandlerMapping - Adding welcome page: class path resource [static/index.html]
2019-10-29 16:11:13.970 [main] INFO  s.d.s.web.plugins.DocumentationPluginsBootstrapper - Context refreshed
2019-10-29 16:11:13.980 [main] INFO  s.d.s.web.plugins.DocumentationPluginsBootstrapper - Found {0} custom documentation plugin(s)
2019-10-29 16:11:13.990 [main] INFO  s.d.spring.web.scanners.ApiListingReferenceScanner - Scanning for api listing references
2019-10-29 16:11:13.990 [main] INFO  s.d.s.web.ClassOrApiAnnotationResourceGrouping - Group for method createSession was 用户登录接口
2019-10-29 16:11:13.990 [main] INFO  s.d.spring.web.scanners.ApiListingReferenceScanner - Request mapping: createSession belongs to groups: [[ResourceGroup{groupName='用户登录接口', position=0, controller=com.example.demo01.controller.LoginController}]] 
2019-10-29 16:11:13.990 [main] INFO  s.d.s.web.ClassOrApiAnnotationResourceGrouping - Group for method getList was order-controller
2019-10-29 16:11:13.990 [main] INFO  s.d.spring.web.scanners.ApiListingReferenceScanner - Request mapping: getList belongs to groups: [[ResourceGroup{groupName='order-controller', position=0, controller=com.example.demo01.controller.OrderController}]] 
2019-10-29 16:11:13.990 [main] INFO  s.d.s.web.ClassOrApiAnnotationResourceGrouping - Group for method index was order-controller
2019-10-29 16:11:13.990 [main] INFO  s.d.spring.web.scanners.ApiListingReferenceScanner - Request mapping: index belongs to groups: [[ResourceGroup{groupName='order-controller', position=0, controller=com.example.demo01.controller.OrderController}]] 
2019-10-29 16:11:14.000 [main] INFO  s.d.spring.web.scanners.ApiListingReferenceScanner - Created resource listing Path: /default/用户登录接口 Description: 用户登录接口 Position: 0
2019-10-29 16:11:14.000 [main] INFO  s.d.spring.web.scanners.ApiListingReferenceScanner - Created resource listing Path: /default/order-controller Description: order-controller Position: 0
2019-10-29 16:11:14.020 [main] INFO  s.documentation.schema.ModelContextKeyGenerator - Cache Key Generated: com.example.demo01.page.Pagination<com.example.demo01.model.OrderBo>(true)
2019-10-29 16:11:14.020 [main] INFO  s.documentation.spring.web.caching.CachingAspect - Caching aspect applied for cache models with key com.example.demo01.page.Pagination<com.example.demo01.model.OrderBo>(true)
2019-10-29 16:11:14.020 [main] INFO  s.d.schema.property.ModelPropertiesKeyGenerator - Cache key generated: com.example.demo01.page.Pagination<com.example.demo01.model.OrderBo>(true)
2019-10-29 16:11:14.020 [main] INFO  s.documentation.spring.web.caching.CachingAspect - Caching aspect applied for cache modelProperties with key com.example.demo01.page.Pagination<com.example.demo01.model.OrderBo>(true)
2019-10-29 16:11:14.050 [main] INFO  s.documentation.schema.ModelContextKeyGenerator - Cache Key Generated: com.example.demo01.page.Pagination<com.example.demo01.model.OrderBo>(true)
2019-10-29 16:11:14.050 [main] INFO  s.documentation.spring.web.caching.CachingAspect - Caching aspect applied for cache modelDependencies with key com.example.demo01.page.Pagination<com.example.demo01.model.OrderBo>(true)
2019-10-29 16:11:14.050 [main] INFO  s.d.schema.property.ModelPropertiesKeyGenerator - Cache key generated: com.example.demo01.model.OrderBo(true)
2019-10-29 16:11:14.050 [main] INFO  s.documentation.spring.web.caching.CachingAspect - Caching aspect applied for cache modelProperties with key com.example.demo01.model.OrderBo(true)
2019-10-29 16:11:14.060 [main] INFO  s.d.schema.property.ModelPropertiesKeyGenerator - Cache key generated: com.example.demo01.page.Pagination<com.example.demo01.model.OrderBo>(true)
2019-10-29 16:11:14.060 [main] INFO  s.documentation.spring.web.caching.CachingAspect - Caching aspect applied for cache modelProperties with key com.example.demo01.page.Pagination<com.example.demo01.model.OrderBo>(true)
2019-10-29 16:11:14.060 [main] INFO  s.d.schema.property.ModelPropertiesKeyGenerator - Cache key generated: com.example.demo01.model.OrderBo(true)
2019-10-29 16:11:14.060 [main] INFO  s.documentation.spring.web.caching.CachingAspect - Caching aspect applied for cache modelProperties with key com.example.demo01.model.OrderBo(true)
2019-10-29 16:11:14.060 [main] INFO  s.d.schema.property.ModelPropertiesKeyGenerator - Cache key generated: com.example.demo01.model.OrderBo(true)
2019-10-29 16:11:14.060 [main] INFO  s.documentation.spring.web.caching.CachingAspect - Caching aspect applied for cache modelProperties with key com.example.demo01.model.OrderBo(true)
2019-10-29 16:11:14.060 [main] INFO  s.documentation.spring.web.OperationsKeyGenerator - Cache key generated: /order/detail.com.example.demo01.controller.OrderController.getList.DefaultGenericTypeNamingStrategy
2019-10-29 16:11:14.060 [main] INFO  s.documentation.spring.web.caching.CachingAspect - Caching aspect applied for cache operations with key /order/detail.com.example.demo01.controller.OrderController.getList.DefaultGenericTypeNamingStrategy
2019-10-29 16:11:14.070 [main] INFO  s.d.s.web.ClassOrApiAnnotationResourceGrouping - Group for method getList was order-controller
2019-10-29 16:11:14.080 [main] INFO  s.d.s.web.ClassOrApiAnnotationResourceGrouping - Group for method getList was order-controller
2019-10-29 16:11:14.090 [main] INFO  s.documentation.schema.ModelContextKeyGenerator - Cache Key Generated: java.lang.String(true)
2019-10-29 16:11:14.090 [main] INFO  s.documentation.spring.web.caching.CachingAspect - Caching aspect applied for cache models with key java.lang.String(true)
2019-10-29 16:11:14.090 [main] INFO  s.documentation.schema.ModelContextKeyGenerator - Cache Key Generated: java.lang.String(true)
2019-10-29 16:11:14.090 [main] INFO  s.documentation.spring.web.caching.CachingAspect - Caching aspect applied for cache modelDependencies with key java.lang.String(true)
2019-10-29 16:11:14.090 [main] INFO  s.documentation.spring.web.OperationsKeyGenerator - Cache key generated: /order/index.com.example.demo01.controller.OrderController.index.DefaultGenericTypeNamingStrategy
2019-10-29 16:11:14.090 [main] INFO  s.documentation.spring.web.caching.CachingAspect - Caching aspect applied for cache operations with key /order/index.com.example.demo01.controller.OrderController.index.DefaultGenericTypeNamingStrategy
2019-10-29 16:11:14.090 [main] INFO  s.d.s.web.ClassOrApiAnnotationResourceGrouping - Group for method index was order-controller
2019-10-29 16:11:14.090 [main] INFO  s.d.s.web.ClassOrApiAnnotationResourceGrouping - Group for method index was order-controller
2019-10-29 16:11:14.100 [main] INFO  s.documentation.schema.ModelContextKeyGenerator - Cache Key Generated: java.lang.String(true)
2019-10-29 16:11:14.100 [main] INFO  s.documentation.spring.web.caching.CachingAspect - Caching aspect applied for cache models with key java.lang.String(true)
2019-10-29 16:11:14.100 [main] INFO  s.documentation.schema.ModelContextKeyGenerator - Cache Key Generated: java.lang.String(true)
2019-10-29 16:11:14.100 [main] INFO  s.documentation.spring.web.caching.CachingAspect - Caching aspect applied for cache modelDependencies with key java.lang.String(true)
2019-10-29 16:11:14.100 [main] INFO  s.documentation.schema.ModelContextKeyGenerator - Cache Key Generated: com.example.demo01.model.AdminLoginRequest(false)
2019-10-29 16:11:14.100 [main] INFO  s.documentation.spring.web.caching.CachingAspect - Caching aspect applied for cache models with key com.example.demo01.model.AdminLoginRequest(false)
2019-10-29 16:11:14.100 [main] INFO  s.d.schema.property.ModelPropertiesKeyGenerator - Cache key generated: com.example.demo01.model.AdminLoginRequest(false)
2019-10-29 16:11:14.100 [main] INFO  s.documentation.spring.web.caching.CachingAspect - Caching aspect applied for cache modelProperties with key com.example.demo01.model.AdminLoginRequest(false)
2019-10-29 16:11:14.100 [main] INFO  s.documentation.schema.ModelContextKeyGenerator - Cache Key Generated: com.example.demo01.model.AdminLoginRequest(false)
2019-10-29 16:11:14.100 [main] INFO  s.documentation.spring.web.caching.CachingAspect - Caching aspect applied for cache modelDependencies with key com.example.demo01.model.AdminLoginRequest(false)
2019-10-29 16:11:14.100 [main] INFO  s.d.schema.property.ModelPropertiesKeyGenerator - Cache key generated: com.example.demo01.model.AdminLoginRequest(false)
2019-10-29 16:11:14.100 [main] INFO  s.documentation.spring.web.caching.CachingAspect - Caching aspect applied for cache modelProperties with key com.example.demo01.model.AdminLoginRequest(false)
2019-10-29 16:11:14.100 [main] INFO  s.documentation.spring.web.OperationsKeyGenerator - Cache key generated: /login/create.com.example.demo01.controller.LoginController.createSession.DefaultGenericTypeNamingStrategy
2019-10-29 16:11:14.100 [main] INFO  s.documentation.spring.web.caching.CachingAspect - Caching aspect applied for cache operations with key /login/create.com.example.demo01.controller.LoginController.createSession.DefaultGenericTypeNamingStrategy
2019-10-29 16:11:14.100 [main] INFO  s.d.s.web.ClassOrApiAnnotationResourceGrouping - Group for method createSession was 用户登录接口
2019-10-29 16:11:14.100 [main] INFO  s.d.s.web.ClassOrApiAnnotationResourceGrouping - Group for method createSession was 用户登录接口
2019-10-29 16:11:14.240 [main] INFO  org.apache.coyote.http11.Http11NioProtocol - Starting ProtocolHandler ["http-nio-8090"]
2019-10-29 16:11:14.260 [main] INFO  o.s.boot.web.embedded.tomcat.TomcatWebServer - Tomcat started on port(s): 8090 (http) with context path ''
2019-10-29 16:11:14.260 [main] INFO  com.example.demo01.Demo01Application - Started Demo01Application in 4.53 seconds (JVM running for 5.218)
2019-10-29 16:18:22.918 [main] INFO  com.example.demo01.Demo01Application - Starting Demo01Application on DESKTOP-AGAP1UM with PID 12840 (E:\demo01\target\classes started by admin in E:\demo01)
2019-10-29 16:18:22.928 [main] INFO  com.example.demo01.Demo01Application - No active profile set, falling back to default profiles: default
2019-10-29 16:18:23.638 [main] INFO  o.s.d.r.config.RepositoryConfigurationDelegate - Bootstrapping Spring Data repositories in DEFAULT mode.
2019-10-29 16:18:23.708 [main] INFO  o.s.d.r.config.RepositoryConfigurationDelegate - Finished Spring Data repository scanning in 70ms. Found 2 repository interfaces.
2019-10-29 16:18:23.998 [main] INFO  o.s.c.s.PostProcessorRegistrationDelegate$BeanPostProcessorChecker - Bean 'org.springframework.transaction.annotation.ProxyTransactionManagementConfiguration' of type [org.springframework.transaction.annotation.ProxyTransactionManagementConfiguration$$EnhancerBySpringCGLIB$$e851c60a] is not eligible for getting processed by all BeanPostProcessors (for example: not eligible for auto-proxying)
2019-10-29 16:18:24.068 [main] INFO  o.s.c.s.PostProcessorRegistrationDelegate$BeanPostProcessorChecker - Bean 'org.springframework.hateoas.config.HateoasConfiguration' of type [org.springframework.hateoas.config.HateoasConfiguration$$EnhancerBySpringCGLIB$$67d2133c] is not eligible for getting processed by all BeanPostProcessors (for example: not eligible for auto-proxying)
2019-10-29 16:18:24.338 [main] INFO  o.s.boot.web.embedded.tomcat.TomcatWebServer - Tomcat initialized with port(s): 8090 (http)
2019-10-29 16:18:24.348 [main] INFO  org.apache.coyote.http11.Http11NioProtocol - Initializing ProtocolHandler ["http-nio-8090"]
2019-10-29 16:18:24.358 [main] INFO  org.apache.catalina.core.StandardService - Starting service [Tomcat]
2019-10-29 16:18:24.358 [main] INFO  org.apache.catalina.core.StandardEngine - Starting Servlet engine: [Apache Tomcat/9.0.14]
2019-10-29 16:18:24.358 [main] INFO  org.apache.catalina.core.AprLifecycleListener - The APR based Apache Tomcat Native library which allows optimal performance in production environments was not found on the java.library.path: [C:\Program Files\Java\jdk1.8.0_161\bin;C:\Windows\Sun\Java\bin;C:\Windows\system32;C:\Windows;C:\ProgramData\Oracle\Java\javapath;C:\Windows\system32;C:\Windows;C:\Windows\System32\Wbem;C:\Windows\System32\WindowsPowerShell\v1.0\;C:\Windows\System32\OpenSSH\;C:\Program Files\Java\jdk1.8.0_161\bin;C:\Program Files\Java\jdk1.8.0_161\jre\bin;C:\Program Files\Git\cmd;F:\apache-maven-3.3.9\bin;C:\Users\admin\AppData\Local\Microsoft\WindowsApps;;.]
2019-10-29 16:18:24.458 [main] INFO  o.a.c.core.ContainerBase.[Tomcat].[localhost].[/] - Initializing Spring embedded WebApplicationContext
2019-10-29 16:18:24.458 [main] INFO  org.springframework.web.context.ContextLoader - Root WebApplicationContext: initialization completed in 1490 ms
2019-10-29 16:18:24.638 [main] INFO  com.zaxxer.hikari.HikariDataSource - HikariPool-1 - Starting...
2019-10-29 16:18:24.728 [main] INFO  com.zaxxer.hikari.HikariDataSource - HikariPool-1 - Start completed.
2019-10-29 16:18:24.768 [main] INFO  org.hibernate.jpa.internal.util.LogHelper - HHH000204: Processing PersistenceUnitInfo [
	name: default
	...]
2019-10-29 16:18:24.828 [main] INFO  org.hibernate.Version - HHH000412: Hibernate Core {5.3.7.Final}
2019-10-29 16:18:24.828 [main] INFO  org.hibernate.cfg.Environment - HHH000206: hibernate.properties not found
2019-10-29 16:18:24.938 [main] INFO  org.hibernate.annotations.common.Version - HCANN000001: Hibernate Commons Annotations {5.0.4.Final}
2019-10-29 16:18:25.058 [main] INFO  org.hibernate.dialect.Dialect - HHH000400: Using dialect: org.hibernate.dialect.MySQL5Dialect
2019-10-29 16:18:25.638 [main] INFO  o.s.orm.jpa.LocalContainerEntityManagerFactoryBean - Initialized JPA EntityManagerFactory for persistence unit 'default'
2019-10-29 16:18:26.408 [main] INFO  o.s.scheduling.concurrent.ThreadPoolTaskExecutor - Initializing ExecutorService 'applicationTaskExecutor'
2019-10-29 16:18:26.478 [main] INFO  o.s.b.a.web.servlet.WelcomePageHandlerMapping - Adding welcome page: class path resource [static/index.html]
2019-10-29 16:18:26.578 [main] INFO  s.d.s.web.plugins.DocumentationPluginsBootstrapper - Context refreshed
2019-10-29 16:18:26.588 [main] INFO  s.d.s.web.plugins.DocumentationPluginsBootstrapper - Found {0} custom documentation plugin(s)
2019-10-29 16:18:26.598 [main] INFO  s.d.spring.web.scanners.ApiListingReferenceScanner - Scanning for api listing references
2019-10-29 16:18:26.598 [main] INFO  s.d.s.web.ClassOrApiAnnotationResourceGrouping - Group for method createSession was 用户登录接口
2019-10-29 16:18:26.598 [main] INFO  s.d.spring.web.scanners.ApiListingReferenceScanner - Request mapping: createSession belongs to groups: [[ResourceGroup{groupName='用户登录接口', position=0, controller=com.example.demo01.controller.LoginController}]] 
2019-10-29 16:18:26.598 [main] INFO  s.d.s.web.ClassOrApiAnnotationResourceGrouping - Group for method getList was order-controller
2019-10-29 16:18:26.608 [main] INFO  s.d.spring.web.scanners.ApiListingReferenceScanner - Request mapping: getList belongs to groups: [[ResourceGroup{groupName='order-controller', position=0, controller=com.example.demo01.controller.OrderController}]] 
2019-10-29 16:18:26.608 [main] INFO  s.d.s.web.ClassOrApiAnnotationResourceGrouping - Group for method index was order-controller
2019-10-29 16:18:26.608 [main] INFO  s.d.spring.web.scanners.ApiListingReferenceScanner - Request mapping: index belongs to groups: [[ResourceGroup{groupName='order-controller', position=0, controller=com.example.demo01.controller.OrderController}]] 
2019-10-29 16:18:26.608 [main] INFO  s.d.spring.web.scanners.ApiListingReferenceScanner - Created resource listing Path: /default/order-controller Description: order-controller Position: 0
2019-10-29 16:18:26.608 [main] INFO  s.d.spring.web.scanners.ApiListingReferenceScanner - Created resource listing Path: /default/用户登录接口 Description: 用户登录接口 Position: 0
2019-10-29 16:18:26.628 [main] INFO  s.documentation.schema.ModelContextKeyGenerator - Cache Key Generated: com.example.demo01.page.Pagination<com.example.demo01.model.OrderBo>(true)
2019-10-29 16:18:26.628 [main] INFO  s.documentation.spring.web.caching.CachingAspect - Caching aspect applied for cache models with key com.example.demo01.page.Pagination<com.example.demo01.model.OrderBo>(true)
2019-10-29 16:18:26.628 [main] INFO  s.d.schema.property.ModelPropertiesKeyGenerator - Cache key generated: com.example.demo01.page.Pagination<com.example.demo01.model.OrderBo>(true)
2019-10-29 16:18:26.628 [main] INFO  s.documentation.spring.web.caching.CachingAspect - Caching aspect applied for cache modelProperties with key com.example.demo01.page.Pagination<com.example.demo01.model.OrderBo>(true)
2019-10-29 16:18:26.658 [main] INFO  s.documentation.schema.ModelContextKeyGenerator - Cache Key Generated: com.example.demo01.page.Pagination<com.example.demo01.model.OrderBo>(true)
2019-10-29 16:18:26.658 [main] INFO  s.documentation.spring.web.caching.CachingAspect - Caching aspect applied for cache modelDependencies with key com.example.demo01.page.Pagination<com.example.demo01.model.OrderBo>(true)
2019-10-29 16:18:26.658 [main] INFO  s.d.schema.property.ModelPropertiesKeyGenerator - Cache key generated: com.example.demo01.model.OrderBo(true)
2019-10-29 16:18:26.658 [main] INFO  s.documentation.spring.web.caching.CachingAspect - Caching aspect applied for cache modelProperties with key com.example.demo01.model.OrderBo(true)
2019-10-29 16:18:26.668 [main] INFO  s.d.schema.property.ModelPropertiesKeyGenerator - Cache key generated: com.example.demo01.page.Pagination<com.example.demo01.model.OrderBo>(true)
2019-10-29 16:18:26.668 [main] INFO  s.documentation.spring.web.caching.CachingAspect - Caching aspect applied for cache modelProperties with key com.example.demo01.page.Pagination<com.example.demo01.model.OrderBo>(true)
2019-10-29 16:18:26.668 [main] INFO  s.d.schema.property.ModelPropertiesKeyGenerator - Cache key generated: com.example.demo01.model.OrderBo(true)
2019-10-29 16:18:26.668 [main] INFO  s.documentation.spring.web.caching.CachingAspect - Caching aspect applied for cache modelProperties with key com.example.demo01.model.OrderBo(true)
2019-10-29 16:18:26.668 [main] INFO  s.d.schema.property.ModelPropertiesKeyGenerator - Cache key generated: com.example.demo01.model.OrderBo(true)
2019-10-29 16:18:26.668 [main] INFO  s.documentation.spring.web.caching.CachingAspect - Caching aspect applied for cache modelProperties with key com.example.demo01.model.OrderBo(true)
2019-10-29 16:18:26.668 [main] INFO  s.documentation.spring.web.OperationsKeyGenerator - Cache key generated: /order/detail.com.example.demo01.controller.OrderController.getList.DefaultGenericTypeNamingStrategy
2019-10-29 16:18:26.668 [main] INFO  s.documentation.spring.web.caching.CachingAspect - Caching aspect applied for cache operations with key /order/detail.com.example.demo01.controller.OrderController.getList.DefaultGenericTypeNamingStrategy
2019-10-29 16:18:26.688 [main] INFO  s.d.s.web.ClassOrApiAnnotationResourceGrouping - Group for method getList was order-controller
2019-10-29 16:18:26.698 [main] INFO  s.d.s.web.ClassOrApiAnnotationResourceGrouping - Group for method getList was order-controller
2019-10-29 16:18:26.698 [main] INFO  s.documentation.schema.ModelContextKeyGenerator - Cache Key Generated: java.lang.String(true)
2019-10-29 16:18:26.698 [main] INFO  s.documentation.spring.web.caching.CachingAspect - Caching aspect applied for cache models with key java.lang.String(true)
2019-10-29 16:18:26.698 [main] INFO  s.documentation.schema.ModelContextKeyGenerator - Cache Key Generated: java.lang.String(true)
2019-10-29 16:18:26.698 [main] INFO  s.documentation.spring.web.caching.CachingAspect - Caching aspect applied for cache modelDependencies with key java.lang.String(true)
2019-10-29 16:18:26.698 [main] INFO  s.documentation.spring.web.OperationsKeyGenerator - Cache key generated: /order/index.com.example.demo01.controller.OrderController.index.DefaultGenericTypeNamingStrategy
2019-10-29 16:18:26.698 [main] INFO  s.documentation.spring.web.caching.CachingAspect - Caching aspect applied for cache operations with key /order/index.com.example.demo01.controller.OrderController.index.DefaultGenericTypeNamingStrategy
2019-10-29 16:18:26.708 [main] INFO  s.d.s.web.ClassOrApiAnnotationResourceGrouping - Group for method index was order-controller
2019-10-29 16:18:26.708 [main] INFO  s.d.s.web.ClassOrApiAnnotationResourceGrouping - Group for method index was order-controller
2019-10-29 16:18:26.708 [main] INFO  s.documentation.schema.ModelContextKeyGenerator - Cache Key Generated: java.lang.String(true)
2019-10-29 16:18:26.708 [main] INFO  s.documentation.spring.web.caching.CachingAspect - Caching aspect applied for cache models with key java.lang.String(true)
2019-10-29 16:18:26.708 [main] INFO  s.documentation.schema.ModelContextKeyGenerator - Cache Key Generated: java.lang.String(true)
2019-10-29 16:18:26.708 [main] INFO  s.documentation.spring.web.caching.CachingAspect - Caching aspect applied for cache modelDependencies with key java.lang.String(true)
2019-10-29 16:18:26.708 [main] INFO  s.documentation.schema.ModelContextKeyGenerator - Cache Key Generated: com.example.demo01.model.AdminLoginRequest(false)
2019-10-29 16:18:26.708 [main] INFO  s.documentation.spring.web.caching.CachingAspect - Caching aspect applied for cache models with key com.example.demo01.model.AdminLoginRequest(false)
2019-10-29 16:18:26.708 [main] INFO  s.d.schema.property.ModelPropertiesKeyGenerator - Cache key generated: com.example.demo01.model.AdminLoginRequest(false)
2019-10-29 16:18:26.708 [main] INFO  s.documentation.spring.web.caching.CachingAspect - Caching aspect applied for cache modelProperties with key com.example.demo01.model.AdminLoginRequest(false)
2019-10-29 16:18:26.708 [main] INFO  s.documentation.schema.ModelContextKeyGenerator - Cache Key Generated: com.example.demo01.model.AdminLoginRequest(false)
2019-10-29 16:18:26.708 [main] INFO  s.documentation.spring.web.caching.CachingAspect - Caching aspect applied for cache modelDependencies with key com.example.demo01.model.AdminLoginRequest(false)
2019-10-29 16:18:26.708 [main] INFO  s.d.schema.property.ModelPropertiesKeyGenerator - Cache key generated: com.example.demo01.model.AdminLoginRequest(false)
2019-10-29 16:18:26.708 [main] INFO  s.documentation.spring.web.caching.CachingAspect - Caching aspect applied for cache modelProperties with key com.example.demo01.model.AdminLoginRequest(false)
2019-10-29 16:18:26.708 [main] INFO  s.documentation.spring.web.OperationsKeyGenerator - Cache key generated: /login/create.com.example.demo01.controller.LoginController.createSession.DefaultGenericTypeNamingStrategy
2019-10-29 16:18:26.708 [main] INFO  s.documentation.spring.web.caching.CachingAspect - Caching aspect applied for cache operations with key /login/create.com.example.demo01.controller.LoginController.createSession.DefaultGenericTypeNamingStrategy
2019-10-29 16:18:26.718 [main] INFO  s.d.s.web.ClassOrApiAnnotationResourceGrouping - Group for method createSession was 用户登录接口
2019-10-29 16:18:26.718 [main] INFO  s.d.s.web.ClassOrApiAnnotationResourceGrouping - Group for method createSession was 用户登录接口
2019-10-29 16:18:26.858 [main] INFO  org.apache.coyote.http11.Http11NioProtocol - Starting ProtocolHandler ["http-nio-8090"]
2019-10-29 16:18:26.878 [main] INFO  o.s.boot.web.embedded.tomcat.TomcatWebServer - Tomcat started on port(s): 8090 (http) with context path ''
2019-10-29 16:18:26.878 [main] INFO  com.example.demo01.Demo01Application - Started Demo01Application in 4.44 seconds (JVM running for 5.106)
