2019-10-29 15:30:32.281 [main] INFO  com.example.demo01.Demo01Application - Starting Demo01Application on DESKTOP-AGAP1UM with PID 14324 (E:\demo01\target\classes started by admin in E:\demo01)
2019-10-29 15:30:32.281 [main] INFO  com.example.demo01.Demo01Application - No active profile set, falling back to default profiles: default
2019-10-29 15:30:32.961 [main] INFO  o.s.d.r.config.RepositoryConfigurationDelegate - Bootstrapping Spring Data repositories in DEFAULT mode.
2019-10-29 15:30:33.021 [main] INFO  o.s.d.r.config.RepositoryConfigurationDelegate - Finished Spring Data repository scanning in 60ms. Found 2 repository interfaces.
2019-10-29 15:30:33.321 [main] INFO  o.s.c.s.PostProcessorRegistrationDelegate$BeanPostProcessorChecker - Bean 'org.springframework.transaction.annotation.ProxyTransactionManagementConfiguration' of type [org.springframework.transaction.annotation.ProxyTransactionManagementConfiguration$$EnhancerBySpringCGLIB$$d238d44e] is not eligible for getting processed by all BeanPostProcessors (for example: not eligible for auto-proxying)
2019-10-29 15:30:33.401 [main] INFO  o.s.c.s.PostProcessorRegistrationDelegate$BeanPostProcessorChecker - Bean 'org.springframework.hateoas.config.HateoasConfiguration' of type [org.springframework.hateoas.config.HateoasConfiguration$$EnhancerBySpringCGLIB$$51b92180] is not eligible for getting processed by all BeanPostProcessors (for example: not eligible for auto-proxying)
2019-10-29 15:30:33.661 [main] INFO  o.s.boot.web.embedded.tomcat.TomcatWebServer - Tomcat initialized with port(s): 8090 (http)
2019-10-29 15:30:33.671 [main] INFO  org.apache.coyote.http11.Http11NioProtocol - Initializing ProtocolHandler ["http-nio-8090"]
2019-10-29 15:30:33.671 [main] INFO  org.apache.catalina.core.StandardService - Starting service [Tomcat]
2019-10-29 15:30:33.671 [main] INFO  org.apache.catalina.core.StandardEngine - Starting Servlet engine: [Apache Tomcat/9.0.14]
2019-10-29 15:30:33.681 [main] INFO  org.apache.catalina.core.AprLifecycleListener - The APR based Apache Tomcat Native library which allows optimal performance in production environments was not found on the java.library.path: [C:\Program Files\Java\jdk1.8.0_161\bin;C:\Windows\Sun\Java\bin;C:\Windows\system32;C:\Windows;C:\ProgramData\Oracle\Java\javapath;C:\Windows\system32;C:\Windows;C:\Windows\System32\Wbem;C:\Windows\System32\WindowsPowerShell\v1.0\;C:\Windows\System32\OpenSSH\;C:\Program Files\Java\jdk1.8.0_161\bin;C:\Program Files\Java\jdk1.8.0_161\jre\bin;C:\Program Files\Git\cmd;F:\apache-maven-3.3.9\bin;C:\Users\admin\AppData\Local\Microsoft\WindowsApps;;.]
2019-10-29 15:30:33.771 [main] INFO  o.a.c.core.ContainerBase.[Tomcat].[localhost].[/] - Initializing Spring embedded WebApplicationContext
2019-10-29 15:30:33.771 [main] INFO  org.springframework.web.context.ContextLoader - Root WebApplicationContext: initialization completed in 1450 ms
2019-10-29 15:30:33.961 [main] INFO  com.zaxxer.hikari.HikariDataSource - HikariPool-1 - Starting...
2019-10-29 15:30:34.041 [main] INFO  com.zaxxer.hikari.HikariDataSource - HikariPool-1 - Start completed.
2019-10-29 15:30:34.081 [main] INFO  org.hibernate.jpa.internal.util.LogHelper - HHH000204: Processing PersistenceUnitInfo [
	name: default
	...]
2019-10-29 15:30:34.131 [main] INFO  org.hibernate.Version - HHH000412: Hibernate Core {5.3.7.Final}
2019-10-29 15:30:34.131 [main] INFO  org.hibernate.cfg.Environment - HHH000206: hibernate.properties not found
2019-10-29 15:30:34.251 [main] INFO  org.hibernate.annotations.common.Version - HCANN000001: Hibernate Commons Annotations {5.0.4.Final}
2019-10-29 15:30:34.371 [main] INFO  org.hibernate.dialect.Dialect - HHH000400: Using dialect: org.hibernate.dialect.MySQL5Dialect
2019-10-29 15:30:34.971 [main] INFO  o.s.orm.jpa.LocalContainerEntityManagerFactoryBean - Initialized JPA EntityManagerFactory for persistence unit 'default'
2019-10-29 15:30:35.721 [main] INFO  o.s.scheduling.concurrent.ThreadPoolTaskExecutor - Initializing ExecutorService 'applicationTaskExecutor'
2019-10-29 15:30:35.791 [main] INFO  o.s.b.a.web.servlet.WelcomePageHandlerMapping - Adding welcome page: class path resource [static/index.html]
2019-10-29 15:30:35.901 [main] INFO  s.d.s.web.plugins.DocumentationPluginsBootstrapper - Context refreshed
2019-10-29 15:30:35.921 [main] INFO  s.d.s.web.plugins.DocumentationPluginsBootstrapper - Found {0} custom documentation plugin(s)
2019-10-29 15:30:35.921 [main] INFO  s.d.spring.web.scanners.ApiListingReferenceScanner - Scanning for api listing references
2019-10-29 15:30:35.931 [main] INFO  s.d.s.web.ClassOrApiAnnotationResourceGrouping - Group for method createSession was 用户登录接口
2019-10-29 15:30:35.931 [main] INFO  s.d.spring.web.scanners.ApiListingReferenceScanner - Request mapping: createSession belongs to groups: [[ResourceGroup{groupName='用户登录接口', position=0, controller=com.example.demo01.controller.LoginController}]] 
2019-10-29 15:30:35.931 [main] INFO  s.d.s.web.ClassOrApiAnnotationResourceGrouping - Group for method getList was order-controller
2019-10-29 15:30:35.931 [main] INFO  s.d.spring.web.scanners.ApiListingReferenceScanner - Request mapping: getList belongs to groups: [[ResourceGroup{groupName='order-controller', position=0, controller=com.example.demo01.controller.OrderController}]] 
2019-10-29 15:30:35.931 [main] INFO  s.d.s.web.ClassOrApiAnnotationResourceGrouping - Group for method index was order-controller
2019-10-29 15:30:35.931 [main] INFO  s.d.spring.web.scanners.ApiListingReferenceScanner - Request mapping: index belongs to groups: [[ResourceGroup{groupName='order-controller', position=0, controller=com.example.demo01.controller.OrderController}]] 
2019-10-29 15:30:35.931 [main] INFO  s.d.spring.web.scanners.ApiListingReferenceScanner - Created resource listing Path: /default/用户登录接口 Description: 用户登录接口 Position: 0
2019-10-29 15:30:35.941 [main] INFO  s.d.spring.web.scanners.ApiListingReferenceScanner - Created resource listing Path: /default/order-controller Description: order-controller Position: 0
2019-10-29 15:30:35.951 [main] INFO  s.documentation.schema.ModelContextKeyGenerator - Cache Key Generated: com.example.demo01.page.Pagination<com.example.demo01.model.OrderBo>(true)
2019-10-29 15:30:35.951 [main] INFO  s.documentation.spring.web.caching.CachingAspect - Caching aspect applied for cache models with key com.example.demo01.page.Pagination<com.example.demo01.model.OrderBo>(true)
2019-10-29 15:30:35.961 [main] INFO  s.d.schema.property.ModelPropertiesKeyGenerator - Cache key generated: com.example.demo01.page.Pagination<com.example.demo01.model.OrderBo>(true)
2019-10-29 15:30:35.961 [main] INFO  s.documentation.spring.web.caching.CachingAspect - Caching aspect applied for cache modelProperties with key com.example.demo01.page.Pagination<com.example.demo01.model.OrderBo>(true)
2019-10-29 15:30:35.981 [main] INFO  s.documentation.schema.ModelContextKeyGenerator - Cache Key Generated: com.example.demo01.page.Pagination<com.example.demo01.model.OrderBo>(true)
2019-10-29 15:30:35.991 [main] INFO  s.documentation.spring.web.caching.CachingAspect - Caching aspect applied for cache modelDependencies with key com.example.demo01.page.Pagination<com.example.demo01.model.OrderBo>(true)
2019-10-29 15:30:35.991 [main] INFO  s.d.schema.property.ModelPropertiesKeyGenerator - Cache key generated: com.example.demo01.model.OrderBo(true)
2019-10-29 15:30:35.991 [main] INFO  s.documentation.spring.web.caching.CachingAspect - Caching aspect applied for cache modelProperties with key com.example.demo01.model.OrderBo(true)
2019-10-29 15:30:35.991 [main] INFO  s.d.schema.property.ModelPropertiesKeyGenerator - Cache key generated: com.example.demo01.page.Pagination<com.example.demo01.model.OrderBo>(true)
2019-10-29 15:30:35.991 [main] INFO  s.documentation.spring.web.caching.CachingAspect - Caching aspect applied for cache modelProperties with key com.example.demo01.page.Pagination<com.example.demo01.model.OrderBo>(true)
2019-10-29 15:30:35.991 [main] INFO  s.d.schema.property.ModelPropertiesKeyGenerator - Cache key generated: com.example.demo01.model.OrderBo(true)
2019-10-29 15:30:35.991 [main] INFO  s.documentation.spring.web.caching.CachingAspect - Caching aspect applied for cache modelProperties with key com.example.demo01.model.OrderBo(true)
2019-10-29 15:30:36.001 [main] INFO  s.d.schema.property.ModelPropertiesKeyGenerator - Cache key generated: com.example.demo01.model.OrderBo(true)
2019-10-29 15:30:36.001 [main] INFO  s.documentation.spring.web.caching.CachingAspect - Caching aspect applied for cache modelProperties with key com.example.demo01.model.OrderBo(true)
2019-10-29 15:30:36.001 [main] INFO  s.documentation.spring.web.OperationsKeyGenerator - Cache key generated: /order/detail.com.example.demo01.controller.OrderController.getList.DefaultGenericTypeNamingStrategy
2019-10-29 15:30:36.001 [main] INFO  s.documentation.spring.web.caching.CachingAspect - Caching aspect applied for cache operations with key /order/detail.com.example.demo01.controller.OrderController.getList.DefaultGenericTypeNamingStrategy
2019-10-29 15:30:36.011 [main] INFO  s.d.s.web.ClassOrApiAnnotationResourceGrouping - Group for method getList was order-controller
2019-10-29 15:30:36.021 [main] INFO  s.d.s.web.ClassOrApiAnnotationResourceGrouping - Group for method getList was order-controller
2019-10-29 15:30:36.031 [main] INFO  s.documentation.schema.ModelContextKeyGenerator - Cache Key Generated: java.lang.String(true)
2019-10-29 15:30:36.031 [main] INFO  s.documentation.spring.web.caching.CachingAspect - Caching aspect applied for cache models with key java.lang.String(true)
2019-10-29 15:30:36.031 [main] INFO  s.documentation.schema.ModelContextKeyGenerator - Cache Key Generated: java.lang.String(true)
2019-10-29 15:30:36.031 [main] INFO  s.documentation.spring.web.caching.CachingAspect - Caching aspect applied for cache modelDependencies with key java.lang.String(true)
2019-10-29 15:30:36.031 [main] INFO  s.documentation.spring.web.OperationsKeyGenerator - Cache key generated: /order/index.com.example.demo01.controller.OrderController.index.DefaultGenericTypeNamingStrategy
2019-10-29 15:30:36.031 [main] INFO  s.documentation.spring.web.caching.CachingAspect - Caching aspect applied for cache operations with key /order/index.com.example.demo01.controller.OrderController.index.DefaultGenericTypeNamingStrategy
2019-10-29 15:30:36.031 [main] INFO  s.d.s.web.ClassOrApiAnnotationResourceGrouping - Group for method index was order-controller
2019-10-29 15:30:36.031 [main] INFO  s.d.s.web.ClassOrApiAnnotationResourceGrouping - Group for method index was order-controller
2019-10-29 15:30:36.041 [main] INFO  s.documentation.schema.ModelContextKeyGenerator - Cache Key Generated: java.lang.String(true)
2019-10-29 15:30:36.041 [main] INFO  s.documentation.spring.web.caching.CachingAspect - Caching aspect applied for cache models with key java.lang.String(true)
2019-10-29 15:30:36.041 [main] INFO  s.documentation.schema.ModelContextKeyGenerator - Cache Key Generated: java.lang.String(true)
2019-10-29 15:30:36.041 [main] INFO  s.documentation.spring.web.caching.CachingAspect - Caching aspect applied for cache modelDependencies with key java.lang.String(true)
2019-10-29 15:30:36.041 [main] INFO  s.documentation.schema.ModelContextKeyGenerator - Cache Key Generated: com.example.demo01.model.AdminLoginRequest(false)
2019-10-29 15:30:36.041 [main] INFO  s.documentation.spring.web.caching.CachingAspect - Caching aspect applied for cache models with key com.example.demo01.model.AdminLoginRequest(false)
2019-10-29 15:30:36.041 [main] INFO  s.d.schema.property.ModelPropertiesKeyGenerator - Cache key generated: com.example.demo01.model.AdminLoginRequest(false)
2019-10-29 15:30:36.041 [main] INFO  s.documentation.spring.web.caching.CachingAspect - Caching aspect applied for cache modelProperties with key com.example.demo01.model.AdminLoginRequest(false)
2019-10-29 15:30:36.041 [main] INFO  s.documentation.schema.ModelContextKeyGenerator - Cache Key Generated: com.example.demo01.model.AdminLoginRequest(false)
2019-10-29 15:30:36.041 [main] INFO  s.documentation.spring.web.caching.CachingAspect - Caching aspect applied for cache modelDependencies with key com.example.demo01.model.AdminLoginRequest(false)
2019-10-29 15:30:36.041 [main] INFO  s.d.schema.property.ModelPropertiesKeyGenerator - Cache key generated: com.example.demo01.model.AdminLoginRequest(false)
2019-10-29 15:30:36.041 [main] INFO  s.documentation.spring.web.caching.CachingAspect - Caching aspect applied for cache modelProperties with key com.example.demo01.model.AdminLoginRequest(false)
2019-10-29 15:30:36.041 [main] INFO  s.documentation.spring.web.OperationsKeyGenerator - Cache key generated: /login/create.com.example.demo01.controller.LoginController.createSession.DefaultGenericTypeNamingStrategy
2019-10-29 15:30:36.041 [main] INFO  s.documentation.spring.web.caching.CachingAspect - Caching aspect applied for cache operations with key /login/create.com.example.demo01.controller.LoginController.createSession.DefaultGenericTypeNamingStrategy
2019-10-29 15:30:36.041 [main] INFO  s.d.s.web.ClassOrApiAnnotationResourceGrouping - Group for method createSession was 用户登录接口
2019-10-29 15:30:36.041 [main] INFO  s.d.s.web.ClassOrApiAnnotationResourceGrouping - Group for method createSession was 用户登录接口
2019-10-29 15:30:36.181 [main] INFO  org.apache.coyote.http11.Http11NioProtocol - Starting ProtocolHandler ["http-nio-8090"]
2019-10-29 15:30:36.201 [main] INFO  o.s.boot.web.embedded.tomcat.TomcatWebServer - Tomcat started on port(s): 8090 (http) with context path ''
2019-10-29 15:30:36.201 [main] INFO  com.example.demo01.Demo01Application - Started Demo01Application in 4.39 seconds (JVM running for 5.075)
2019-10-29 15:30:45.488 [http-nio-8090-exec-1] INFO  o.a.c.core.ContainerBase.[Tomcat].[localhost].[/] - Initializing Spring DispatcherServlet 'dispatcherServlet'
2019-10-29 15:30:45.488 [http-nio-8090-exec-1] INFO  org.springframework.web.servlet.DispatcherServlet - Initializing Servlet 'dispatcherServlet'
2019-10-29 15:30:45.498 [http-nio-8090-exec-1] INFO  org.springframework.web.servlet.DispatcherServlet - Completed initialization in 10 ms
2019-10-29 15:30:45.578 [http-nio-8090-exec-1] INFO  o.h.hql.internal.QueryTranslatorFactoryInitiator - HHH000397: Using ASTQueryTranslatorFactory
2019-10-29 15:30:45.678 [http-nio-8090-exec-1] INFO  com.example.demo01.service.impl.SessionServiceImpl - info级别的日志
