2019-10-29 16:26:26.293 [main] INFO  com.example.demo01.Demo01Application - Starting Demo01Application on DESKTOP-AGAP1UM with PID 6228 (E:\demo01\target\classes started by admin in E:\demo01)
2019-10-29 16:26:26.293 [main] INFO  com.example.demo01.Demo01Application - No active profile set, falling back to default profiles: default
2019-10-29 16:26:27.023 [main] INFO  o.s.d.r.config.RepositoryConfigurationDelegate - Bootstrapping Spring Data repositories in DEFAULT mode.
2019-10-29 16:26:27.103 [main] INFO  o.s.d.r.config.RepositoryConfigurationDelegate - Finished Spring Data repository scanning in 70ms. Found 2 repository interfaces.
2019-10-29 16:26:27.393 [main] INFO  o.s.c.s.PostProcessorRegistrationDelegate$BeanPostProcessorChecker - Bean 'org.springframework.transaction.annotation.ProxyTransactionManagementConfiguration' of type [org.springframework.transaction.annotation.ProxyTransactionManagementConfiguration$$EnhancerBySpringCGLIB$$225aa5a0] is not eligible for getting processed by all BeanPostProcessors (for example: not eligible for auto-proxying)
2019-10-29 16:26:27.473 [main] INFO  o.s.c.s.PostProcessorRegistrationDelegate$BeanPostProcessorChecker - Bean 'org.springframework.hateoas.config.HateoasConfiguration' of type [org.springframework.hateoas.config.HateoasConfiguration$$EnhancerBySpringCGLIB$$a1daf2d2] is not eligible for getting processed by all BeanPostProcessors (for example: not eligible for auto-proxying)
2019-10-29 16:26:27.723 [main] INFO  o.s.boot.web.embedded.tomcat.TomcatWebServer - Tomcat initialized with port(s): 8090 (http)
2019-10-29 16:26:27.733 [main] INFO  org.apache.coyote.http11.Http11NioProtocol - Initializing ProtocolHandler ["http-nio-8090"]
2019-10-29 16:26:27.743 [main] INFO  org.apache.catalina.core.StandardService - Starting service [Tomcat]
2019-10-29 16:26:27.743 [main] INFO  org.apache.catalina.core.StandardEngine - Starting Servlet engine: [Apache Tomcat/9.0.14]
2019-10-29 16:26:27.753 [main] INFO  org.apache.catalina.core.AprLifecycleListener - The APR based Apache Tomcat Native library which allows optimal performance in production environments was not found on the java.library.path: [C:\Program Files\Java\jdk1.8.0_161\bin;C:\Windows\Sun\Java\bin;C:\Windows\system32;C:\Windows;C:\ProgramData\Oracle\Java\javapath;C:\Windows\system32;C:\Windows;C:\Windows\System32\Wbem;C:\Windows\System32\WindowsPowerShell\v1.0\;C:\Windows\System32\OpenSSH\;C:\Program Files\Java\jdk1.8.0_161\bin;C:\Program Files\Java\jdk1.8.0_161\jre\bin;C:\Program Files\Git\cmd;F:\apache-maven-3.3.9\bin;C:\Users\admin\AppData\Local\Microsoft\WindowsApps;;.]
2019-10-29 16:26:27.853 [main] INFO  o.a.c.core.ContainerBase.[Tomcat].[localhost].[/] - Initializing Spring embedded WebApplicationContext
2019-10-29 16:26:27.853 [main] INFO  org.springframework.web.context.ContextLoader - Root WebApplicationContext: initialization completed in 1520 ms
2019-10-29 16:26:28.043 [main] INFO  com.zaxxer.hikari.HikariDataSource - HikariPool-1 - Starting...
2019-10-29 16:26:28.123 [main] INFO  com.zaxxer.hikari.HikariDataSource - HikariPool-1 - Start completed.
2019-10-29 16:26:28.163 [main] INFO  org.hibernate.jpa.internal.util.LogHelper - HHH000204: Processing PersistenceUnitInfo [
	name: default
	...]
2019-10-29 16:26:28.223 [main] INFO  org.hibernate.Version - HHH000412: Hibernate Core {5.3.7.Final}
2019-10-29 16:26:28.223 [main] INFO  org.hibernate.cfg.Environment - HHH000206: hibernate.properties not found
2019-10-29 16:26:28.343 [main] INFO  org.hibernate.annotations.common.Version - HCANN000001: Hibernate Commons Annotations {5.0.4.Final}
2019-10-29 16:26:28.463 [main] INFO  org.hibernate.dialect.Dialect - HHH000400: Using dialect: org.hibernate.dialect.MySQL5Dialect
2019-10-29 16:26:29.003 [main] INFO  o.s.orm.jpa.LocalContainerEntityManagerFactoryBean - Initialized JPA EntityManagerFactory for persistence unit 'default'
2019-10-29 16:26:29.563 [main] WARN  o.s.b.a.o.j.JpaBaseConfiguration$JpaWebConfiguration$JpaWebMvcConfiguration - spring.jpa.open-in-view is enabled by default. Therefore, database queries may be performed during view rendering. Explicitly configure spring.jpa.open-in-view to disable this warning
2019-10-29 16:26:29.813 [main] INFO  o.s.scheduling.concurrent.ThreadPoolTaskExecutor - Initializing ExecutorService 'applicationTaskExecutor'
2019-10-29 16:26:29.883 [main] INFO  o.s.b.a.web.servlet.WelcomePageHandlerMapping - Adding welcome page: class path resource [static/index.html]
2019-10-29 16:26:29.973 [main] INFO  s.d.s.web.plugins.DocumentationPluginsBootstrapper - Context refreshed
2019-10-29 16:26:29.983 [main] INFO  s.d.s.web.plugins.DocumentationPluginsBootstrapper - Found {0} custom documentation plugin(s)
2019-10-29 16:26:29.993 [main] INFO  s.d.spring.web.scanners.ApiListingReferenceScanner - Scanning for api listing references
2019-10-29 16:26:30.003 [main] INFO  s.d.s.web.ClassOrApiAnnotationResourceGrouping - Group for method createSession was 用户登录接口
2019-10-29 16:26:30.003 [main] INFO  s.d.spring.web.scanners.ApiListingReferenceScanner - Request mapping: createSession belongs to groups: [[ResourceGroup{groupName='用户登录接口', position=0, controller=com.example.demo01.controller.LoginController}]] 
2019-10-29 16:26:30.003 [main] INFO  s.d.s.web.ClassOrApiAnnotationResourceGrouping - Group for method getList was order-controller
2019-10-29 16:26:30.003 [main] INFO  s.d.spring.web.scanners.ApiListingReferenceScanner - Request mapping: getList belongs to groups: [[ResourceGroup{groupName='order-controller', position=0, controller=com.example.demo01.controller.OrderController}]] 
2019-10-29 16:26:30.003 [main] INFO  s.d.s.web.ClassOrApiAnnotationResourceGrouping - Group for method index was order-controller
2019-10-29 16:26:30.003 [main] INFO  s.d.spring.web.scanners.ApiListingReferenceScanner - Request mapping: index belongs to groups: [[ResourceGroup{groupName='order-controller', position=0, controller=com.example.demo01.controller.OrderController}]] 
2019-10-29 16:26:30.003 [main] INFO  s.d.spring.web.scanners.ApiListingReferenceScanner - Created resource listing Path: /default/用户登录接口 Description: 用户登录接口 Position: 0
2019-10-29 16:26:30.003 [main] INFO  s.d.spring.web.scanners.ApiListingReferenceScanner - Created resource listing Path: /default/order-controller Description: order-controller Position: 0
2019-10-29 16:26:30.023 [main] INFO  s.documentation.schema.ModelContextKeyGenerator - Cache Key Generated: com.example.demo01.page.Pagination<com.example.demo01.model.OrderBo>(true)
2019-10-29 16:26:30.023 [main] INFO  s.documentation.spring.web.caching.CachingAspect - Caching aspect applied for cache models with key com.example.demo01.page.Pagination<com.example.demo01.model.OrderBo>(true)
2019-10-29 16:26:30.033 [main] INFO  s.d.schema.property.ModelPropertiesKeyGenerator - Cache key generated: com.example.demo01.page.Pagination<com.example.demo01.model.OrderBo>(true)
2019-10-29 16:26:30.033 [main] INFO  s.documentation.spring.web.caching.CachingAspect - Caching aspect applied for cache modelProperties with key com.example.demo01.page.Pagination<com.example.demo01.model.OrderBo>(true)
2019-10-29 16:26:30.053 [main] INFO  s.documentation.schema.ModelContextKeyGenerator - Cache Key Generated: com.example.demo01.page.Pagination<com.example.demo01.model.OrderBo>(true)
2019-10-29 16:26:30.053 [main] INFO  s.documentation.spring.web.caching.CachingAspect - Caching aspect applied for cache modelDependencies with key com.example.demo01.page.Pagination<com.example.demo01.model.OrderBo>(true)
2019-10-29 16:26:30.053 [main] INFO  s.d.schema.property.ModelPropertiesKeyGenerator - Cache key generated: com.example.demo01.model.OrderBo(true)
2019-10-29 16:26:30.053 [main] INFO  s.documentation.spring.web.caching.CachingAspect - Caching aspect applied for cache modelProperties with key com.example.demo01.model.OrderBo(true)
2019-10-29 16:26:30.063 [main] INFO  s.d.schema.property.ModelPropertiesKeyGenerator - Cache key generated: com.example.demo01.page.Pagination<com.example.demo01.model.OrderBo>(true)
2019-10-29 16:26:30.063 [main] INFO  s.documentation.spring.web.caching.CachingAspect - Caching aspect applied for cache modelProperties with key com.example.demo01.page.Pagination<com.example.demo01.model.OrderBo>(true)
2019-10-29 16:26:30.063 [main] INFO  s.d.schema.property.ModelPropertiesKeyGenerator - Cache key generated: com.example.demo01.model.OrderBo(true)
2019-10-29 16:26:30.063 [main] INFO  s.documentation.spring.web.caching.CachingAspect - Caching aspect applied for cache modelProperties with key com.example.demo01.model.OrderBo(true)
2019-10-29 16:26:30.063 [main] INFO  s.d.schema.property.ModelPropertiesKeyGenerator - Cache key generated: com.example.demo01.model.OrderBo(true)
2019-10-29 16:26:30.073 [main] INFO  s.documentation.spring.web.caching.CachingAspect - Caching aspect applied for cache modelProperties with key com.example.demo01.model.OrderBo(true)
2019-10-29 16:26:30.073 [main] INFO  s.documentation.spring.web.OperationsKeyGenerator - Cache key generated: /order/detail.com.example.demo01.controller.OrderController.getList.DefaultGenericTypeNamingStrategy
2019-10-29 16:26:30.073 [main] INFO  s.documentation.spring.web.caching.CachingAspect - Caching aspect applied for cache operations with key /order/detail.com.example.demo01.controller.OrderController.getList.DefaultGenericTypeNamingStrategy
2019-10-29 16:26:30.083 [main] INFO  s.d.s.web.ClassOrApiAnnotationResourceGrouping - Group for method getList was order-controller
2019-10-29 16:26:30.093 [main] INFO  s.d.s.web.ClassOrApiAnnotationResourceGrouping - Group for method getList was order-controller
2019-10-29 16:26:30.103 [main] INFO  s.documentation.schema.ModelContextKeyGenerator - Cache Key Generated: java.lang.String(true)
2019-10-29 16:26:30.103 [main] INFO  s.documentation.spring.web.caching.CachingAspect - Caching aspect applied for cache models with key java.lang.String(true)
2019-10-29 16:26:30.103 [main] INFO  s.documentation.schema.ModelContextKeyGenerator - Cache Key Generated: java.lang.String(true)
2019-10-29 16:26:30.103 [main] INFO  s.documentation.spring.web.caching.CachingAspect - Caching aspect applied for cache modelDependencies with key java.lang.String(true)
2019-10-29 16:26:30.103 [main] INFO  s.documentation.spring.web.OperationsKeyGenerator - Cache key generated: /order/index.com.example.demo01.controller.OrderController.index.DefaultGenericTypeNamingStrategy
2019-10-29 16:26:30.103 [main] INFO  s.documentation.spring.web.caching.CachingAspect - Caching aspect applied for cache operations with key /order/index.com.example.demo01.controller.OrderController.index.DefaultGenericTypeNamingStrategy
2019-10-29 16:26:30.103 [main] INFO  s.d.s.web.ClassOrApiAnnotationResourceGrouping - Group for method index was order-controller
2019-10-29 16:26:30.103 [main] INFO  s.d.s.web.ClassOrApiAnnotationResourceGrouping - Group for method index was order-controller
2019-10-29 16:26:30.113 [main] INFO  s.documentation.schema.ModelContextKeyGenerator - Cache Key Generated: java.lang.String(true)
2019-10-29 16:26:30.113 [main] INFO  s.documentation.spring.web.caching.CachingAspect - Caching aspect applied for cache models with key java.lang.String(true)
2019-10-29 16:26:30.113 [main] INFO  s.documentation.schema.ModelContextKeyGenerator - Cache Key Generated: java.lang.String(true)
2019-10-29 16:26:30.113 [main] INFO  s.documentation.spring.web.caching.CachingAspect - Caching aspect applied for cache modelDependencies with key java.lang.String(true)
2019-10-29 16:26:30.113 [main] INFO  s.documentation.schema.ModelContextKeyGenerator - Cache Key Generated: com.example.demo01.model.AdminLoginRequest(false)
2019-10-29 16:26:30.113 [main] INFO  s.documentation.spring.web.caching.CachingAspect - Caching aspect applied for cache models with key com.example.demo01.model.AdminLoginRequest(false)
2019-10-29 16:26:30.113 [main] INFO  s.d.schema.property.ModelPropertiesKeyGenerator - Cache key generated: com.example.demo01.model.AdminLoginRequest(false)
2019-10-29 16:26:30.113 [main] INFO  s.documentation.spring.web.caching.CachingAspect - Caching aspect applied for cache modelProperties with key com.example.demo01.model.AdminLoginRequest(false)
2019-10-29 16:26:30.113 [main] INFO  s.documentation.schema.ModelContextKeyGenerator - Cache Key Generated: com.example.demo01.model.AdminLoginRequest(false)
2019-10-29 16:26:30.113 [main] INFO  s.documentation.spring.web.caching.CachingAspect - Caching aspect applied for cache modelDependencies with key com.example.demo01.model.AdminLoginRequest(false)
2019-10-29 16:26:30.113 [main] INFO  s.d.schema.property.ModelPropertiesKeyGenerator - Cache key generated: com.example.demo01.model.AdminLoginRequest(false)
2019-10-29 16:26:30.113 [main] INFO  s.documentation.spring.web.caching.CachingAspect - Caching aspect applied for cache modelProperties with key com.example.demo01.model.AdminLoginRequest(false)
2019-10-29 16:26:30.113 [main] INFO  s.documentation.spring.web.OperationsKeyGenerator - Cache key generated: /login/create.com.example.demo01.controller.LoginController.createSession.DefaultGenericTypeNamingStrategy
2019-10-29 16:26:30.113 [main] INFO  s.documentation.spring.web.caching.CachingAspect - Caching aspect applied for cache operations with key /login/create.com.example.demo01.controller.LoginController.createSession.DefaultGenericTypeNamingStrategy
2019-10-29 16:26:30.113 [main] INFO  s.d.s.web.ClassOrApiAnnotationResourceGrouping - Group for method createSession was 用户登录接口
2019-10-29 16:26:30.113 [main] INFO  s.d.s.web.ClassOrApiAnnotationResourceGrouping - Group for method createSession was 用户登录接口
2019-10-29 16:26:30.283 [main] INFO  org.apache.coyote.http11.Http11NioProtocol - Starting ProtocolHandler ["http-nio-8090"]
2019-10-29 16:26:30.313 [main] INFO  o.s.boot.web.embedded.tomcat.TomcatWebServer - Tomcat started on port(s): 8090 (http) with context path ''
2019-10-29 16:26:30.313 [main] INFO  com.example.demo01.Demo01Application - Started Demo01Application in 4.53 seconds (JVM running for 5.244)
2019-10-29 16:28:01.446 [main] INFO  com.example.demo01.Demo01Application - Starting Demo01Application on DESKTOP-AGAP1UM with PID 12512 (E:\demo01\target\classes started by admin in E:\demo01)
2019-10-29 16:28:01.446 [main] INFO  com.example.demo01.Demo01Application - No active profile set, falling back to default profiles: default
2019-10-29 16:28:02.166 [main] INFO  o.s.d.r.config.RepositoryConfigurationDelegate - Bootstrapping Spring Data repositories in DEFAULT mode.
2019-10-29 16:28:02.236 [main] INFO  o.s.d.r.config.RepositoryConfigurationDelegate - Finished Spring Data repository scanning in 60ms. Found 2 repository interfaces.
2019-10-29 16:28:02.526 [main] INFO  o.s.c.s.PostProcessorRegistrationDelegate$BeanPostProcessorChecker - Bean 'org.springframework.transaction.annotation.ProxyTransactionManagementConfiguration' of type [org.springframework.transaction.annotation.ProxyTransactionManagementConfiguration$$EnhancerBySpringCGLIB$$a46c6f35] is not eligible for getting processed by all BeanPostProcessors (for example: not eligible for auto-proxying)
2019-10-29 16:28:02.606 [main] INFO  o.s.c.s.PostProcessorRegistrationDelegate$BeanPostProcessorChecker - Bean 'org.springframework.hateoas.config.HateoasConfiguration' of type [org.springframework.hateoas.config.HateoasConfiguration$$EnhancerBySpringCGLIB$$23ecbc67] is not eligible for getting processed by all BeanPostProcessors (for example: not eligible for auto-proxying)
2019-10-29 16:28:02.876 [main] INFO  o.s.boot.web.embedded.tomcat.TomcatWebServer - Tomcat initialized with port(s): 8090 (http)
2019-10-29 16:28:02.886 [main] INFO  org.apache.coyote.http11.Http11NioProtocol - Initializing ProtocolHandler ["http-nio-8090"]
2019-10-29 16:28:02.896 [main] INFO  org.apache.catalina.core.StandardService - Starting service [Tomcat]
2019-10-29 16:28:02.896 [main] INFO  org.apache.catalina.core.StandardEngine - Starting Servlet engine: [Apache Tomcat/9.0.14]
2019-10-29 16:28:02.896 [main] INFO  org.apache.catalina.core.AprLifecycleListener - The APR based Apache Tomcat Native library which allows optimal performance in production environments was not found on the java.library.path: [C:\Program Files\Java\jdk1.8.0_161\bin;C:\Windows\Sun\Java\bin;C:\Windows\system32;C:\Windows;C:\ProgramData\Oracle\Java\javapath;C:\Windows\system32;C:\Windows;C:\Windows\System32\Wbem;C:\Windows\System32\WindowsPowerShell\v1.0\;C:\Windows\System32\OpenSSH\;C:\Program Files\Java\jdk1.8.0_161\bin;C:\Program Files\Java\jdk1.8.0_161\jre\bin;C:\Program Files\Git\cmd;F:\apache-maven-3.3.9\bin;C:\Users\admin\AppData\Local\Microsoft\WindowsApps;;.]
2019-10-29 16:28:03.046 [main] INFO  o.a.c.core.ContainerBase.[Tomcat].[localhost].[/] - Initializing Spring embedded WebApplicationContext
2019-10-29 16:28:03.046 [main] INFO  org.springframework.web.context.ContextLoader - Root WebApplicationContext: initialization completed in 1560 ms
2019-10-29 16:28:03.176 [main] INFO  com.zaxxer.hikari.HikariDataSource - HikariPool-1 - Starting...
2019-10-29 16:28:03.266 [main] INFO  com.zaxxer.hikari.HikariDataSource - HikariPool-1 - Start completed.
2019-10-29 16:28:03.306 [main] INFO  org.hibernate.jpa.internal.util.LogHelper - HHH000204: Processing PersistenceUnitInfo [
	name: default
	...]
2019-10-29 16:28:03.366 [main] INFO  org.hibernate.Version - HHH000412: Hibernate Core {5.3.7.Final}
2019-10-29 16:28:03.366 [main] INFO  org.hibernate.cfg.Environment - HHH000206: hibernate.properties not found
2019-10-29 16:28:03.476 [main] INFO  org.hibernate.annotations.common.Version - HCANN000001: Hibernate Commons Annotations {5.0.4.Final}
2019-10-29 16:28:03.606 [main] INFO  org.hibernate.dialect.Dialect - HHH000400: Using dialect: org.hibernate.dialect.MySQL5Dialect
2019-10-29 16:28:04.146 [main] INFO  o.s.orm.jpa.LocalContainerEntityManagerFactoryBean - Initialized JPA EntityManagerFactory for persistence unit 'default'
2019-10-29 16:28:04.726 [main] WARN  o.s.b.a.o.j.JpaBaseConfiguration$JpaWebConfiguration$JpaWebMvcConfiguration - spring.jpa.open-in-view is enabled by default. Therefore, database queries may be performed during view rendering. Explicitly configure spring.jpa.open-in-view to disable this warning
2019-10-29 16:28:04.996 [main] INFO  o.s.scheduling.concurrent.ThreadPoolTaskExecutor - Initializing ExecutorService 'applicationTaskExecutor'
2019-10-29 16:28:05.066 [main] INFO  o.s.b.a.web.servlet.WelcomePageHandlerMapping - Adding welcome page: class path resource [static/index.html]
2019-10-29 16:28:05.166 [main] INFO  s.d.s.web.plugins.DocumentationPluginsBootstrapper - Context refreshed
2019-10-29 16:28:05.176 [main] INFO  s.d.s.web.plugins.DocumentationPluginsBootstrapper - Found {0} custom documentation plugin(s)
2019-10-29 16:28:05.186 [main] INFO  s.d.spring.web.scanners.ApiListingReferenceScanner - Scanning for api listing references
2019-10-29 16:28:05.186 [main] INFO  s.d.s.web.ClassOrApiAnnotationResourceGrouping - Group for method createSession was 用户登录接口
2019-10-29 16:28:05.186 [main] INFO  s.d.spring.web.scanners.ApiListingReferenceScanner - Request mapping: createSession belongs to groups: [[ResourceGroup{groupName='用户登录接口', position=0, controller=com.example.demo01.controller.LoginController}]] 
2019-10-29 16:28:05.186 [main] INFO  s.d.s.web.ClassOrApiAnnotationResourceGrouping - Group for method getList was order-controller
2019-10-29 16:28:05.196 [main] INFO  s.d.spring.web.scanners.ApiListingReferenceScanner - Request mapping: getList belongs to groups: [[ResourceGroup{groupName='order-controller', position=0, controller=com.example.demo01.controller.OrderController}]] 
2019-10-29 16:28:05.196 [main] INFO  s.d.s.web.ClassOrApiAnnotationResourceGrouping - Group for method index was order-controller
2019-10-29 16:28:05.196 [main] INFO  s.d.spring.web.scanners.ApiListingReferenceScanner - Request mapping: index belongs to groups: [[ResourceGroup{groupName='order-controller', position=0, controller=com.example.demo01.controller.OrderController}]] 
2019-10-29 16:28:05.196 [main] INFO  s.d.spring.web.scanners.ApiListingReferenceScanner - Created resource listing Path: /default/order-controller Description: order-controller Position: 0
2019-10-29 16:28:05.196 [main] INFO  s.d.spring.web.scanners.ApiListingReferenceScanner - Created resource listing Path: /default/用户登录接口 Description: 用户登录接口 Position: 0
2019-10-29 16:28:05.216 [main] INFO  s.documentation.schema.ModelContextKeyGenerator - Cache Key Generated: com.example.demo01.page.Pagination<com.example.demo01.model.OrderBo>(true)
2019-10-29 16:28:05.216 [main] INFO  s.documentation.spring.web.caching.CachingAspect - Caching aspect applied for cache models with key com.example.demo01.page.Pagination<com.example.demo01.model.OrderBo>(true)
2019-10-29 16:28:05.216 [main] INFO  s.d.schema.property.ModelPropertiesKeyGenerator - Cache key generated: com.example.demo01.page.Pagination<com.example.demo01.model.OrderBo>(true)
2019-10-29 16:28:05.216 [main] INFO  s.documentation.spring.web.caching.CachingAspect - Caching aspect applied for cache modelProperties with key com.example.demo01.page.Pagination<com.example.demo01.model.OrderBo>(true)
2019-10-29 16:28:05.246 [main] INFO  s.documentation.schema.ModelContextKeyGenerator - Cache Key Generated: com.example.demo01.page.Pagination<com.example.demo01.model.OrderBo>(true)
2019-10-29 16:28:05.246 [main] INFO  s.documentation.spring.web.caching.CachingAspect - Caching aspect applied for cache modelDependencies with key com.example.demo01.page.Pagination<com.example.demo01.model.OrderBo>(true)
2019-10-29 16:28:05.246 [main] INFO  s.d.schema.property.ModelPropertiesKeyGenerator - Cache key generated: com.example.demo01.model.OrderBo(true)
2019-10-29 16:28:05.246 [main] INFO  s.documentation.spring.web.caching.CachingAspect - Caching aspect applied for cache modelProperties with key com.example.demo01.model.OrderBo(true)
2019-10-29 16:28:05.256 [main] INFO  s.d.schema.property.ModelPropertiesKeyGenerator - Cache key generated: com.example.demo01.page.Pagination<com.example.demo01.model.OrderBo>(true)
2019-10-29 16:28:05.256 [main] INFO  s.documentation.spring.web.caching.CachingAspect - Caching aspect applied for cache modelProperties with key com.example.demo01.page.Pagination<com.example.demo01.model.OrderBo>(true)
2019-10-29 16:28:05.256 [main] INFO  s.d.schema.property.ModelPropertiesKeyGenerator - Cache key generated: com.example.demo01.model.OrderBo(true)
2019-10-29 16:28:05.256 [main] INFO  s.documentation.spring.web.caching.CachingAspect - Caching aspect applied for cache modelProperties with key com.example.demo01.model.OrderBo(true)
2019-10-29 16:28:05.256 [main] INFO  s.d.schema.property.ModelPropertiesKeyGenerator - Cache key generated: com.example.demo01.model.OrderBo(true)
2019-10-29 16:28:05.256 [main] INFO  s.documentation.spring.web.caching.CachingAspect - Caching aspect applied for cache modelProperties with key com.example.demo01.model.OrderBo(true)
2019-10-29 16:28:05.256 [main] INFO  s.documentation.spring.web.OperationsKeyGenerator - Cache key generated: /order/detail.com.example.demo01.controller.OrderController.getList.DefaultGenericTypeNamingStrategy
2019-10-29 16:28:05.256 [main] INFO  s.documentation.spring.web.caching.CachingAspect - Caching aspect applied for cache operations with key /order/detail.com.example.demo01.controller.OrderController.getList.DefaultGenericTypeNamingStrategy
2019-10-29 16:28:05.276 [main] INFO  s.d.s.web.ClassOrApiAnnotationResourceGrouping - Group for method getList was order-controller
2019-10-29 16:28:05.286 [main] INFO  s.d.s.web.ClassOrApiAnnotationResourceGrouping - Group for method getList was order-controller
2019-10-29 16:28:05.286 [main] INFO  s.documentation.schema.ModelContextKeyGenerator - Cache Key Generated: java.lang.String(true)
2019-10-29 16:28:05.286 [main] INFO  s.documentation.spring.web.caching.CachingAspect - Caching aspect applied for cache models with key java.lang.String(true)
2019-10-29 16:28:05.286 [main] INFO  s.documentation.schema.ModelContextKeyGenerator - Cache Key Generated: java.lang.String(true)
2019-10-29 16:28:05.286 [main] INFO  s.documentation.spring.web.caching.CachingAspect - Caching aspect applied for cache modelDependencies with key java.lang.String(true)
2019-10-29 16:28:05.286 [main] INFO  s.documentation.spring.web.OperationsKeyGenerator - Cache key generated: /order/index.com.example.demo01.controller.OrderController.index.DefaultGenericTypeNamingStrategy
2019-10-29 16:28:05.286 [main] INFO  s.documentation.spring.web.caching.CachingAspect - Caching aspect applied for cache operations with key /order/index.com.example.demo01.controller.OrderController.index.DefaultGenericTypeNamingStrategy
2019-10-29 16:28:05.296 [main] INFO  s.d.s.web.ClassOrApiAnnotationResourceGrouping - Group for method index was order-controller
2019-10-29 16:28:05.296 [main] INFO  s.d.s.web.ClassOrApiAnnotationResourceGrouping - Group for method index was order-controller
2019-10-29 16:28:05.296 [main] INFO  s.documentation.schema.ModelContextKeyGenerator - Cache Key Generated: java.lang.String(true)
2019-10-29 16:28:05.296 [main] INFO  s.documentation.spring.web.caching.CachingAspect - Caching aspect applied for cache models with key java.lang.String(true)
2019-10-29 16:28:05.296 [main] INFO  s.documentation.schema.ModelContextKeyGenerator - Cache Key Generated: java.lang.String(true)
2019-10-29 16:28:05.296 [main] INFO  s.documentation.spring.web.caching.CachingAspect - Caching aspect applied for cache modelDependencies with key java.lang.String(true)
2019-10-29 16:28:05.296 [main] INFO  s.documentation.schema.ModelContextKeyGenerator - Cache Key Generated: com.example.demo01.model.AdminLoginRequest(false)
2019-10-29 16:28:05.296 [main] INFO  s.documentation.spring.web.caching.CachingAspect - Caching aspect applied for cache models with key com.example.demo01.model.AdminLoginRequest(false)
2019-10-29 16:28:05.296 [main] INFO  s.d.schema.property.ModelPropertiesKeyGenerator - Cache key generated: com.example.demo01.model.AdminLoginRequest(false)
2019-10-29 16:28:05.296 [main] INFO  s.documentation.spring.web.caching.CachingAspect - Caching aspect applied for cache modelProperties with key com.example.demo01.model.AdminLoginRequest(false)
2019-10-29 16:28:05.296 [main] INFO  s.documentation.schema.ModelContextKeyGenerator - Cache Key Generated: com.example.demo01.model.AdminLoginRequest(false)
2019-10-29 16:28:05.296 [main] INFO  s.documentation.spring.web.caching.CachingAspect - Caching aspect applied for cache modelDependencies with key com.example.demo01.model.AdminLoginRequest(false)
2019-10-29 16:28:05.296 [main] INFO  s.d.schema.property.ModelPropertiesKeyGenerator - Cache key generated: com.example.demo01.model.AdminLoginRequest(false)
2019-10-29 16:28:05.296 [main] INFO  s.documentation.spring.web.caching.CachingAspect - Caching aspect applied for cache modelProperties with key com.example.demo01.model.AdminLoginRequest(false)
2019-10-29 16:28:05.296 [main] INFO  s.documentation.spring.web.OperationsKeyGenerator - Cache key generated: /login/create.com.example.demo01.controller.LoginController.createSession.DefaultGenericTypeNamingStrategy
2019-10-29 16:28:05.296 [main] INFO  s.documentation.spring.web.caching.CachingAspect - Caching aspect applied for cache operations with key /login/create.com.example.demo01.controller.LoginController.createSession.DefaultGenericTypeNamingStrategy
2019-10-29 16:28:05.306 [main] INFO  s.d.s.web.ClassOrApiAnnotationResourceGrouping - Group for method createSession was 用户登录接口
2019-10-29 16:28:05.306 [main] INFO  s.d.s.web.ClassOrApiAnnotationResourceGrouping - Group for method createSession was 用户登录接口
2019-10-29 16:28:05.446 [main] INFO  org.apache.coyote.http11.Http11NioProtocol - Starting ProtocolHandler ["http-nio-8090"]
2019-10-29 16:28:05.466 [main] INFO  o.s.boot.web.embedded.tomcat.TomcatWebServer - Tomcat started on port(s): 8090 (http) with context path ''
2019-10-29 16:28:05.466 [main] INFO  com.example.demo01.Demo01Application - Started Demo01Application in 4.5 seconds (JVM running for 5.184)
2019-10-29 16:39:24.772 [main] INFO  com.example.demo01.Demo01Application - Starting Demo01Application on DESKTOP-AGAP1UM with PID 2376 (E:\demo01\target\classes started by admin in E:\demo01)
2019-10-29 16:39:24.772 [main] INFO  com.example.demo01.Demo01Application - No active profile set, falling back to default profiles: default
2019-10-29 16:39:25.512 [main] INFO  o.s.d.r.config.RepositoryConfigurationDelegate - Bootstrapping Spring Data repositories in DEFAULT mode.
2019-10-29 16:39:25.582 [main] INFO  o.s.d.r.config.RepositoryConfigurationDelegate - Finished Spring Data repository scanning in 70ms. Found 2 repository interfaces.
2019-10-29 16:39:25.852 [main] INFO  o.s.c.s.PostProcessorRegistrationDelegate$BeanPostProcessorChecker - Bean 'org.springframework.transaction.annotation.ProxyTransactionManagementConfiguration' of type [org.springframework.transaction.annotation.ProxyTransactionManagementConfiguration$$EnhancerBySpringCGLIB$$b9a84e79] is not eligible for getting processed by all BeanPostProcessors (for example: not eligible for auto-proxying)
2019-10-29 16:39:25.942 [main] INFO  o.s.c.s.PostProcessorRegistrationDelegate$BeanPostProcessorChecker - Bean 'org.springframework.hateoas.config.HateoasConfiguration' of type [org.springframework.hateoas.config.HateoasConfiguration$$EnhancerBySpringCGLIB$$39289bab] is not eligible for getting processed by all BeanPostProcessors (for example: not eligible for auto-proxying)
2019-10-29 16:39:26.202 [main] INFO  o.s.boot.web.embedded.tomcat.TomcatWebServer - Tomcat initialized with port(s): 8090 (http)
2019-10-29 16:39:26.212 [main] INFO  org.apache.coyote.http11.Http11NioProtocol - Initializing ProtocolHandler ["http-nio-8090"]
2019-10-29 16:39:26.222 [main] INFO  org.apache.catalina.core.StandardService - Starting service [Tomcat]
2019-10-29 16:39:26.222 [main] INFO  org.apache.catalina.core.StandardEngine - Starting Servlet engine: [Apache Tomcat/9.0.14]
2019-10-29 16:39:26.232 [main] INFO  org.apache.catalina.core.AprLifecycleListener - The APR based Apache Tomcat Native library which allows optimal performance in production environments was not found on the java.library.path: [C:\Program Files\Java\jdk1.8.0_161\bin;C:\Windows\Sun\Java\bin;C:\Windows\system32;C:\Windows;C:\ProgramData\Oracle\Java\javapath;C:\Windows\system32;C:\Windows;C:\Windows\System32\Wbem;C:\Windows\System32\WindowsPowerShell\v1.0\;C:\Windows\System32\OpenSSH\;C:\Program Files\Java\jdk1.8.0_161\bin;C:\Program Files\Java\jdk1.8.0_161\jre\bin;C:\Program Files\Git\cmd;F:\apache-maven-3.3.9\bin;C:\Users\admin\AppData\Local\Microsoft\WindowsApps;;.]
2019-10-29 16:39:26.322 [main] INFO  o.a.c.core.ContainerBase.[Tomcat].[localhost].[/] - Initializing Spring embedded WebApplicationContext
2019-10-29 16:39:26.322 [main] INFO  org.springframework.web.context.ContextLoader - Root WebApplicationContext: initialization completed in 1500 ms
2019-10-29 16:39:26.502 [main] INFO  com.zaxxer.hikari.HikariDataSource - HikariPool-1 - Starting...
2019-10-29 16:39:26.592 [main] INFO  com.zaxxer.hikari.HikariDataSource - HikariPool-1 - Start completed.
2019-10-29 16:39:26.622 [main] INFO  org.hibernate.jpa.internal.util.LogHelper - HHH000204: Processing PersistenceUnitInfo [
	name: default
	...]
2019-10-29 16:39:26.712 [main] INFO  org.hibernate.Version - HHH000412: Hibernate Core {5.3.7.Final}
2019-10-29 16:39:26.722 [main] INFO  org.hibernate.cfg.Environment - HHH000206: hibernate.properties not found
2019-10-29 16:39:26.832 [main] INFO  org.hibernate.annotations.common.Version - HCANN000001: Hibernate Commons Annotations {5.0.4.Final}
2019-10-29 16:39:26.952 [main] INFO  org.hibernate.dialect.Dialect - HHH000400: Using dialect: org.hibernate.dialect.MySQL5Dialect
2019-10-29 16:39:27.502 [main] INFO  o.s.orm.jpa.LocalContainerEntityManagerFactoryBean - Initialized JPA EntityManagerFactory for persistence unit 'default'
2019-10-29 16:39:28.052 [main] WARN  o.s.b.a.o.j.JpaBaseConfiguration$JpaWebConfiguration$JpaWebMvcConfiguration - spring.jpa.open-in-view is enabled by default. Therefore, database queries may be performed during view rendering. Explicitly configure spring.jpa.open-in-view to disable this warning
2019-10-29 16:39:28.292 [main] INFO  o.s.scheduling.concurrent.ThreadPoolTaskExecutor - Initializing ExecutorService 'applicationTaskExecutor'
2019-10-29 16:39:28.362 [main] INFO  o.s.b.a.web.servlet.WelcomePageHandlerMapping - Adding welcome page: class path resource [static/index.html]
2019-10-29 16:39:28.452 [main] INFO  s.d.s.web.plugins.DocumentationPluginsBootstrapper - Context refreshed
2019-10-29 16:39:28.472 [main] INFO  s.d.s.web.plugins.DocumentationPluginsBootstrapper - Found {0} custom documentation plugin(s)
2019-10-29 16:39:28.472 [main] INFO  s.d.spring.web.scanners.ApiListingReferenceScanner - Scanning for api listing references
2019-10-29 16:39:28.482 [main] INFO  s.d.s.web.ClassOrApiAnnotationResourceGrouping - Group for method createSession was 用户登录接口
2019-10-29 16:39:28.482 [main] INFO  s.d.spring.web.scanners.ApiListingReferenceScanner - Request mapping: createSession belongs to groups: [[ResourceGroup{groupName='用户登录接口', position=0, controller=com.example.demo01.controller.LoginController}]] 
2019-10-29 16:39:28.482 [main] INFO  s.d.s.web.ClassOrApiAnnotationResourceGrouping - Group for method getList was order-controller
2019-10-29 16:39:28.482 [main] INFO  s.d.spring.web.scanners.ApiListingReferenceScanner - Request mapping: getList belongs to groups: [[ResourceGroup{groupName='order-controller', position=0, controller=com.example.demo01.controller.OrderController}]] 
2019-10-29 16:39:28.482 [main] INFO  s.d.s.web.ClassOrApiAnnotationResourceGrouping - Group for method index was order-controller
2019-10-29 16:39:28.482 [main] INFO  s.d.spring.web.scanners.ApiListingReferenceScanner - Request mapping: index belongs to groups: [[ResourceGroup{groupName='order-controller', position=0, controller=com.example.demo01.controller.OrderController}]] 
2019-10-29 16:39:28.482 [main] INFO  s.d.spring.web.scanners.ApiListingReferenceScanner - Created resource listing Path: /default/order-controller Description: order-controller Position: 0
2019-10-29 16:39:28.482 [main] INFO  s.d.spring.web.scanners.ApiListingReferenceScanner - Created resource listing Path: /default/用户登录接口 Description: 用户登录接口 Position: 0
2019-10-29 16:39:28.502 [main] INFO  s.documentation.schema.ModelContextKeyGenerator - Cache Key Generated: com.example.demo01.page.Pagination<com.example.demo01.model.OrderBo>(true)
2019-10-29 16:39:28.502 [main] INFO  s.documentation.spring.web.caching.CachingAspect - Caching aspect applied for cache models with key com.example.demo01.page.Pagination<com.example.demo01.model.OrderBo>(true)
2019-10-29 16:39:28.502 [main] INFO  s.d.schema.property.ModelPropertiesKeyGenerator - Cache key generated: com.example.demo01.page.Pagination<com.example.demo01.model.OrderBo>(true)
2019-10-29 16:39:28.502 [main] INFO  s.documentation.spring.web.caching.CachingAspect - Caching aspect applied for cache modelProperties with key com.example.demo01.page.Pagination<com.example.demo01.model.OrderBo>(true)
2019-10-29 16:39:28.532 [main] INFO  s.documentation.schema.ModelContextKeyGenerator - Cache Key Generated: com.example.demo01.page.Pagination<com.example.demo01.model.OrderBo>(true)
2019-10-29 16:39:28.532 [main] INFO  s.documentation.spring.web.caching.CachingAspect - Caching aspect applied for cache modelDependencies with key com.example.demo01.page.Pagination<com.example.demo01.model.OrderBo>(true)
2019-10-29 16:39:28.532 [main] INFO  s.d.schema.property.ModelPropertiesKeyGenerator - Cache key generated: com.example.demo01.model.OrderBo(true)
2019-10-29 16:39:28.532 [main] INFO  s.documentation.spring.web.caching.CachingAspect - Caching aspect applied for cache modelProperties with key com.example.demo01.model.OrderBo(true)
2019-10-29 16:39:28.542 [main] INFO  s.d.schema.property.ModelPropertiesKeyGenerator - Cache key generated: com.example.demo01.page.Pagination<com.example.demo01.model.OrderBo>(true)
2019-10-29 16:39:28.542 [main] INFO  s.documentation.spring.web.caching.CachingAspect - Caching aspect applied for cache modelProperties with key com.example.demo01.page.Pagination<com.example.demo01.model.OrderBo>(true)
2019-10-29 16:39:28.542 [main] INFO  s.d.schema.property.ModelPropertiesKeyGenerator - Cache key generated: com.example.demo01.model.OrderBo(true)
2019-10-29 16:39:28.542 [main] INFO  s.documentation.spring.web.caching.CachingAspect - Caching aspect applied for cache modelProperties with key com.example.demo01.model.OrderBo(true)
2019-10-29 16:39:28.542 [main] INFO  s.d.schema.property.ModelPropertiesKeyGenerator - Cache key generated: com.example.demo01.model.OrderBo(true)
2019-10-29 16:39:28.542 [main] INFO  s.documentation.spring.web.caching.CachingAspect - Caching aspect applied for cache modelProperties with key com.example.demo01.model.OrderBo(true)
2019-10-29 16:39:28.542 [main] INFO  s.documentation.spring.web.OperationsKeyGenerator - Cache key generated: /order/detail.com.example.demo01.controller.OrderController.getList.DefaultGenericTypeNamingStrategy
2019-10-29 16:39:28.542 [main] INFO  s.documentation.spring.web.caching.CachingAspect - Caching aspect applied for cache operations with key /order/detail.com.example.demo01.controller.OrderController.getList.DefaultGenericTypeNamingStrategy
2019-10-29 16:39:28.562 [main] INFO  s.d.s.web.ClassOrApiAnnotationResourceGrouping - Group for method getList was order-controller
2019-10-29 16:39:28.572 [main] INFO  s.d.s.web.ClassOrApiAnnotationResourceGrouping - Group for method getList was order-controller
2019-10-29 16:39:28.572 [main] INFO  s.documentation.schema.ModelContextKeyGenerator - Cache Key Generated: java.lang.String(true)
2019-10-29 16:39:28.572 [main] INFO  s.documentation.spring.web.caching.CachingAspect - Caching aspect applied for cache models with key java.lang.String(true)
2019-10-29 16:39:28.572 [main] INFO  s.documentation.schema.ModelContextKeyGenerator - Cache Key Generated: java.lang.String(true)
2019-10-29 16:39:28.572 [main] INFO  s.documentation.spring.web.caching.CachingAspect - Caching aspect applied for cache modelDependencies with key java.lang.String(true)
2019-10-29 16:39:28.572 [main] INFO  s.documentation.spring.web.OperationsKeyGenerator - Cache key generated: /order/index.com.example.demo01.controller.OrderController.index.DefaultGenericTypeNamingStrategy
2019-10-29 16:39:28.572 [main] INFO  s.documentation.spring.web.caching.CachingAspect - Caching aspect applied for cache operations with key /order/index.com.example.demo01.controller.OrderController.index.DefaultGenericTypeNamingStrategy
2019-10-29 16:39:28.582 [main] INFO  s.d.s.web.ClassOrApiAnnotationResourceGrouping - Group for method index was order-controller
2019-10-29 16:39:28.582 [main] INFO  s.d.s.web.ClassOrApiAnnotationResourceGrouping - Group for method index was order-controller
2019-10-29 16:39:28.582 [main] INFO  s.documentation.schema.ModelContextKeyGenerator - Cache Key Generated: java.lang.String(true)
2019-10-29 16:39:28.582 [main] INFO  s.documentation.spring.web.caching.CachingAspect - Caching aspect applied for cache models with key java.lang.String(true)
2019-10-29 16:39:28.582 [main] INFO  s.documentation.schema.ModelContextKeyGenerator - Cache Key Generated: java.lang.String(true)
2019-10-29 16:39:28.582 [main] INFO  s.documentation.spring.web.caching.CachingAspect - Caching aspect applied for cache modelDependencies with key java.lang.String(true)
2019-10-29 16:39:28.582 [main] INFO  s.documentation.schema.ModelContextKeyGenerator - Cache Key Generated: com.example.demo01.model.AdminLoginRequest(false)
2019-10-29 16:39:28.582 [main] INFO  s.documentation.spring.web.caching.CachingAspect - Caching aspect applied for cache models with key com.example.demo01.model.AdminLoginRequest(false)
2019-10-29 16:39:28.582 [main] INFO  s.d.schema.property.ModelPropertiesKeyGenerator - Cache key generated: com.example.demo01.model.AdminLoginRequest(false)
2019-10-29 16:39:28.582 [main] INFO  s.documentation.spring.web.caching.CachingAspect - Caching aspect applied for cache modelProperties with key com.example.demo01.model.AdminLoginRequest(false)
2019-10-29 16:39:28.582 [main] INFO  s.documentation.schema.ModelContextKeyGenerator - Cache Key Generated: com.example.demo01.model.AdminLoginRequest(false)
2019-10-29 16:39:28.582 [main] INFO  s.documentation.spring.web.caching.CachingAspect - Caching aspect applied for cache modelDependencies with key com.example.demo01.model.AdminLoginRequest(false)
2019-10-29 16:39:28.582 [main] INFO  s.d.schema.property.ModelPropertiesKeyGenerator - Cache key generated: com.example.demo01.model.AdminLoginRequest(false)
2019-10-29 16:39:28.582 [main] INFO  s.documentation.spring.web.caching.CachingAspect - Caching aspect applied for cache modelProperties with key com.example.demo01.model.AdminLoginRequest(false)
2019-10-29 16:39:28.582 [main] INFO  s.documentation.spring.web.OperationsKeyGenerator - Cache key generated: /login/create.com.example.demo01.controller.LoginController.createSession.DefaultGenericTypeNamingStrategy
2019-10-29 16:39:28.582 [main] INFO  s.documentation.spring.web.caching.CachingAspect - Caching aspect applied for cache operations with key /login/create.com.example.demo01.controller.LoginController.createSession.DefaultGenericTypeNamingStrategy
2019-10-29 16:39:28.592 [main] INFO  s.d.s.web.ClassOrApiAnnotationResourceGrouping - Group for method createSession was 用户登录接口
2019-10-29 16:39:28.592 [main] INFO  s.d.s.web.ClassOrApiAnnotationResourceGrouping - Group for method createSession was 用户登录接口
2019-10-29 16:39:28.722 [main] INFO  org.apache.coyote.http11.Http11NioProtocol - Starting ProtocolHandler ["http-nio-8090"]
2019-10-29 16:39:28.752 [main] INFO  o.s.boot.web.embedded.tomcat.TomcatWebServer - Tomcat started on port(s): 8090 (http) with context path ''
2019-10-29 16:39:28.752 [main] INFO  com.example.demo01.Demo01Application - Started Demo01Application in 4.48 seconds (JVM running for 5.231)
2019-10-29 16:39:33.822 [http-nio-8090-exec-1] INFO  o.a.c.core.ContainerBase.[Tomcat].[localhost].[/] - Initializing Spring DispatcherServlet 'dispatcherServlet'
2019-10-29 16:39:33.822 [http-nio-8090-exec-1] INFO  org.springframework.web.servlet.DispatcherServlet - Initializing Servlet 'dispatcherServlet'
2019-10-29 16:39:33.822 [http-nio-8090-exec-1] INFO  org.springframework.web.servlet.DispatcherServlet - Completed initialization in 0 ms
2019-10-29 16:39:33.912 [http-nio-8090-exec-1] INFO  o.h.hql.internal.QueryTranslatorFactoryInitiator - HHH000397: Using ASTQueryTranslatorFactory
2019-10-29 16:39:34.002 [http-nio-8090-exec-1] TRACE org.hibernate.type.descriptor.sql.BasicBinder - binding parameter [1] as [VARCHAR] - [admin]
2019-10-29 16:39:34.002 [http-nio-8090-exec-1] TRACE org.hibernate.type.descriptor.sql.BasicBinder - binding parameter [2] as [VARCHAR] - [e10adc3949ba59abbe56e057f20f883e]
2019-10-29 16:39:34.022 [http-nio-8090-exec-1] INFO  com.example.demo01.service.impl.SessionServiceImpl - info级别的日志
2019-10-29 16:39:34.022 [http-nio-8090-exec-1] WARN  com.example.demo01.service.impl.SessionServiceImpl - warn级别的日志
2019-10-29 16:39:34.022 [http-nio-8090-exec-1] ERROR com.example.demo01.service.impl.SessionServiceImpl - error级别的日志
2019-10-29 16:39:50.902 [http-nio-8090-exec-2] TRACE org.hibernate.type.descriptor.sql.BasicBinder - binding parameter [1] as [VARCHAR] - [2010-01-01 00:00:00]
2019-10-29 16:39:50.902 [http-nio-8090-exec-2] TRACE org.hibernate.type.descriptor.sql.BasicBinder - binding parameter [2] as [VARCHAR] - [2020-01-01 00:00:00]
2019-10-29 16:40:56.624 [http-nio-8090-exec-4] TRACE org.hibernate.type.descriptor.sql.BasicBinder - binding parameter [1] as [VARCHAR] - [2010-01-01 00:00:00]
2019-10-29 16:40:56.624 [http-nio-8090-exec-4] TRACE org.hibernate.type.descriptor.sql.BasicBinder - binding parameter [2] as [VARCHAR] - [2020-01-01 00:00:00]
2019-10-29 16:42:58.402 [main] INFO  com.example.demo01.Demo01Application - Starting Demo01Application on DESKTOP-AGAP1UM with PID 8596 (E:\demo01\target\classes started by admin in E:\demo01)
2019-10-29 16:42:58.412 [main] INFO  com.example.demo01.Demo01Application - No active profile set, falling back to default profiles: default
2019-10-29 16:42:59.092 [main] INFO  o.s.d.r.config.RepositoryConfigurationDelegate - Bootstrapping Spring Data repositories in DEFAULT mode.
2019-10-29 16:42:59.152 [main] INFO  o.s.d.r.config.RepositoryConfigurationDelegate - Finished Spring Data repository scanning in 60ms. Found 2 repository interfaces.
2019-10-29 16:42:59.442 [main] INFO  o.s.c.s.PostProcessorRegistrationDelegate$BeanPostProcessorChecker - Bean 'org.springframework.transaction.annotation.ProxyTransactionManagementConfiguration' of type [org.springframework.transaction.annotation.ProxyTransactionManagementConfiguration$$EnhancerBySpringCGLIB$$7efe6ae8] is not eligible for getting processed by all BeanPostProcessors (for example: not eligible for auto-proxying)
2019-10-29 16:42:59.522 [main] INFO  o.s.c.s.PostProcessorRegistrationDelegate$BeanPostProcessorChecker - Bean 'org.springframework.hateoas.config.HateoasConfiguration' of type [org.springframework.hateoas.config.HateoasConfiguration$$EnhancerBySpringCGLIB$$fe7eb81a] is not eligible for getting processed by all BeanPostProcessors (for example: not eligible for auto-proxying)
2019-10-29 16:42:59.792 [main] INFO  o.s.boot.web.embedded.tomcat.TomcatWebServer - Tomcat initialized with port(s): 8090 (http)
2019-10-29 16:42:59.802 [main] INFO  org.apache.coyote.http11.Http11NioProtocol - Initializing ProtocolHandler ["http-nio-8090"]
2019-10-29 16:42:59.812 [main] INFO  org.apache.catalina.core.StandardService - Starting service [Tomcat]
2019-10-29 16:42:59.812 [main] INFO  org.apache.catalina.core.StandardEngine - Starting Servlet engine: [Apache Tomcat/9.0.14]
2019-10-29 16:42:59.812 [main] INFO  org.apache.catalina.core.AprLifecycleListener - The APR based Apache Tomcat Native library which allows optimal performance in production environments was not found on the java.library.path: [C:\Program Files\Java\jdk1.8.0_161\bin;C:\Windows\Sun\Java\bin;C:\Windows\system32;C:\Windows;C:\ProgramData\Oracle\Java\javapath;C:\Windows\system32;C:\Windows;C:\Windows\System32\Wbem;C:\Windows\System32\WindowsPowerShell\v1.0\;C:\Windows\System32\OpenSSH\;C:\Program Files\Java\jdk1.8.0_161\bin;C:\Program Files\Java\jdk1.8.0_161\jre\bin;C:\Program Files\Git\cmd;F:\apache-maven-3.3.9\bin;C:\Users\admin\AppData\Local\Microsoft\WindowsApps;;.]
2019-10-29 16:42:59.902 [main] INFO  o.a.c.core.ContainerBase.[Tomcat].[localhost].[/] - Initializing Spring embedded WebApplicationContext
2019-10-29 16:42:59.902 [main] INFO  org.springframework.web.context.ContextLoader - Root WebApplicationContext: initialization completed in 1450 ms
2019-10-29 16:43:00.082 [main] INFO  com.zaxxer.hikari.HikariDataSource - HikariPool-1 - Starting...
2019-10-29 16:43:00.172 [main] INFO  com.zaxxer.hikari.HikariDataSource - HikariPool-1 - Start completed.
2019-10-29 16:43:00.212 [main] INFO  org.hibernate.jpa.internal.util.LogHelper - HHH000204: Processing PersistenceUnitInfo [
	name: default
	...]
2019-10-29 16:43:00.262 [main] INFO  org.hibernate.Version - HHH000412: Hibernate Core {5.3.7.Final}
2019-10-29 16:43:00.262 [main] INFO  org.hibernate.cfg.Environment - HHH000206: hibernate.properties not found
2019-10-29 16:43:00.372 [main] INFO  org.hibernate.annotations.common.Version - HCANN000001: Hibernate Commons Annotations {5.0.4.Final}
2019-10-29 16:43:00.492 [main] INFO  org.hibernate.dialect.Dialect - HHH000400: Using dialect: org.hibernate.dialect.MySQL5Dialect
2019-10-29 16:43:01.062 [main] INFO  o.s.orm.jpa.LocalContainerEntityManagerFactoryBean - Initialized JPA EntityManagerFactory for persistence unit 'default'
2019-10-29 16:43:01.592 [main] WARN  o.s.b.a.o.j.JpaBaseConfiguration$JpaWebConfiguration$JpaWebMvcConfiguration - spring.jpa.open-in-view is enabled by default. Therefore, database queries may be performed during view rendering. Explicitly configure spring.jpa.open-in-view to disable this warning
2019-10-29 16:43:01.842 [main] INFO  o.s.scheduling.concurrent.ThreadPoolTaskExecutor - Initializing ExecutorService 'applicationTaskExecutor'
2019-10-29 16:43:01.912 [main] INFO  o.s.b.a.web.servlet.WelcomePageHandlerMapping - Adding welcome page: class path resource [static/index.html]
2019-10-29 16:43:02.012 [main] INFO  s.d.s.web.plugins.DocumentationPluginsBootstrapper - Context refreshed
2019-10-29 16:43:02.022 [main] INFO  s.d.s.web.plugins.DocumentationPluginsBootstrapper - Found {0} custom documentation plugin(s)
2019-10-29 16:43:02.032 [main] INFO  s.d.spring.web.scanners.ApiListingReferenceScanner - Scanning for api listing references
2019-10-29 16:43:02.032 [main] INFO  s.d.s.web.ClassOrApiAnnotationResourceGrouping - Group for method createSession was 用户登录接口
2019-10-29 16:43:02.032 [main] INFO  s.d.spring.web.scanners.ApiListingReferenceScanner - Request mapping: createSession belongs to groups: [[ResourceGroup{groupName='用户登录接口', position=0, controller=com.example.demo01.controller.LoginController}]] 
2019-10-29 16:43:02.032 [main] INFO  s.d.s.web.ClassOrApiAnnotationResourceGrouping - Group for method getList was order-controller
2019-10-29 16:43:02.032 [main] INFO  s.d.spring.web.scanners.ApiListingReferenceScanner - Request mapping: getList belongs to groups: [[ResourceGroup{groupName='order-controller', position=0, controller=com.example.demo01.controller.OrderController}]] 
2019-10-29 16:43:02.032 [main] INFO  s.d.s.web.ClassOrApiAnnotationResourceGrouping - Group for method index was order-controller
2019-10-29 16:43:02.042 [main] INFO  s.d.spring.web.scanners.ApiListingReferenceScanner - Request mapping: index belongs to groups: [[ResourceGroup{groupName='order-controller', position=0, controller=com.example.demo01.controller.OrderController}]] 
2019-10-29 16:43:02.042 [main] INFO  s.d.spring.web.scanners.ApiListingReferenceScanner - Created resource listing Path: /default/order-controller Description: order-controller Position: 0
2019-10-29 16:43:02.042 [main] INFO  s.d.spring.web.scanners.ApiListingReferenceScanner - Created resource listing Path: /default/用户登录接口 Description: 用户登录接口 Position: 0
2019-10-29 16:43:02.062 [main] INFO  s.documentation.schema.ModelContextKeyGenerator - Cache Key Generated: com.example.demo01.page.Pagination<com.example.demo01.model.OrderBo>(true)
2019-10-29 16:43:02.062 [main] INFO  s.documentation.spring.web.caching.CachingAspect - Caching aspect applied for cache models with key com.example.demo01.page.Pagination<com.example.demo01.model.OrderBo>(true)
2019-10-29 16:43:02.062 [main] INFO  s.d.schema.property.ModelPropertiesKeyGenerator - Cache key generated: com.example.demo01.page.Pagination<com.example.demo01.model.OrderBo>(true)
2019-10-29 16:43:02.062 [main] INFO  s.documentation.spring.web.caching.CachingAspect - Caching aspect applied for cache modelProperties with key com.example.demo01.page.Pagination<com.example.demo01.model.OrderBo>(true)
2019-10-29 16:43:02.102 [main] INFO  s.documentation.schema.ModelContextKeyGenerator - Cache Key Generated: com.example.demo01.page.Pagination<com.example.demo01.model.OrderBo>(true)
2019-10-29 16:43:02.102 [main] INFO  s.documentation.spring.web.caching.CachingAspect - Caching aspect applied for cache modelDependencies with key com.example.demo01.page.Pagination<com.example.demo01.model.OrderBo>(true)
2019-10-29 16:43:02.102 [main] INFO  s.d.schema.property.ModelPropertiesKeyGenerator - Cache key generated: com.example.demo01.model.OrderBo(true)
2019-10-29 16:43:02.102 [main] INFO  s.documentation.spring.web.caching.CachingAspect - Caching aspect applied for cache modelProperties with key com.example.demo01.model.OrderBo(true)
2019-10-29 16:43:02.112 [main] INFO  s.d.schema.property.ModelPropertiesKeyGenerator - Cache key generated: com.example.demo01.page.Pagination<com.example.demo01.model.OrderBo>(true)
2019-10-29 16:43:02.112 [main] INFO  s.documentation.spring.web.caching.CachingAspect - Caching aspect applied for cache modelProperties with key com.example.demo01.page.Pagination<com.example.demo01.model.OrderBo>(true)
2019-10-29 16:43:02.112 [main] INFO  s.d.schema.property.ModelPropertiesKeyGenerator - Cache key generated: com.example.demo01.model.OrderBo(true)
2019-10-29 16:43:02.112 [main] INFO  s.documentation.spring.web.caching.CachingAspect - Caching aspect applied for cache modelProperties with key com.example.demo01.model.OrderBo(true)
2019-10-29 16:43:02.112 [main] INFO  s.d.schema.property.ModelPropertiesKeyGenerator - Cache key generated: com.example.demo01.model.OrderBo(true)
2019-10-29 16:43:02.112 [main] INFO  s.documentation.spring.web.caching.CachingAspect - Caching aspect applied for cache modelProperties with key com.example.demo01.model.OrderBo(true)
2019-10-29 16:43:02.112 [main] INFO  s.documentation.spring.web.OperationsKeyGenerator - Cache key generated: /order/detail.com.example.demo01.controller.OrderController.getList.DefaultGenericTypeNamingStrategy
2019-10-29 16:43:02.112 [main] INFO  s.documentation.spring.web.caching.CachingAspect - Caching aspect applied for cache operations with key /order/detail.com.example.demo01.controller.OrderController.getList.DefaultGenericTypeNamingStrategy
2019-10-29 16:43:02.132 [main] INFO  s.d.s.web.ClassOrApiAnnotationResourceGrouping - Group for method getList was order-controller
2019-10-29 16:43:02.142 [main] INFO  s.d.s.web.ClassOrApiAnnotationResourceGrouping - Group for method getList was order-controller
2019-10-29 16:43:02.142 [main] INFO  s.documentation.schema.ModelContextKeyGenerator - Cache Key Generated: java.lang.String(true)
2019-10-29 16:43:02.142 [main] INFO  s.documentation.spring.web.caching.CachingAspect - Caching aspect applied for cache models with key java.lang.String(true)
2019-10-29 16:43:02.142 [main] INFO  s.documentation.schema.ModelContextKeyGenerator - Cache Key Generated: java.lang.String(true)
2019-10-29 16:43:02.142 [main] INFO  s.documentation.spring.web.caching.CachingAspect - Caching aspect applied for cache modelDependencies with key java.lang.String(true)
2019-10-29 16:43:02.142 [main] INFO  s.documentation.spring.web.OperationsKeyGenerator - Cache key generated: /order/index.com.example.demo01.controller.OrderController.index.DefaultGenericTypeNamingStrategy
2019-10-29 16:43:02.142 [main] INFO  s.documentation.spring.web.caching.CachingAspect - Caching aspect applied for cache operations with key /order/index.com.example.demo01.controller.OrderController.index.DefaultGenericTypeNamingStrategy
2019-10-29 16:43:02.142 [main] INFO  s.d.s.web.ClassOrApiAnnotationResourceGrouping - Group for method index was order-controller
2019-10-29 16:43:02.152 [main] INFO  s.d.s.web.ClassOrApiAnnotationResourceGrouping - Group for method index was order-controller
2019-10-29 16:43:02.152 [main] INFO  s.documentation.schema.ModelContextKeyGenerator - Cache Key Generated: java.lang.String(true)
2019-10-29 16:43:02.152 [main] INFO  s.documentation.spring.web.caching.CachingAspect - Caching aspect applied for cache models with key java.lang.String(true)
2019-10-29 16:43:02.152 [main] INFO  s.documentation.schema.ModelContextKeyGenerator - Cache Key Generated: java.lang.String(true)
2019-10-29 16:43:02.152 [main] INFO  s.documentation.spring.web.caching.CachingAspect - Caching aspect applied for cache modelDependencies with key java.lang.String(true)
2019-10-29 16:43:02.152 [main] INFO  s.documentation.schema.ModelContextKeyGenerator - Cache Key Generated: com.example.demo01.model.AdminLoginRequest(false)
2019-10-29 16:43:02.152 [main] INFO  s.documentation.spring.web.caching.CachingAspect - Caching aspect applied for cache models with key com.example.demo01.model.AdminLoginRequest(false)
2019-10-29 16:43:02.152 [main] INFO  s.d.schema.property.ModelPropertiesKeyGenerator - Cache key generated: com.example.demo01.model.AdminLoginRequest(false)
2019-10-29 16:43:02.152 [main] INFO  s.documentation.spring.web.caching.CachingAspect - Caching aspect applied for cache modelProperties with key com.example.demo01.model.AdminLoginRequest(false)
2019-10-29 16:43:02.152 [main] INFO  s.documentation.schema.ModelContextKeyGenerator - Cache Key Generated: com.example.demo01.model.AdminLoginRequest(false)
2019-10-29 16:43:02.152 [main] INFO  s.documentation.spring.web.caching.CachingAspect - Caching aspect applied for cache modelDependencies with key com.example.demo01.model.AdminLoginRequest(false)
2019-10-29 16:43:02.152 [main] INFO  s.d.schema.property.ModelPropertiesKeyGenerator - Cache key generated: com.example.demo01.model.AdminLoginRequest(false)
2019-10-29 16:43:02.152 [main] INFO  s.documentation.spring.web.caching.CachingAspect - Caching aspect applied for cache modelProperties with key com.example.demo01.model.AdminLoginRequest(false)
2019-10-29 16:43:02.152 [main] INFO  s.documentation.spring.web.OperationsKeyGenerator - Cache key generated: /login/create.com.example.demo01.controller.LoginController.createSession.DefaultGenericTypeNamingStrategy
2019-10-29 16:43:02.152 [main] INFO  s.documentation.spring.web.caching.CachingAspect - Caching aspect applied for cache operations with key /login/create.com.example.demo01.controller.LoginController.createSession.DefaultGenericTypeNamingStrategy
2019-10-29 16:43:02.152 [main] INFO  s.d.s.web.ClassOrApiAnnotationResourceGrouping - Group for method createSession was 用户登录接口
2019-10-29 16:43:02.162 [main] INFO  s.d.s.web.ClassOrApiAnnotationResourceGrouping - Group for method createSession was 用户登录接口
2019-10-29 16:43:02.282 [main] INFO  org.apache.coyote.http11.Http11NioProtocol - Starting ProtocolHandler ["http-nio-8090"]
2019-10-29 16:43:02.312 [main] INFO  o.s.boot.web.embedded.tomcat.TomcatWebServer - Tomcat started on port(s): 8090 (http) with context path ''
2019-10-29 16:43:02.312 [main] INFO  com.example.demo01.Demo01Application - Started Demo01Application in 4.38 seconds (JVM running for 5.087)
2019-10-29 16:43:15.792 [http-nio-8090-exec-1] INFO  o.a.c.core.ContainerBase.[Tomcat].[localhost].[/] - Initializing Spring DispatcherServlet 'dispatcherServlet'
2019-10-29 16:43:15.792 [http-nio-8090-exec-1] INFO  org.springframework.web.servlet.DispatcherServlet - Initializing Servlet 'dispatcherServlet'
2019-10-29 16:43:15.802 [http-nio-8090-exec-1] INFO  org.springframework.web.servlet.DispatcherServlet - Completed initialization in 10 ms
2019-10-29 16:43:16.132 [http-nio-8090-exec-1] INFO  o.h.hql.internal.QueryTranslatorFactoryInitiator - HHH000397: Using ASTQueryTranslatorFactory
2019-10-29 16:54:58.972 [main] INFO  com.example.demo01.Demo01Application - Starting Demo01Application on DESKTOP-AGAP1UM with PID 4364 (E:\demo01\target\classes started by admin in E:\demo01)
2019-10-29 16:54:58.982 [main] INFO  com.example.demo01.Demo01Application - No active profile set, falling back to default profiles: default
2019-10-29 16:54:59.852 [main] INFO  o.s.d.r.config.RepositoryConfigurationDelegate - Bootstrapping Spring Data repositories in DEFAULT mode.
2019-10-29 16:54:59.982 [main] INFO  o.s.d.r.config.RepositoryConfigurationDelegate - Finished Spring Data repository scanning in 120ms. Found 2 repository interfaces.
2019-10-29 16:55:00.612 [main] INFO  o.s.c.s.PostProcessorRegistrationDelegate$BeanPostProcessorChecker - Bean 'org.springframework.transaction.annotation.ProxyTransactionManagementConfiguration' of type [org.springframework.transaction.annotation.ProxyTransactionManagementConfiguration$$EnhancerBySpringCGLIB$$87744d2] is not eligible for getting processed by all BeanPostProcessors (for example: not eligible for auto-proxying)
2019-10-29 16:55:00.812 [main] INFO  o.s.c.s.PostProcessorRegistrationDelegate$BeanPostProcessorChecker - Bean 'org.springframework.hateoas.config.HateoasConfiguration' of type [org.springframework.hateoas.config.HateoasConfiguration$$EnhancerBySpringCGLIB$$87f79204] is not eligible for getting processed by all BeanPostProcessors (for example: not eligible for auto-proxying)
2019-10-29 16:55:01.422 [main] INFO  o.s.boot.web.embedded.tomcat.TomcatWebServer - Tomcat initialized with port(s): 8090 (http)
2019-10-29 16:55:01.442 [main] INFO  org.apache.coyote.http11.Http11NioProtocol - Initializing ProtocolHandler ["http-nio-8090"]
2019-10-29 16:55:01.452 [main] INFO  org.apache.catalina.core.StandardService - Starting service [Tomcat]
2019-10-29 16:55:01.452 [main] INFO  org.apache.catalina.core.StandardEngine - Starting Servlet engine: [Apache Tomcat/9.0.14]
2019-10-29 16:55:01.452 [main] INFO  org.apache.catalina.core.AprLifecycleListener - The APR based Apache Tomcat Native library which allows optimal performance in production environments was not found on the java.library.path: [C:\Program Files\Java\jdk1.8.0_161\bin;C:\Windows\Sun\Java\bin;C:\Windows\system32;C:\Windows;C:\ProgramData\Oracle\Java\javapath;C:\Windows\system32;C:\Windows;C:\Windows\System32\Wbem;C:\Windows\System32\WindowsPowerShell\v1.0\;C:\Windows\System32\OpenSSH\;C:\Program Files\Java\jdk1.8.0_161\bin;C:\Program Files\Java\jdk1.8.0_161\jre\bin;C:\Program Files\Git\cmd;F:\apache-maven-3.3.9\bin;C:\Users\admin\AppData\Local\Microsoft\WindowsApps;;.]
2019-10-29 16:55:01.592 [main] INFO  o.a.c.core.ContainerBase.[Tomcat].[localhost].[/] - Initializing Spring embedded WebApplicationContext
2019-10-29 16:55:01.592 [main] INFO  org.springframework.web.context.ContextLoader - Root WebApplicationContext: initialization completed in 2570 ms
2019-10-29 16:55:01.842 [main] INFO  com.zaxxer.hikari.HikariDataSource - HikariPool-1 - Starting...
2019-10-29 16:55:01.952 [main] INFO  com.zaxxer.hikari.HikariDataSource - HikariPool-1 - Start completed.
2019-10-29 16:55:01.992 [main] INFO  org.hibernate.jpa.internal.util.LogHelper - HHH000204: Processing PersistenceUnitInfo [
	name: default
	...]
2019-10-29 16:55:02.042 [main] INFO  org.hibernate.Version - HHH000412: Hibernate Core {5.3.7.Final}
2019-10-29 16:55:02.052 [main] INFO  org.hibernate.cfg.Environment - HHH000206: hibernate.properties not found
2019-10-29 16:55:02.172 [main] INFO  org.hibernate.annotations.common.Version - HCANN000001: Hibernate Commons Annotations {5.0.4.Final}
2019-10-29 16:55:02.302 [main] INFO  org.hibernate.dialect.Dialect - HHH000400: Using dialect: org.hibernate.dialect.MySQL5Dialect
2019-10-29 16:55:03.032 [main] INFO  o.s.orm.jpa.LocalContainerEntityManagerFactoryBean - Initialized JPA EntityManagerFactory for persistence unit 'default'
2019-10-29 16:55:03.632 [main] WARN  o.s.b.a.o.j.JpaBaseConfiguration$JpaWebConfiguration$JpaWebMvcConfiguration - spring.jpa.open-in-view is enabled by default. Therefore, database queries may be performed during view rendering. Explicitly configure spring.jpa.open-in-view to disable this warning
2019-10-29 16:55:03.932 [main] INFO  o.s.scheduling.concurrent.ThreadPoolTaskExecutor - Initializing ExecutorService 'applicationTaskExecutor'
2019-10-29 16:55:04.002 [main] INFO  o.s.b.a.web.servlet.WelcomePageHandlerMapping - Adding welcome page: class path resource [static/index.html]
2019-10-29 16:55:04.102 [main] INFO  s.d.s.web.plugins.DocumentationPluginsBootstrapper - Context refreshed
2019-10-29 16:55:04.112 [main] INFO  s.d.s.web.plugins.DocumentationPluginsBootstrapper - Found {0} custom documentation plugin(s)
2019-10-29 16:55:04.122 [main] INFO  s.d.spring.web.scanners.ApiListingReferenceScanner - Scanning for api listing references
2019-10-29 16:55:04.122 [main] INFO  s.d.s.web.ClassOrApiAnnotationResourceGrouping - Group for method createSession was 用户登录接口
2019-10-29 16:55:04.132 [main] INFO  s.d.spring.web.scanners.ApiListingReferenceScanner - Request mapping: createSession belongs to groups: [[ResourceGroup{groupName='用户登录接口', position=0, controller=com.example.demo01.controller.LoginController}]] 
2019-10-29 16:55:04.132 [main] INFO  s.d.s.web.ClassOrApiAnnotationResourceGrouping - Group for method getList was order-controller
2019-10-29 16:55:04.132 [main] INFO  s.d.spring.web.scanners.ApiListingReferenceScanner - Request mapping: getList belongs to groups: [[ResourceGroup{groupName='order-controller', position=0, controller=com.example.demo01.controller.OrderController}]] 
2019-10-29 16:55:04.132 [main] INFO  s.d.s.web.ClassOrApiAnnotationResourceGrouping - Group for method index was order-controller
2019-10-29 16:55:04.132 [main] INFO  s.d.spring.web.scanners.ApiListingReferenceScanner - Request mapping: index belongs to groups: [[ResourceGroup{groupName='order-controller', position=0, controller=com.example.demo01.controller.OrderController}]] 
2019-10-29 16:55:04.132 [main] INFO  s.d.spring.web.scanners.ApiListingReferenceScanner - Created resource listing Path: /default/order-controller Description: order-controller Position: 0
2019-10-29 16:55:04.132 [main] INFO  s.d.spring.web.scanners.ApiListingReferenceScanner - Created resource listing Path: /default/用户登录接口 Description: 用户登录接口 Position: 0
2019-10-29 16:55:04.162 [main] INFO  s.documentation.schema.ModelContextKeyGenerator - Cache Key Generated: com.example.demo01.page.Pagination<com.example.demo01.model.OrderBo>(true)
2019-10-29 16:55:04.162 [main] INFO  s.documentation.spring.web.caching.CachingAspect - Caching aspect applied for cache models with key com.example.demo01.page.Pagination<com.example.demo01.model.OrderBo>(true)
2019-10-29 16:55:04.172 [main] INFO  s.d.schema.property.ModelPropertiesKeyGenerator - Cache key generated: com.example.demo01.page.Pagination<com.example.demo01.model.OrderBo>(true)
2019-10-29 16:55:04.172 [main] INFO  s.documentation.spring.web.caching.CachingAspect - Caching aspect applied for cache modelProperties with key com.example.demo01.page.Pagination<com.example.demo01.model.OrderBo>(true)
2019-10-29 16:55:04.202 [main] INFO  s.documentation.schema.ModelContextKeyGenerator - Cache Key Generated: com.example.demo01.page.Pagination<com.example.demo01.model.OrderBo>(true)
2019-10-29 16:55:04.202 [main] INFO  s.documentation.spring.web.caching.CachingAspect - Caching aspect applied for cache modelDependencies with key com.example.demo01.page.Pagination<com.example.demo01.model.OrderBo>(true)
2019-10-29 16:55:04.202 [main] INFO  s.d.schema.property.ModelPropertiesKeyGenerator - Cache key generated: com.example.demo01.model.OrderBo(true)
2019-10-29 16:55:04.202 [main] INFO  s.documentation.spring.web.caching.CachingAspect - Caching aspect applied for cache modelProperties with key com.example.demo01.model.OrderBo(true)
2019-10-29 16:55:04.212 [main] INFO  s.d.schema.property.ModelPropertiesKeyGenerator - Cache key generated: com.example.demo01.page.Pagination<com.example.demo01.model.OrderBo>(true)
2019-10-29 16:55:04.212 [main] INFO  s.documentation.spring.web.caching.CachingAspect - Caching aspect applied for cache modelProperties with key com.example.demo01.page.Pagination<com.example.demo01.model.OrderBo>(true)
2019-10-29 16:55:04.212 [main] INFO  s.d.schema.property.ModelPropertiesKeyGenerator - Cache key generated: com.example.demo01.model.OrderBo(true)
2019-10-29 16:55:04.212 [main] INFO  s.documentation.spring.web.caching.CachingAspect - Caching aspect applied for cache modelProperties with key com.example.demo01.model.OrderBo(true)
2019-10-29 16:55:04.212 [main] INFO  s.d.schema.property.ModelPropertiesKeyGenerator - Cache key generated: com.example.demo01.model.OrderBo(true)
2019-10-29 16:55:04.212 [main] INFO  s.documentation.spring.web.caching.CachingAspect - Caching aspect applied for cache modelProperties with key com.example.demo01.model.OrderBo(true)
2019-10-29 16:55:04.212 [main] INFO  s.documentation.spring.web.OperationsKeyGenerator - Cache key generated: /order/detail.com.example.demo01.controller.OrderController.getList.DefaultGenericTypeNamingStrategy
2019-10-29 16:55:04.212 [main] INFO  s.documentation.spring.web.caching.CachingAspect - Caching aspect applied for cache operations with key /order/detail.com.example.demo01.controller.OrderController.getList.DefaultGenericTypeNamingStrategy
2019-10-29 16:55:04.232 [main] INFO  s.d.s.web.ClassOrApiAnnotationResourceGrouping - Group for method getList was order-controller
2019-10-29 16:55:04.242 [main] INFO  s.d.s.web.ClassOrApiAnnotationResourceGrouping - Group for method getList was order-controller
2019-10-29 16:55:04.252 [main] INFO  s.documentation.schema.ModelContextKeyGenerator - Cache Key Generated: java.lang.String(true)
2019-10-29 16:55:04.252 [main] INFO  s.documentation.spring.web.caching.CachingAspect - Caching aspect applied for cache models with key java.lang.String(true)
2019-10-29 16:55:04.252 [main] INFO  s.documentation.schema.ModelContextKeyGenerator - Cache Key Generated: java.lang.String(true)
2019-10-29 16:55:04.252 [main] INFO  s.documentation.spring.web.caching.CachingAspect - Caching aspect applied for cache modelDependencies with key java.lang.String(true)
2019-10-29 16:55:04.252 [main] INFO  s.documentation.spring.web.OperationsKeyGenerator - Cache key generated: /order/index.com.example.demo01.controller.OrderController.index.DefaultGenericTypeNamingStrategy
2019-10-29 16:55:04.252 [main] INFO  s.documentation.spring.web.caching.CachingAspect - Caching aspect applied for cache operations with key /order/index.com.example.demo01.controller.OrderController.index.DefaultGenericTypeNamingStrategy
2019-10-29 16:55:04.252 [main] INFO  s.d.s.web.ClassOrApiAnnotationResourceGrouping - Group for method index was order-controller
2019-10-29 16:55:04.252 [main] INFO  s.d.s.web.ClassOrApiAnnotationResourceGrouping - Group for method index was order-controller
2019-10-29 16:55:04.252 [main] INFO  s.documentation.schema.ModelContextKeyGenerator - Cache Key Generated: java.lang.String(true)
2019-10-29 16:55:04.252 [main] INFO  s.documentation.spring.web.caching.CachingAspect - Caching aspect applied for cache models with key java.lang.String(true)
2019-10-29 16:55:04.252 [main] INFO  s.documentation.schema.ModelContextKeyGenerator - Cache Key Generated: java.lang.String(true)
2019-10-29 16:55:04.252 [main] INFO  s.documentation.spring.web.caching.CachingAspect - Caching aspect applied for cache modelDependencies with key java.lang.String(true)
2019-10-29 16:55:04.252 [main] INFO  s.documentation.schema.ModelContextKeyGenerator - Cache Key Generated: com.example.demo01.model.AdminLoginRequest(false)
2019-10-29 16:55:04.252 [main] INFO  s.documentation.spring.web.caching.CachingAspect - Caching aspect applied for cache models with key com.example.demo01.model.AdminLoginRequest(false)
2019-10-29 16:55:04.262 [main] INFO  s.d.schema.property.ModelPropertiesKeyGenerator - Cache key generated: com.example.demo01.model.AdminLoginRequest(false)
2019-10-29 16:55:04.262 [main] INFO  s.documentation.spring.web.caching.CachingAspect - Caching aspect applied for cache modelProperties with key com.example.demo01.model.AdminLoginRequest(false)
2019-10-29 16:55:04.262 [main] INFO  s.documentation.schema.ModelContextKeyGenerator - Cache Key Generated: com.example.demo01.model.AdminLoginRequest(false)
2019-10-29 16:55:04.262 [main] INFO  s.documentation.spring.web.caching.CachingAspect - Caching aspect applied for cache modelDependencies with key com.example.demo01.model.AdminLoginRequest(false)
2019-10-29 16:55:04.262 [main] INFO  s.d.schema.property.ModelPropertiesKeyGenerator - Cache key generated: com.example.demo01.model.AdminLoginRequest(false)
2019-10-29 16:55:04.262 [main] INFO  s.documentation.spring.web.caching.CachingAspect - Caching aspect applied for cache modelProperties with key com.example.demo01.model.AdminLoginRequest(false)
2019-10-29 16:55:04.262 [main] INFO  s.documentation.spring.web.OperationsKeyGenerator - Cache key generated: /login/create.com.example.demo01.controller.LoginController.createSession.DefaultGenericTypeNamingStrategy
2019-10-29 16:55:04.262 [main] INFO  s.documentation.spring.web.caching.CachingAspect - Caching aspect applied for cache operations with key /login/create.com.example.demo01.controller.LoginController.createSession.DefaultGenericTypeNamingStrategy
2019-10-29 16:55:04.262 [main] INFO  s.d.s.web.ClassOrApiAnnotationResourceGrouping - Group for method createSession was 用户登录接口
2019-10-29 16:55:04.262 [main] INFO  s.d.s.web.ClassOrApiAnnotationResourceGrouping - Group for method createSession was 用户登录接口
2019-10-29 16:55:04.272 [main] INFO  org.apache.coyote.http11.Http11NioProtocol - Starting ProtocolHandler ["http-nio-8090"]
2019-10-29 16:55:04.412 [main] INFO  o.s.boot.web.embedded.tomcat.TomcatWebServer - Tomcat started on port(s): 8090 (http) with context path ''
2019-10-29 16:55:04.412 [main] INFO  com.example.demo01.Demo01Application - Started Demo01Application in 5.91 seconds (JVM running for 6.541)
2019-10-29 16:55:12.842 [http-nio-8090-exec-1] INFO  o.a.c.core.ContainerBase.[Tomcat].[localhost].[/] - Initializing Spring DispatcherServlet 'dispatcherServlet'
2019-10-29 16:55:12.842 [http-nio-8090-exec-1] INFO  org.springframework.web.servlet.DispatcherServlet - Initializing Servlet 'dispatcherServlet'
2019-10-29 16:55:12.852 [http-nio-8090-exec-1] INFO  org.springframework.web.servlet.DispatcherServlet - Completed initialization in 10 ms
2019-10-29 16:55:12.942 [http-nio-8090-exec-1] INFO  o.h.hql.internal.QueryTranslatorFactoryInitiator - HHH000397: Using ASTQueryTranslatorFactory
2019-10-29 16:55:13.052 [http-nio-8090-exec-1] INFO  com.example.demo01.service.impl.SessionServiceImpl - info级别的日志
2019-10-29 16:55:13.052 [http-nio-8090-exec-1] WARN  com.example.demo01.service.impl.SessionServiceImpl - warn级别的日志
2019-10-29 16:55:13.052 [http-nio-8090-exec-1] ERROR com.example.demo01.service.impl.SessionServiceImpl - error级别的日志
2019-10-29 16:56:19.623 [http-nio-8090-exec-6] ERROR c.e.demo01.exception.DefaultGlobalExceptionHandler - defaultErrorHandler: GET /order/detail , null
java.lang.RuntimeException: null
	at com.example.demo01.resolvers.ContextResolverUtil.doResolveContext(ContextResolverUtil.java:34)
	at com.example.demo01.resolvers.AbstractContextResolver.doResolveContext(AbstractContextResolver.java:23)
	at com.example.demo01.context.AdminSessionContextArgumentResolver.getBuyerUserContext(AdminSessionContextArgumentResolver.java:38)
	at com.example.demo01.context.AdminSessionContextArgumentResolver.resolveArgument(AdminSessionContextArgumentResolver.java:32)
	at org.springframework.web.method.support.HandlerMethodArgumentResolverComposite.resolveArgument(HandlerMethodArgumentResolverComposite.java:126)
	at org.springframework.web.method.support.InvocableHandlerMethod.getMethodArgumentValues(InvocableHandlerMethod.java:166)
	at org.springframework.web.method.support.InvocableHandlerMethod.invokeForRequest(InvocableHandlerMethod.java:134)
	at org.springframework.web.servlet.mvc.method.annotation.ServletInvocableHandlerMethod.invokeAndHandle(ServletInvocableHandlerMethod.java:102)
	at org.springframework.web.servlet.mvc.method.annotation.RequestMappingHandlerAdapter.invokeHandlerMethod(RequestMappingHandlerAdapter.java:895)
	at org.springframework.web.servlet.mvc.method.annotation.RequestMappingHandlerAdapter.handleInternal(RequestMappingHandlerAdapter.java:800)
	at org.springframework.web.servlet.mvc.method.AbstractHandlerMethodAdapter.handle(AbstractHandlerMethodAdapter.java:87)
	at org.springframework.web.servlet.DispatcherServlet.doDispatch(DispatcherServlet.java:1038)
	at org.springframework.web.servlet.DispatcherServlet.doService(DispatcherServlet.java:942)
	at org.springframework.web.servlet.FrameworkServlet.processRequest(FrameworkServlet.java:1005)
	at org.springframework.web.servlet.FrameworkServlet.doGet(FrameworkServlet.java:897)
	at javax.servlet.http.HttpServlet.service(HttpServlet.java:634)
	at org.springframework.web.servlet.FrameworkServlet.service(FrameworkServlet.java:882)
	at javax.servlet.http.HttpServlet.service(HttpServlet.java:741)
	at org.apache.catalina.core.ApplicationFilterChain.internalDoFilter(ApplicationFilterChain.java:231)
	at org.apache.catalina.core.ApplicationFilterChain.doFilter(ApplicationFilterChain.java:166)
	at org.apache.tomcat.websocket.server.WsFilter.doFilter(WsFilter.java:53)
	at org.apache.catalina.core.ApplicationFilterChain.internalDoFilter(ApplicationFilterChain.java:193)
	at org.apache.catalina.core.ApplicationFilterChain.doFilter(ApplicationFilterChain.java:166)
	at org.springframework.web.filter.RequestContextFilter.doFilterInternal(RequestContextFilter.java:99)
	at org.springframework.web.filter.OncePerRequestFilter.doFilter(OncePerRequestFilter.java:107)
	at org.apache.catalina.core.ApplicationFilterChain.internalDoFilter(ApplicationFilterChain.java:193)
	at org.apache.catalina.core.ApplicationFilterChain.doFilter(ApplicationFilterChain.java:166)
	at org.springframework.web.filter.FormContentFilter.doFilterInternal(FormContentFilter.java:92)
	at org.springframework.web.filter.OncePerRequestFilter.doFilter(OncePerRequestFilter.java:107)
	at org.apache.catalina.core.ApplicationFilterChain.internalDoFilter(ApplicationFilterChain.java:193)
	at org.apache.catalina.core.ApplicationFilterChain.doFilter(ApplicationFilterChain.java:166)
	at org.springframework.web.filter.HiddenHttpMethodFilter.doFilterInternal(HiddenHttpMethodFilter.java:93)
	at org.springframework.web.filter.OncePerRequestFilter.doFilter(OncePerRequestFilter.java:107)
	at org.apache.catalina.core.ApplicationFilterChain.internalDoFilter(ApplicationFilterChain.java:193)
	at org.apache.catalina.core.ApplicationFilterChain.doFilter(ApplicationFilterChain.java:166)
	at org.springframework.web.filter.CharacterEncodingFilter.doFilterInternal(CharacterEncodingFilter.java:200)
	at org.springframework.web.filter.OncePerRequestFilter.doFilter(OncePerRequestFilter.java:107)
	at org.apache.catalina.core.ApplicationFilterChain.internalDoFilter(ApplicationFilterChain.java:193)
	at org.apache.catalina.core.ApplicationFilterChain.doFilter(ApplicationFilterChain.java:166)
	at org.apache.catalina.core.StandardWrapperValve.invoke(StandardWrapperValve.java:199)
	at org.apache.catalina.core.StandardContextValve.invoke(StandardContextValve.java:96)
	at org.apache.catalina.authenticator.AuthenticatorBase.invoke(AuthenticatorBase.java:490)
	at org.apache.catalina.core.StandardHostValve.invoke(StandardHostValve.java:139)
	at org.apache.catalina.valves.ErrorReportValve.invoke(ErrorReportValve.java:92)
	at org.apache.catalina.core.StandardEngineValve.invoke(StandardEngineValve.java:74)
	at org.apache.catalina.connector.CoyoteAdapter.service(CoyoteAdapter.java:343)
	at org.apache.coyote.http11.Http11Processor.service(Http11Processor.java:408)
	at org.apache.coyote.AbstractProcessorLight.process(AbstractProcessorLight.java:66)
	at org.apache.coyote.AbstractProtocol$ConnectionHandler.process(AbstractProtocol.java:834)
	at org.apache.tomcat.util.net.NioEndpoint$SocketProcessor.doRun(NioEndpoint.java:1417)
	at org.apache.tomcat.util.net.SocketProcessorBase.run(SocketProcessorBase.java:49)
	at java.util.concurrent.ThreadPoolExecutor.runWorker(ThreadPoolExecutor.java:1149)
	at java.util.concurrent.ThreadPoolExecutor$Worker.run(ThreadPoolExecutor.java:624)
	at org.apache.tomcat.util.threads.TaskThread$WrappingRunnable.run(TaskThread.java:61)
	at java.lang.Thread.run(Thread.java:748)
2019-10-29 16:56:44.343 [http-nio-8090-exec-9] ERROR c.e.demo01.exception.DefaultGlobalExceptionHandler - defaultErrorHandler: GET /order/detail , null
java.lang.RuntimeException: null
	at com.example.demo01.resolvers.ContextResolverUtil.doResolveContext(ContextResolverUtil.java:34)
	at com.example.demo01.resolvers.AbstractContextResolver.doResolveContext(AbstractContextResolver.java:23)
	at com.example.demo01.context.AdminSessionContextArgumentResolver.getBuyerUserContext(AdminSessionContextArgumentResolver.java:38)
	at com.example.demo01.context.AdminSessionContextArgumentResolver.resolveArgument(AdminSessionContextArgumentResolver.java:32)
	at org.springframework.web.method.support.HandlerMethodArgumentResolverComposite.resolveArgument(HandlerMethodArgumentResolverComposite.java:126)
	at org.springframework.web.method.support.InvocableHandlerMethod.getMethodArgumentValues(InvocableHandlerMethod.java:166)
	at org.springframework.web.method.support.InvocableHandlerMethod.invokeForRequest(InvocableHandlerMethod.java:134)
	at org.springframework.web.servlet.mvc.method.annotation.ServletInvocableHandlerMethod.invokeAndHandle(ServletInvocableHandlerMethod.java:102)
	at org.springframework.web.servlet.mvc.method.annotation.RequestMappingHandlerAdapter.invokeHandlerMethod(RequestMappingHandlerAdapter.java:895)
	at org.springframework.web.servlet.mvc.method.annotation.RequestMappingHandlerAdapter.handleInternal(RequestMappingHandlerAdapter.java:800)
	at org.springframework.web.servlet.mvc.method.AbstractHandlerMethodAdapter.handle(AbstractHandlerMethodAdapter.java:87)
	at org.springframework.web.servlet.DispatcherServlet.doDispatch(DispatcherServlet.java:1038)
	at org.springframework.web.servlet.DispatcherServlet.doService(DispatcherServlet.java:942)
	at org.springframework.web.servlet.FrameworkServlet.processRequest(FrameworkServlet.java:1005)
	at org.springframework.web.servlet.FrameworkServlet.doGet(FrameworkServlet.java:897)
	at javax.servlet.http.HttpServlet.service(HttpServlet.java:634)
	at org.springframework.web.servlet.FrameworkServlet.service(FrameworkServlet.java:882)
	at javax.servlet.http.HttpServlet.service(HttpServlet.java:741)
	at org.apache.catalina.core.ApplicationFilterChain.internalDoFilter(ApplicationFilterChain.java:231)
	at org.apache.catalina.core.ApplicationFilterChain.doFilter(ApplicationFilterChain.java:166)
	at org.apache.tomcat.websocket.server.WsFilter.doFilter(WsFilter.java:53)
	at org.apache.catalina.core.ApplicationFilterChain.internalDoFilter(ApplicationFilterChain.java:193)
	at org.apache.catalina.core.ApplicationFilterChain.doFilter(ApplicationFilterChain.java:166)
	at org.springframework.web.filter.RequestContextFilter.doFilterInternal(RequestContextFilter.java:99)
	at org.springframework.web.filter.OncePerRequestFilter.doFilter(OncePerRequestFilter.java:107)
	at org.apache.catalina.core.ApplicationFilterChain.internalDoFilter(ApplicationFilterChain.java:193)
	at org.apache.catalina.core.ApplicationFilterChain.doFilter(ApplicationFilterChain.java:166)
	at org.springframework.web.filter.FormContentFilter.doFilterInternal(FormContentFilter.java:92)
	at org.springframework.web.filter.OncePerRequestFilter.doFilter(OncePerRequestFilter.java:107)
	at org.apache.catalina.core.ApplicationFilterChain.internalDoFilter(ApplicationFilterChain.java:193)
	at org.apache.catalina.core.ApplicationFilterChain.doFilter(ApplicationFilterChain.java:166)
	at org.springframework.web.filter.HiddenHttpMethodFilter.doFilterInternal(HiddenHttpMethodFilter.java:93)
	at org.springframework.web.filter.OncePerRequestFilter.doFilter(OncePerRequestFilter.java:107)
	at org.apache.catalina.core.ApplicationFilterChain.internalDoFilter(ApplicationFilterChain.java:193)
	at org.apache.catalina.core.ApplicationFilterChain.doFilter(ApplicationFilterChain.java:166)
	at org.springframework.web.filter.CharacterEncodingFilter.doFilterInternal(CharacterEncodingFilter.java:200)
	at org.springframework.web.filter.OncePerRequestFilter.doFilter(OncePerRequestFilter.java:107)
	at org.apache.catalina.core.ApplicationFilterChain.internalDoFilter(ApplicationFilterChain.java:193)
	at org.apache.catalina.core.ApplicationFilterChain.doFilter(ApplicationFilterChain.java:166)
	at org.apache.catalina.core.StandardWrapperValve.invoke(StandardWrapperValve.java:199)
	at org.apache.catalina.core.StandardContextValve.invoke(StandardContextValve.java:96)
	at org.apache.catalina.authenticator.AuthenticatorBase.invoke(AuthenticatorBase.java:490)
	at org.apache.catalina.core.StandardHostValve.invoke(StandardHostValve.java:139)
	at org.apache.catalina.valves.ErrorReportValve.invoke(ErrorReportValve.java:92)
	at org.apache.catalina.core.StandardEngineValve.invoke(StandardEngineValve.java:74)
	at org.apache.catalina.connector.CoyoteAdapter.service(CoyoteAdapter.java:343)
	at org.apache.coyote.http11.Http11Processor.service(Http11Processor.java:408)
	at org.apache.coyote.AbstractProcessorLight.process(AbstractProcessorLight.java:66)
	at org.apache.coyote.AbstractProtocol$ConnectionHandler.process(AbstractProtocol.java:834)
	at org.apache.tomcat.util.net.NioEndpoint$SocketProcessor.doRun(NioEndpoint.java:1417)
	at org.apache.tomcat.util.net.SocketProcessorBase.run(SocketProcessorBase.java:49)
	at java.util.concurrent.ThreadPoolExecutor.runWorker(ThreadPoolExecutor.java:1149)
	at java.util.concurrent.ThreadPoolExecutor$Worker.run(ThreadPoolExecutor.java:624)
	at org.apache.tomcat.util.threads.TaskThread$WrappingRunnable.run(TaskThread.java:61)
	at java.lang.Thread.run(Thread.java:748)
2019-10-29 16:57:26.664 [http-nio-8090-exec-10] ERROR c.e.demo01.exception.DefaultGlobalExceptionHandler - defaultErrorHandler: GET /order/detail , null
java.lang.RuntimeException: null
	at com.example.demo01.resolvers.ContextResolverUtil.doResolveContext(ContextResolverUtil.java:34)
	at com.example.demo01.resolvers.AbstractContextResolver.doResolveContext(AbstractContextResolver.java:23)
	at com.example.demo01.context.AdminSessionContextArgumentResolver.getBuyerUserContext(AdminSessionContextArgumentResolver.java:38)
	at com.example.demo01.context.AdminSessionContextArgumentResolver.resolveArgument(AdminSessionContextArgumentResolver.java:32)
	at org.springframework.web.method.support.HandlerMethodArgumentResolverComposite.resolveArgument(HandlerMethodArgumentResolverComposite.java:126)
	at org.springframework.web.method.support.InvocableHandlerMethod.getMethodArgumentValues(InvocableHandlerMethod.java:166)
	at org.springframework.web.method.support.InvocableHandlerMethod.invokeForRequest(InvocableHandlerMethod.java:134)
	at org.springframework.web.servlet.mvc.method.annotation.ServletInvocableHandlerMethod.invokeAndHandle(ServletInvocableHandlerMethod.java:102)
	at org.springframework.web.servlet.mvc.method.annotation.RequestMappingHandlerAdapter.invokeHandlerMethod(RequestMappingHandlerAdapter.java:895)
	at org.springframework.web.servlet.mvc.method.annotation.RequestMappingHandlerAdapter.handleInternal(RequestMappingHandlerAdapter.java:800)
	at org.springframework.web.servlet.mvc.method.AbstractHandlerMethodAdapter.handle(AbstractHandlerMethodAdapter.java:87)
	at org.springframework.web.servlet.DispatcherServlet.doDispatch(DispatcherServlet.java:1038)
	at org.springframework.web.servlet.DispatcherServlet.doService(DispatcherServlet.java:942)
	at org.springframework.web.servlet.FrameworkServlet.processRequest(FrameworkServlet.java:1005)
	at org.springframework.web.servlet.FrameworkServlet.doGet(FrameworkServlet.java:897)
	at javax.servlet.http.HttpServlet.service(HttpServlet.java:634)
	at org.springframework.web.servlet.FrameworkServlet.service(FrameworkServlet.java:882)
	at javax.servlet.http.HttpServlet.service(HttpServlet.java:741)
	at org.apache.catalina.core.ApplicationFilterChain.internalDoFilter(ApplicationFilterChain.java:231)
	at org.apache.catalina.core.ApplicationFilterChain.doFilter(ApplicationFilterChain.java:166)
	at org.apache.tomcat.websocket.server.WsFilter.doFilter(WsFilter.java:53)
	at org.apache.catalina.core.ApplicationFilterChain.internalDoFilter(ApplicationFilterChain.java:193)
	at org.apache.catalina.core.ApplicationFilterChain.doFilter(ApplicationFilterChain.java:166)
	at org.springframework.web.filter.RequestContextFilter.doFilterInternal(RequestContextFilter.java:99)
	at org.springframework.web.filter.OncePerRequestFilter.doFilter(OncePerRequestFilter.java:107)
	at org.apache.catalina.core.ApplicationFilterChain.internalDoFilter(ApplicationFilterChain.java:193)
	at org.apache.catalina.core.ApplicationFilterChain.doFilter(ApplicationFilterChain.java:166)
	at org.springframework.web.filter.FormContentFilter.doFilterInternal(FormContentFilter.java:92)
	at org.springframework.web.filter.OncePerRequestFilter.doFilter(OncePerRequestFilter.java:107)
	at org.apache.catalina.core.ApplicationFilterChain.internalDoFilter(ApplicationFilterChain.java:193)
	at org.apache.catalina.core.ApplicationFilterChain.doFilter(ApplicationFilterChain.java:166)
	at org.springframework.web.filter.HiddenHttpMethodFilter.doFilterInternal(HiddenHttpMethodFilter.java:93)
	at org.springframework.web.filter.OncePerRequestFilter.doFilter(OncePerRequestFilter.java:107)
	at org.apache.catalina.core.ApplicationFilterChain.internalDoFilter(ApplicationFilterChain.java:193)
	at org.apache.catalina.core.ApplicationFilterChain.doFilter(ApplicationFilterChain.java:166)
	at org.springframework.web.filter.CharacterEncodingFilter.doFilterInternal(CharacterEncodingFilter.java:200)
	at org.springframework.web.filter.OncePerRequestFilter.doFilter(OncePerRequestFilter.java:107)
	at org.apache.catalina.core.ApplicationFilterChain.internalDoFilter(ApplicationFilterChain.java:193)
	at org.apache.catalina.core.ApplicationFilterChain.doFilter(ApplicationFilterChain.java:166)
	at org.apache.catalina.core.StandardWrapperValve.invoke(StandardWrapperValve.java:199)
	at org.apache.catalina.core.StandardContextValve.invoke(StandardContextValve.java:96)
	at org.apache.catalina.authenticator.AuthenticatorBase.invoke(AuthenticatorBase.java:490)
	at org.apache.catalina.core.StandardHostValve.invoke(StandardHostValve.java:139)
	at org.apache.catalina.valves.ErrorReportValve.invoke(ErrorReportValve.java:92)
	at org.apache.catalina.core.StandardEngineValve.invoke(StandardEngineValve.java:74)
	at org.apache.catalina.connector.CoyoteAdapter.service(CoyoteAdapter.java:343)
	at org.apache.coyote.http11.Http11Processor.service(Http11Processor.java:408)
	at org.apache.coyote.AbstractProcessorLight.process(AbstractProcessorLight.java:66)
	at org.apache.coyote.AbstractProtocol$ConnectionHandler.process(AbstractProtocol.java:834)
	at org.apache.tomcat.util.net.NioEndpoint$SocketProcessor.doRun(NioEndpoint.java:1417)
	at org.apache.tomcat.util.net.SocketProcessorBase.run(SocketProcessorBase.java:49)
	at java.util.concurrent.ThreadPoolExecutor.runWorker(ThreadPoolExecutor.java:1149)
	at java.util.concurrent.ThreadPoolExecutor$Worker.run(ThreadPoolExecutor.java:624)
	at org.apache.tomcat.util.threads.TaskThread$WrappingRunnable.run(TaskThread.java:61)
	at java.lang.Thread.run(Thread.java:748)
