2020-04-13 10:54:25.545 [main] INFO  com.example.demo01.Demo01Application - Starting Demo01Application on DESKTOP-9CKSNF3 with PID 3580 (D:\demo01\target\classes started by Agrivo in D:\demo01)
2020-04-13 10:54:25.551 [main] INFO  com.example.demo01.Demo01Application - No active profile set, falling back to default profiles: default
2020-04-13 10:54:27.512 [main] INFO  o.s.d.r.config.RepositoryConfigurationDelegate - Bootstrapping Spring Data repositories in DEFAULT mode.
2020-04-13 10:54:27.611 [main] INFO  o.s.d.r.config.RepositoryConfigurationDelegate - Finished Spring Data repository scanning in 93ms. Found 2 repository interfaces.
2020-04-13 10:54:27.893 [main] INFO  o.s.c.s.PostProcessorRegistrationDelegate$BeanPostProcessorChecker - Bean 'shiroConfig' of type [com.example.demo01.shiro.ShiroConfig$$EnhancerBySpringCGLIB$$e7aae011] is not eligible for getting processed by all BeanPostProcessors (for example: not eligible for auto-proxying)
2020-04-13 10:54:28.138 [main] INFO  o.s.c.s.PostProcessorRegistrationDelegate$BeanPostProcessorChecker - Bean 'myRealm' of type [com.example.demo01.shiro.ShiroRealm] is not eligible for getting processed by all BeanPostProcessors (for example: not eligible for auto-proxying)
2020-04-13 10:54:28.144 [main] INFO  o.s.c.s.PostProcessorRegistrationDelegate$BeanPostProcessorChecker - Bean 'securityManager' of type [org.apache.shiro.web.mgt.DefaultWebSecurityManager] is not eligible for getting processed by all BeanPostProcessors (for example: not eligible for auto-proxying)
2020-04-13 10:54:28.169 [main] INFO  o.s.c.s.PostProcessorRegistrationDelegate$BeanPostProcessorChecker - Bean 'authorizationAttributeSourceAdvisor' of type [org.apache.shiro.spring.security.interceptor.AuthorizationAttributeSourceAdvisor] is not eligible for getting processed by all BeanPostProcessors (for example: not eligible for auto-proxying)
2020-04-13 10:54:28.208 [main] INFO  o.s.c.s.PostProcessorRegistrationDelegate$BeanPostProcessorChecker - Bean 'org.springframework.transaction.annotation.ProxyTransactionManagementConfiguration' of type [org.springframework.transaction.annotation.ProxyTransactionManagementConfiguration$$EnhancerBySpringCGLIB$$a91a578f] is not eligible for getting processed by all BeanPostProcessors (for example: not eligible for auto-proxying)
2020-04-13 10:54:28.296 [main] INFO  o.s.c.s.PostProcessorRegistrationDelegate$BeanPostProcessorChecker - Bean 'org.springframework.hateoas.config.HateoasConfiguration' of type [org.springframework.hateoas.config.HateoasConfiguration$$EnhancerBySpringCGLIB$$289aa4c1] is not eligible for getting processed by all BeanPostProcessors (for example: not eligible for auto-proxying)
2020-04-13 10:54:28.677 [main] INFO  o.s.boot.web.embedded.tomcat.TomcatWebServer - Tomcat initialized with port(s): 8090 (http)
2020-04-13 10:54:28.688 [main] INFO  org.apache.coyote.http11.Http11NioProtocol - Initializing ProtocolHandler ["http-nio-8090"]
2020-04-13 10:54:28.694 [main] INFO  org.apache.catalina.core.StandardService - Starting service [Tomcat]
2020-04-13 10:54:28.694 [main] INFO  org.apache.catalina.core.StandardEngine - Starting Servlet engine: [Apache Tomcat/9.0.14]
2020-04-13 10:54:28.698 [main] INFO  org.apache.catalina.core.AprLifecycleListener - The APR based Apache Tomcat Native library which allows optimal performance in production environments was not found on the java.library.path: [C:\Program Files\Java\jdk1.8.0_161\bin;C:\Windows\Sun\Java\bin;C:\Windows\system32;C:\Windows;C:\ProgramData\Oracle\Java\javapath;C:\Program Files (x86)\Intel\Intel(R) Management Engine Components\iCLS\;C:\Program Files\Intel\Intel(R) Management Engine Components\iCLS\;C:\Windows\system32;C:\Windows;C:\Windows\System32\Wbem;C:\Windows\System32\WindowsPowerShell\v1.0\;C:\Windows\System32\OpenSSH\;C:\Program Files (x86)\Intel\Intel(R) Management Engine Components\DAL;C:\Program Files\Intel\Intel(R) Management Engine Components\DAL;C:\Program Files\Java\jdk1.8.0_161\bin;D:\Java\apache-maven-3.3.9\bin;C:\Program Files\Git\cmd;C:\Program Files (x86)\MySQL\MySQL Server 5.5\bin;C:\Program Files\TortoiseSVN\bin;C:\Users\Agrivo\AppData\Local\Microsoft\WindowsApps;;.]
2020-04-13 10:54:28.970 [main] INFO  o.a.c.core.ContainerBase.[Tomcat].[localhost].[/] - Initializing Spring embedded WebApplicationContext
2020-04-13 10:54:28.970 [main] INFO  org.springframework.web.context.ContextLoader - Root WebApplicationContext: initialization completed in 3339 ms
2020-04-13 10:54:29.316 [main] INFO  com.zaxxer.hikari.HikariDataSource - HikariPool-1 - Starting...
2020-04-13 10:54:29.427 [main] INFO  com.zaxxer.hikari.HikariDataSource - HikariPool-1 - Start completed.
2020-04-13 10:54:29.501 [main] INFO  org.hibernate.jpa.internal.util.LogHelper - HHH000204: Processing PersistenceUnitInfo [
	name: default
	...]
2020-04-13 10:54:29.575 [main] INFO  org.hibernate.Version - HHH000412: Hibernate Core {5.3.7.Final}
2020-04-13 10:54:29.576 [main] INFO  org.hibernate.cfg.Environment - HHH000206: hibernate.properties not found
2020-04-13 10:54:29.821 [main] INFO  org.hibernate.annotations.common.Version - HCANN000001: Hibernate Commons Annotations {5.0.4.Final}
2020-04-13 10:54:30.039 [main] INFO  org.hibernate.dialect.Dialect - HHH000400: Using dialect: org.hibernate.dialect.MySQL5Dialect
2020-04-13 10:54:31.124 [main] INFO  o.s.orm.jpa.LocalContainerEntityManagerFactoryBean - Initialized JPA EntityManagerFactory for persistence unit 'default'
2020-04-13 10:54:32.547 [main] INFO  o.s.scheduling.concurrent.ThreadPoolTaskExecutor - Initializing ExecutorService 'applicationTaskExecutor'
2020-04-13 10:54:32.782 [main] INFO  o.s.b.a.web.servlet.WelcomePageHandlerMapping - Adding welcome page: class path resource [static/index.html]
2020-04-13 10:54:33.183 [main] INFO  s.d.s.web.plugins.DocumentationPluginsBootstrapper - Context refreshed
2020-04-13 10:54:33.197 [main] INFO  s.d.s.web.plugins.DocumentationPluginsBootstrapper - Found {0} custom documentation plugin(s)
2020-04-13 10:54:33.204 [main] INFO  s.d.spring.web.scanners.ApiListingReferenceScanner - Scanning for api listing references
2020-04-13 10:54:33.207 [main] INFO  s.d.s.web.ClassOrApiAnnotationResourceGrouping - Group for method downloadModel01 was whpxxsz-controller
2020-04-13 10:54:33.209 [main] INFO  s.d.spring.web.scanners.ApiListingReferenceScanner - Request mapping: downloadModel01 belongs to groups: [[ResourceGroup{groupName='whpxxsz-controller', position=0, controller=com.example.demo01.controller.WhpxxszController}]] 
2020-04-13 10:54:33.209 [main] INFO  s.d.s.web.ClassOrApiAnnotationResourceGrouping - Group for method downloadModel was whpxxsz-controller
2020-04-13 10:54:33.209 [main] INFO  s.d.spring.web.scanners.ApiListingReferenceScanner - Request mapping: downloadModel belongs to groups: [[ResourceGroup{groupName='whpxxsz-controller', position=0, controller=com.example.demo01.controller.WhpxxszController}]] 
2020-04-13 10:54:33.210 [main] INFO  s.d.s.web.ClassOrApiAnnotationResourceGrouping - Group for method downloadFile was whpxxsz-controller
2020-04-13 10:54:33.210 [main] INFO  s.d.spring.web.scanners.ApiListingReferenceScanner - Request mapping: downloadFile belongs to groups: [[ResourceGroup{groupName='whpxxsz-controller', position=0, controller=com.example.demo01.controller.WhpxxszController}]] 
2020-04-13 10:54:33.210 [main] INFO  s.d.s.web.ClassOrApiAnnotationResourceGrouping - Group for method getList was order-controller
2020-04-13 10:54:33.210 [main] INFO  s.d.spring.web.scanners.ApiListingReferenceScanner - Request mapping: getList belongs to groups: [[ResourceGroup{groupName='order-controller', position=0, controller=com.example.demo01.controller.OrderController}]] 
2020-04-13 10:54:33.210 [main] INFO  s.d.s.web.ClassOrApiAnnotationResourceGrouping - Group for method index was order-controller
2020-04-13 10:54:33.211 [main] INFO  s.d.spring.web.scanners.ApiListingReferenceScanner - Request mapping: index belongs to groups: [[ResourceGroup{groupName='order-controller', position=0, controller=com.example.demo01.controller.OrderController}]] 
2020-04-13 10:54:33.212 [main] INFO  s.d.s.web.ClassOrApiAnnotationResourceGrouping - Group for method createSession was 用户登录接口
2020-04-13 10:54:33.212 [main] INFO  s.d.spring.web.scanners.ApiListingReferenceScanner - Request mapping: createSession belongs to groups: [[ResourceGroup{groupName='用户登录接口', position=0, controller=com.example.demo01.controller.LoginController}]] 
2020-04-13 10:54:33.212 [main] INFO  s.d.s.web.ClassOrApiAnnotationResourceGrouping - Group for method getList was 用户登录接口
2020-04-13 10:54:33.212 [main] INFO  s.d.spring.web.scanners.ApiListingReferenceScanner - Request mapping: getList belongs to groups: [[ResourceGroup{groupName='用户登录接口', position=0, controller=com.example.demo01.controller.LoginController}]] 
2020-04-13 10:54:33.215 [main] INFO  s.d.spring.web.scanners.ApiListingReferenceScanner - Created resource listing Path: /default/whpxxsz-controller Description: whpxxsz-controller Position: 0
2020-04-13 10:54:33.216 [main] INFO  s.d.spring.web.scanners.ApiListingReferenceScanner - Created resource listing Path: /default/用户登录接口 Description: 用户登录接口 Position: 0
2020-04-13 10:54:33.216 [main] INFO  s.d.spring.web.scanners.ApiListingReferenceScanner - Created resource listing Path: /default/order-controller Description: order-controller Position: 0
2020-04-13 10:54:33.234 [main] INFO  s.documentation.schema.ModelContextKeyGenerator - Cache Key Generated: com.example.demo01.page.Pagination<com.example.demo01.model.OrderBo>(true)
2020-04-13 10:54:33.234 [main] INFO  s.documentation.spring.web.caching.CachingAspect - Caching aspect applied for cache models with key com.example.demo01.page.Pagination<com.example.demo01.model.OrderBo>(true)
2020-04-13 10:54:33.237 [main] INFO  s.d.schema.property.ModelPropertiesKeyGenerator - Cache key generated: com.example.demo01.page.Pagination<com.example.demo01.model.OrderBo>(true)
2020-04-13 10:54:33.237 [main] INFO  s.documentation.spring.web.caching.CachingAspect - Caching aspect applied for cache modelProperties with key com.example.demo01.page.Pagination<com.example.demo01.model.OrderBo>(true)
2020-04-13 10:54:33.262 [main] INFO  s.documentation.schema.ModelContextKeyGenerator - Cache Key Generated: com.example.demo01.page.Pagination<com.example.demo01.model.OrderBo>(true)
2020-04-13 10:54:33.262 [main] INFO  s.documentation.spring.web.caching.CachingAspect - Caching aspect applied for cache modelDependencies with key com.example.demo01.page.Pagination<com.example.demo01.model.OrderBo>(true)
2020-04-13 10:54:33.264 [main] INFO  s.d.schema.property.ModelPropertiesKeyGenerator - Cache key generated: com.example.demo01.model.OrderBo(true)
2020-04-13 10:54:33.264 [main] INFO  s.documentation.spring.web.caching.CachingAspect - Caching aspect applied for cache modelProperties with key com.example.demo01.model.OrderBo(true)
2020-04-13 10:54:33.269 [main] INFO  s.d.schema.property.ModelPropertiesKeyGenerator - Cache key generated: com.example.demo01.page.Pagination<com.example.demo01.model.OrderBo>(true)
2020-04-13 10:54:33.270 [main] INFO  s.documentation.spring.web.caching.CachingAspect - Caching aspect applied for cache modelProperties with key com.example.demo01.page.Pagination<com.example.demo01.model.OrderBo>(true)
2020-04-13 10:54:33.270 [main] INFO  s.d.schema.property.ModelPropertiesKeyGenerator - Cache key generated: com.example.demo01.model.OrderBo(true)
2020-04-13 10:54:33.270 [main] INFO  s.documentation.spring.web.caching.CachingAspect - Caching aspect applied for cache modelProperties with key com.example.demo01.model.OrderBo(true)
2020-04-13 10:54:33.271 [main] INFO  s.d.schema.property.ModelPropertiesKeyGenerator - Cache key generated: com.example.demo01.model.OrderBo(true)
2020-04-13 10:54:33.271 [main] INFO  s.documentation.spring.web.caching.CachingAspect - Caching aspect applied for cache modelProperties with key com.example.demo01.model.OrderBo(true)
2020-04-13 10:54:33.272 [main] INFO  s.documentation.spring.web.OperationsKeyGenerator - Cache key generated: /order/detail.com.example.demo01.controller.OrderController.getList.DefaultGenericTypeNamingStrategy
2020-04-13 10:54:33.272 [main] INFO  s.documentation.spring.web.caching.CachingAspect - Caching aspect applied for cache operations with key /order/detail.com.example.demo01.controller.OrderController.getList.DefaultGenericTypeNamingStrategy
2020-04-13 10:54:33.285 [main] INFO  s.d.s.web.ClassOrApiAnnotationResourceGrouping - Group for method getList was order-controller
2020-04-13 10:54:33.302 [main] INFO  s.d.s.web.ClassOrApiAnnotationResourceGrouping - Group for method getList was order-controller
2020-04-13 10:54:33.308 [main] INFO  s.documentation.schema.ModelContextKeyGenerator - Cache Key Generated: java.lang.String(true)
2020-04-13 10:54:33.308 [main] INFO  s.documentation.spring.web.caching.CachingAspect - Caching aspect applied for cache models with key java.lang.String(true)
2020-04-13 10:54:33.308 [main] INFO  s.documentation.schema.ModelContextKeyGenerator - Cache Key Generated: java.lang.String(true)
2020-04-13 10:54:33.308 [main] INFO  s.documentation.spring.web.caching.CachingAspect - Caching aspect applied for cache modelDependencies with key java.lang.String(true)
2020-04-13 10:54:33.309 [main] INFO  s.documentation.spring.web.OperationsKeyGenerator - Cache key generated: /order/index.com.example.demo01.controller.OrderController.index.DefaultGenericTypeNamingStrategy
2020-04-13 10:54:33.309 [main] INFO  s.documentation.spring.web.caching.CachingAspect - Caching aspect applied for cache operations with key /order/index.com.example.demo01.controller.OrderController.index.DefaultGenericTypeNamingStrategy
2020-04-13 10:54:33.309 [main] INFO  s.d.s.web.ClassOrApiAnnotationResourceGrouping - Group for method index was order-controller
2020-04-13 10:54:33.310 [main] INFO  s.d.s.web.ClassOrApiAnnotationResourceGrouping - Group for method index was order-controller
2020-04-13 10:54:33.314 [main] INFO  s.documentation.schema.ModelContextKeyGenerator - Cache Key Generated: java.lang.String(true)
2020-04-13 10:54:33.314 [main] INFO  s.documentation.spring.web.caching.CachingAspect - Caching aspect applied for cache models with key java.lang.String(true)
2020-04-13 10:54:33.314 [main] INFO  s.documentation.schema.ModelContextKeyGenerator - Cache Key Generated: java.lang.String(true)
2020-04-13 10:54:33.314 [main] INFO  s.documentation.spring.web.caching.CachingAspect - Caching aspect applied for cache modelDependencies with key java.lang.String(true)
2020-04-13 10:54:33.314 [main] INFO  s.documentation.spring.web.OperationsKeyGenerator - Cache key generated: /api/download.com.example.demo01.controller.WhpxxszController.downloadFile.DefaultGenericTypeNamingStrategy
2020-04-13 10:54:33.314 [main] INFO  s.documentation.spring.web.caching.CachingAspect - Caching aspect applied for cache operations with key /api/download.com.example.demo01.controller.WhpxxszController.downloadFile.DefaultGenericTypeNamingStrategy
2020-04-13 10:54:33.314 [main] INFO  s.d.s.web.ClassOrApiAnnotationResourceGrouping - Group for method downloadFile was whpxxsz-controller
2020-04-13 10:54:33.315 [main] INFO  s.d.s.web.ClassOrApiAnnotationResourceGrouping - Group for method downloadFile was whpxxsz-controller
2020-04-13 10:54:33.315 [main] INFO  s.documentation.schema.ModelContextKeyGenerator - Cache Key Generated: java.lang.Object(true)
2020-04-13 10:54:33.315 [main] INFO  s.documentation.spring.web.caching.CachingAspect - Caching aspect applied for cache models with key java.lang.Object(true)
2020-04-13 10:54:33.316 [main] INFO  s.documentation.schema.ModelContextKeyGenerator - Cache Key Generated: java.lang.Object(true)
2020-04-13 10:54:33.316 [main] INFO  s.documentation.spring.web.caching.CachingAspect - Caching aspect applied for cache modelDependencies with key java.lang.Object(true)
2020-04-13 10:54:33.316 [main] INFO  s.documentation.spring.web.OperationsKeyGenerator - Cache key generated: /api/downloadWhpModel.com.example.demo01.controller.WhpxxszController.downloadModel.DefaultGenericTypeNamingStrategy
2020-04-13 10:54:33.316 [main] INFO  s.documentation.spring.web.caching.CachingAspect - Caching aspect applied for cache operations with key /api/downloadWhpModel.com.example.demo01.controller.WhpxxszController.downloadModel.DefaultGenericTypeNamingStrategy
2020-04-13 10:54:33.316 [main] INFO  s.d.s.web.ClassOrApiAnnotationResourceGrouping - Group for method downloadModel was whpxxsz-controller
2020-04-13 10:54:33.317 [main] INFO  s.d.s.web.ClassOrApiAnnotationResourceGrouping - Group for method downloadModel was whpxxsz-controller
2020-04-13 10:54:33.317 [main] INFO  s.documentation.schema.ModelContextKeyGenerator - Cache Key Generated: com.example.demo01.utils.Download(true)
2020-04-13 10:54:33.317 [main] INFO  s.documentation.spring.web.caching.CachingAspect - Caching aspect applied for cache models with key com.example.demo01.utils.Download(true)
2020-04-13 10:54:33.318 [main] INFO  s.d.schema.property.ModelPropertiesKeyGenerator - Cache key generated: com.example.demo01.utils.Download(true)
2020-04-13 10:54:33.318 [main] INFO  s.documentation.spring.web.caching.CachingAspect - Caching aspect applied for cache modelProperties with key com.example.demo01.utils.Download(true)
2020-04-13 10:54:33.319 [main] INFO  s.documentation.schema.ModelContextKeyGenerator - Cache Key Generated: com.example.demo01.utils.Download(true)
2020-04-13 10:54:33.319 [main] INFO  s.documentation.spring.web.caching.CachingAspect - Caching aspect applied for cache modelDependencies with key com.example.demo01.utils.Download(true)
2020-04-13 10:54:33.319 [main] INFO  s.d.schema.property.ModelPropertiesKeyGenerator - Cache key generated: com.example.demo01.utils.Download(true)
2020-04-13 10:54:33.319 [main] INFO  s.documentation.spring.web.caching.CachingAspect - Caching aspect applied for cache modelProperties with key com.example.demo01.utils.Download(true)
2020-04-13 10:54:33.319 [main] INFO  s.documentation.spring.web.OperationsKeyGenerator - Cache key generated: /api/downloadWhpModel01.com.example.demo01.controller.WhpxxszController.downloadModel01.DefaultGenericTypeNamingStrategy
2020-04-13 10:54:33.319 [main] INFO  s.documentation.spring.web.caching.CachingAspect - Caching aspect applied for cache operations with key /api/downloadWhpModel01.com.example.demo01.controller.WhpxxszController.downloadModel01.DefaultGenericTypeNamingStrategy
2020-04-13 10:54:33.320 [main] INFO  s.d.s.web.ClassOrApiAnnotationResourceGrouping - Group for method downloadModel01 was whpxxsz-controller
2020-04-13 10:54:33.320 [main] INFO  s.d.s.web.ClassOrApiAnnotationResourceGrouping - Group for method downloadModel01 was whpxxsz-controller
2020-04-13 10:54:33.322 [main] INFO  s.documentation.schema.ModelContextKeyGenerator - Cache Key Generated: java.lang.String(true)
2020-04-13 10:54:33.322 [main] INFO  s.documentation.spring.web.caching.CachingAspect - Caching aspect applied for cache models with key java.lang.String(true)
2020-04-13 10:54:33.322 [main] INFO  s.documentation.schema.ModelContextKeyGenerator - Cache Key Generated: java.lang.String(true)
2020-04-13 10:54:33.322 [main] INFO  s.documentation.spring.web.caching.CachingAspect - Caching aspect applied for cache modelDependencies with key java.lang.String(true)
2020-04-13 10:54:33.322 [main] INFO  s.documentation.schema.ModelContextKeyGenerator - Cache Key Generated: com.example.demo01.model.AdminLoginRequest(false)
2020-04-13 10:54:33.322 [main] INFO  s.documentation.spring.web.caching.CachingAspect - Caching aspect applied for cache models with key com.example.demo01.model.AdminLoginRequest(false)
2020-04-13 10:54:33.322 [main] INFO  s.d.schema.property.ModelPropertiesKeyGenerator - Cache key generated: com.example.demo01.model.AdminLoginRequest(false)
2020-04-13 10:54:33.322 [main] INFO  s.documentation.spring.web.caching.CachingAspect - Caching aspect applied for cache modelProperties with key com.example.demo01.model.AdminLoginRequest(false)
2020-04-13 10:54:33.323 [main] INFO  s.documentation.schema.ModelContextKeyGenerator - Cache Key Generated: com.example.demo01.model.AdminLoginRequest(false)
2020-04-13 10:54:33.323 [main] INFO  s.documentation.spring.web.caching.CachingAspect - Caching aspect applied for cache modelDependencies with key com.example.demo01.model.AdminLoginRequest(false)
2020-04-13 10:54:33.323 [main] INFO  s.d.schema.property.ModelPropertiesKeyGenerator - Cache key generated: com.example.demo01.model.AdminLoginRequest(false)
2020-04-13 10:54:33.323 [main] INFO  s.documentation.spring.web.caching.CachingAspect - Caching aspect applied for cache modelProperties with key com.example.demo01.model.AdminLoginRequest(false)
2020-04-13 10:54:33.324 [main] INFO  s.documentation.spring.web.OperationsKeyGenerator - Cache key generated: /user/create.com.example.demo01.controller.LoginController.createSession.DefaultGenericTypeNamingStrategy
2020-04-13 10:54:33.324 [main] INFO  s.documentation.spring.web.caching.CachingAspect - Caching aspect applied for cache operations with key /user/create.com.example.demo01.controller.LoginController.createSession.DefaultGenericTypeNamingStrategy
2020-04-13 10:54:33.324 [main] INFO  s.d.s.web.ClassOrApiAnnotationResourceGrouping - Group for method createSession was 用户登录接口
2020-04-13 10:54:33.325 [main] INFO  s.d.s.web.ClassOrApiAnnotationResourceGrouping - Group for method createSession was 用户登录接口
2020-04-13 10:54:33.325 [main] INFO  s.documentation.schema.ModelContextKeyGenerator - Cache Key Generated: java.lang.String(true)
2020-04-13 10:54:33.325 [main] INFO  s.documentation.spring.web.caching.CachingAspect - Caching aspect applied for cache models with key java.lang.String(true)
2020-04-13 10:54:33.326 [main] INFO  s.documentation.schema.ModelContextKeyGenerator - Cache Key Generated: java.lang.String(true)
2020-04-13 10:54:33.326 [main] INFO  s.documentation.spring.web.caching.CachingAspect - Caching aspect applied for cache modelDependencies with key java.lang.String(true)
2020-04-13 10:54:33.326 [main] INFO  s.documentation.spring.web.OperationsKeyGenerator - Cache key generated: /user/view.com.example.demo01.controller.LoginController.getList.DefaultGenericTypeNamingStrategy
2020-04-13 10:54:33.326 [main] INFO  s.documentation.spring.web.caching.CachingAspect - Caching aspect applied for cache operations with key /user/view.com.example.demo01.controller.LoginController.getList.DefaultGenericTypeNamingStrategy
2020-04-13 10:54:33.327 [main] INFO  s.d.s.web.ClassOrApiAnnotationResourceGrouping - Group for method getList was 用户登录接口
2020-04-13 10:54:33.328 [main] INFO  s.d.s.web.ClassOrApiAnnotationResourceGrouping - Group for method getList was 用户登录接口
2020-04-13 10:54:33.338 [main] INFO  org.apache.coyote.http11.Http11NioProtocol - Starting ProtocolHandler ["http-nio-8090"]
2020-04-13 10:54:33.367 [main] INFO  o.s.boot.web.embedded.tomcat.TomcatWebServer - Tomcat started on port(s): 8090 (http) with context path ''
2020-04-13 10:54:33.368 [main] INFO  com.example.demo01.Demo01Application - Started Demo01Application in 8.394 seconds (JVM running for 9.155)
2020-04-13 10:55:20.526 [http-nio-8090-exec-1] INFO  o.a.c.core.ContainerBase.[Tomcat].[localhost].[/] - Initializing Spring DispatcherServlet 'dispatcherServlet'
2020-04-13 10:55:20.526 [http-nio-8090-exec-1] INFO  org.springframework.web.servlet.DispatcherServlet - Initializing Servlet 'dispatcherServlet'
2020-04-13 10:55:20.536 [http-nio-8090-exec-1] INFO  org.springframework.web.servlet.DispatcherServlet - Completed initialization in 10 ms
