2020-04-22 10:53:10.612 [main] INFO  com.example.demo01.Demo01Application - Starting Demo01Application on DESKTOP-9CKSNF3 with PID 4388 (D:\demo01\target\classes started by Agrivo in D:\demo01)
2020-04-22 10:53:10.616 [main] INFO  com.example.demo01.Demo01Application - No active profile set, falling back to default profiles: default
2020-04-22 10:53:14.761 [main] INFO  o.s.d.r.config.RepositoryConfigurationDelegate - Bootstrapping Spring Data repositories in DEFAULT mode.
2020-04-22 10:53:14.887 [main] INFO  o.s.d.r.config.RepositoryConfigurationDelegate - Finished Spring Data repository scanning in 101ms. Found 2 repository interfaces.
2020-04-22 10:53:15.160 [main] WARN  org.mybatis.spring.mapper.ClassPathMapperScanner - No MyBatis mapper was found in '[com.example.demo01]' package. Please check your configuration.
2020-04-22 10:53:15.348 [main] INFO  o.s.c.s.PostProcessorRegistrationDelegate$BeanPostProcessorChecker - Bean 'shiroConfig' of type [com.example.demo01.shiro.ShiroConfig$$EnhancerBySpringCGLIB$$c700afeb] is not eligible for getting processed by all BeanPostProcessors (for example: not eligible for auto-proxying)
2020-04-22 10:53:15.655 [main] INFO  o.s.c.s.PostProcessorRegistrationDelegate$BeanPostProcessorChecker - Bean 'myRealm' of type [com.example.demo01.shiro.ShiroRealm] is not eligible for getting processed by all BeanPostProcessors (for example: not eligible for auto-proxying)
2020-04-22 10:53:15.660 [main] INFO  o.s.c.s.PostProcessorRegistrationDelegate$BeanPostProcessorChecker - Bean 'securityManager' of type [org.apache.shiro.web.mgt.DefaultWebSecurityManager] is not eligible for getting processed by all BeanPostProcessors (for example: not eligible for auto-proxying)
2020-04-22 10:53:15.696 [main] INFO  o.s.c.s.PostProcessorRegistrationDelegate$BeanPostProcessorChecker - Bean 'authorizationAttributeSourceAdvisor' of type [org.apache.shiro.spring.security.interceptor.AuthorizationAttributeSourceAdvisor] is not eligible for getting processed by all BeanPostProcessors (for example: not eligible for auto-proxying)
2020-04-22 10:53:15.783 [main] INFO  o.s.c.s.PostProcessorRegistrationDelegate$BeanPostProcessorChecker - Bean 'org.springframework.transaction.annotation.ProxyTransactionManagementConfiguration' of type [org.springframework.transaction.annotation.ProxyTransactionManagementConfiguration$$EnhancerBySpringCGLIB$$88702769] is not eligible for getting processed by all BeanPostProcessors (for example: not eligible for auto-proxying)
2020-04-22 10:53:16.125 [main] INFO  o.s.c.s.PostProcessorRegistrationDelegate$BeanPostProcessorChecker - Bean 'org.springframework.hateoas.config.HateoasConfiguration' of type [org.springframework.hateoas.config.HateoasConfiguration$$EnhancerBySpringCGLIB$$7f0749b] is not eligible for getting processed by all BeanPostProcessors (for example: not eligible for auto-proxying)
2020-04-22 10:53:16.910 [main] INFO  o.s.boot.web.embedded.tomcat.TomcatWebServer - Tomcat initialized with port(s): 8090 (http)
2020-04-22 10:53:16.951 [main] INFO  org.apache.coyote.http11.Http11NioProtocol - Initializing ProtocolHandler ["http-nio-8090"]
2020-04-22 10:53:16.966 [main] INFO  org.apache.catalina.core.StandardService - Starting service [Tomcat]
2020-04-22 10:53:16.967 [main] INFO  org.apache.catalina.core.StandardEngine - Starting Servlet engine: [Apache Tomcat/9.0.14]
2020-04-22 10:53:16.971 [main] INFO  org.apache.catalina.core.AprLifecycleListener - The APR based Apache Tomcat Native library which allows optimal performance in production environments was not found on the java.library.path: [C:\Program Files\Java\jdk1.8.0_161\bin;C:\Windows\Sun\Java\bin;C:\Windows\system32;C:\Windows;C:\ProgramData\Oracle\Java\javapath;C:\Program Files (x86)\Intel\Intel(R) Management Engine Components\iCLS\;C:\Program Files\Intel\Intel(R) Management Engine Components\iCLS\;C:\Windows\system32;C:\Windows;C:\Windows\System32\Wbem;C:\Windows\System32\WindowsPowerShell\v1.0\;C:\Windows\System32\OpenSSH\;C:\Program Files (x86)\Intel\Intel(R) Management Engine Components\DAL;C:\Program Files\Intel\Intel(R) Management Engine Components\DAL;C:\Program Files\Java\jdk1.8.0_161\bin;D:\Java\apache-maven-3.3.9\bin;C:\Program Files\Git\cmd;C:\Program Files (x86)\MySQL\MySQL Server 5.5\bin;C:\Program Files\TortoiseSVN\bin;C:\Users\Agrivo\AppData\Local\Microsoft\WindowsApps;;.]
2020-04-22 10:53:17.106 [main] INFO  o.a.c.core.ContainerBase.[Tomcat].[localhost].[/] - Initializing Spring embedded WebApplicationContext
2020-04-22 10:53:17.106 [main] INFO  org.springframework.web.context.ContextLoader - Root WebApplicationContext: initialization completed in 6413 ms
2020-04-22 10:53:17.682 [main] INFO  org.flywaydb.core.internal.license.VersionPrinter - Flyway Community Edition 5.2.4 by Boxfuse
2020-04-22 10:53:17.686 [main] INFO  com.zaxxer.hikari.HikariDataSource - HikariPool-1 - Starting...
2020-04-22 10:53:17.901 [main] INFO  com.zaxxer.hikari.HikariDataSource - HikariPool-1 - Start completed.
2020-04-22 10:53:17.903 [main] INFO  o.flywaydb.core.internal.database.DatabaseFactory - Database: jdbc:mysql://127.0.0.1:3306/shiro_test (MySQL 5.5)
2020-04-22 10:53:18.079 [main] INFO  org.flywaydb.core.internal.command.DbValidate - Successfully validated 1 migration (execution time 00:00.011s)
2020-04-22 10:53:18.085 [main] INFO  org.flywaydb.core.internal.command.DbMigrate - Current version of schema `shiro_test`: 20180101
2020-04-22 10:53:18.085 [main] INFO  org.flywaydb.core.internal.command.DbMigrate - Schema `shiro_test` is up to date. No migration necessary.
2020-04-22 10:53:18.820 [main] INFO  org.hibernate.jpa.internal.util.LogHelper - HHH000204: Processing PersistenceUnitInfo [
	name: default
	...]
2020-04-22 10:53:19.624 [main] INFO  org.hibernate.Version - HHH000412: Hibernate Core {5.3.7.Final}
2020-04-22 10:53:19.625 [main] INFO  org.hibernate.cfg.Environment - HHH000206: hibernate.properties not found
2020-04-22 10:53:20.614 [main] INFO  org.hibernate.annotations.common.Version - HCANN000001: Hibernate Commons Annotations {5.0.4.Final}
2020-04-22 10:53:21.202 [main] INFO  org.hibernate.dialect.Dialect - HHH000400: Using dialect: org.hibernate.dialect.MySQL5Dialect
2020-04-22 10:53:23.859 [main] INFO  o.s.orm.jpa.LocalContainerEntityManagerFactoryBean - Initialized JPA EntityManagerFactory for persistence unit 'default'
2020-04-22 10:53:25.811 [main] WARN  o.s.b.a.o.j.JpaBaseConfiguration$JpaWebConfiguration$JpaWebMvcConfiguration - spring.jpa.open-in-view is enabled by default. Therefore, database queries may be performed during view rendering. Explicitly configure spring.jpa.open-in-view to disable this warning
2020-04-22 10:53:26.737 [main] INFO  o.s.scheduling.concurrent.ThreadPoolTaskExecutor - Initializing ExecutorService 'applicationTaskExecutor'
2020-04-22 10:53:26.961 [main] INFO  o.s.b.a.web.servlet.WelcomePageHandlerMapping - Adding welcome page: class path resource [static/index.html]
2020-04-22 10:53:27.493 [main] INFO  s.d.s.web.plugins.DocumentationPluginsBootstrapper - Context refreshed
2020-04-22 10:53:27.570 [main] INFO  s.d.s.web.plugins.DocumentationPluginsBootstrapper - Found {0} custom documentation plugin(s)
2020-04-22 10:53:27.578 [main] INFO  s.d.spring.web.scanners.ApiListingReferenceScanner - Scanning for api listing references
2020-04-22 10:53:27.582 [main] INFO  s.d.s.web.ClassOrApiAnnotationResourceGrouping - Group for method downloadModel01 was whpxxsz-controller
2020-04-22 10:53:27.583 [main] INFO  s.d.spring.web.scanners.ApiListingReferenceScanner - Request mapping: downloadModel01 belongs to groups: [[ResourceGroup{groupName='whpxxsz-controller', position=0, controller=com.example.demo01.controller.WhpxxszController}]] 
2020-04-22 10:53:27.585 [main] INFO  s.d.s.web.ClassOrApiAnnotationResourceGrouping - Group for method downloadModel was whpxxsz-controller
2020-04-22 10:53:27.585 [main] INFO  s.d.spring.web.scanners.ApiListingReferenceScanner - Request mapping: downloadModel belongs to groups: [[ResourceGroup{groupName='whpxxsz-controller', position=0, controller=com.example.demo01.controller.WhpxxszController}]] 
2020-04-22 10:53:27.585 [main] INFO  s.d.s.web.ClassOrApiAnnotationResourceGrouping - Group for method downloadFile was whpxxsz-controller
2020-04-22 10:53:27.585 [main] INFO  s.d.spring.web.scanners.ApiListingReferenceScanner - Request mapping: downloadFile belongs to groups: [[ResourceGroup{groupName='whpxxsz-controller', position=0, controller=com.example.demo01.controller.WhpxxszController}]] 
2020-04-22 10:53:27.586 [main] INFO  s.d.s.web.ClassOrApiAnnotationResourceGrouping - Group for method getList was order-controller
2020-04-22 10:53:27.586 [main] INFO  s.d.spring.web.scanners.ApiListingReferenceScanner - Request mapping: getList belongs to groups: [[ResourceGroup{groupName='order-controller', position=0, controller=com.example.demo01.controller.OrderController}]] 
2020-04-22 10:53:27.586 [main] INFO  s.d.s.web.ClassOrApiAnnotationResourceGrouping - Group for method index was order-controller
2020-04-22 10:53:27.586 [main] INFO  s.d.spring.web.scanners.ApiListingReferenceScanner - Request mapping: index belongs to groups: [[ResourceGroup{groupName='order-controller', position=0, controller=com.example.demo01.controller.OrderController}]] 
2020-04-22 10:53:27.587 [main] INFO  s.d.s.web.ClassOrApiAnnotationResourceGrouping - Group for method createSession was 用户登录接口
2020-04-22 10:53:27.587 [main] INFO  s.d.spring.web.scanners.ApiListingReferenceScanner - Request mapping: createSession belongs to groups: [[ResourceGroup{groupName='用户登录接口', position=0, controller=com.example.demo01.controller.LoginController}]] 
2020-04-22 10:53:27.587 [main] INFO  s.d.s.web.ClassOrApiAnnotationResourceGrouping - Group for method getList was 用户登录接口
2020-04-22 10:53:27.588 [main] INFO  s.d.spring.web.scanners.ApiListingReferenceScanner - Request mapping: getList belongs to groups: [[ResourceGroup{groupName='用户登录接口', position=0, controller=com.example.demo01.controller.LoginController}]] 
2020-04-22 10:53:27.595 [main] INFO  s.d.spring.web.scanners.ApiListingReferenceScanner - Created resource listing Path: /default/whpxxsz-controller Description: whpxxsz-controller Position: 0
2020-04-22 10:53:27.596 [main] INFO  s.d.spring.web.scanners.ApiListingReferenceScanner - Created resource listing Path: /default/order-controller Description: order-controller Position: 0
2020-04-22 10:53:27.596 [main] INFO  s.d.spring.web.scanners.ApiListingReferenceScanner - Created resource listing Path: /default/用户登录接口 Description: 用户登录接口 Position: 0
2020-04-22 10:53:27.627 [main] INFO  s.documentation.schema.ModelContextKeyGenerator - Cache Key Generated: com.example.demo01.page.Pagination<com.example.demo01.model.OrderBo>(true)
2020-04-22 10:53:27.628 [main] INFO  s.documentation.spring.web.caching.CachingAspect - Caching aspect applied for cache models with key com.example.demo01.page.Pagination<com.example.demo01.model.OrderBo>(true)
2020-04-22 10:53:27.631 [main] INFO  s.d.schema.property.ModelPropertiesKeyGenerator - Cache key generated: com.example.demo01.page.Pagination<com.example.demo01.model.OrderBo>(true)
2020-04-22 10:53:27.631 [main] INFO  s.documentation.spring.web.caching.CachingAspect - Caching aspect applied for cache modelProperties with key com.example.demo01.page.Pagination<com.example.demo01.model.OrderBo>(true)
2020-04-22 10:53:27.667 [main] INFO  s.documentation.schema.ModelContextKeyGenerator - Cache Key Generated: com.example.demo01.page.Pagination<com.example.demo01.model.OrderBo>(true)
2020-04-22 10:53:27.667 [main] INFO  s.documentation.spring.web.caching.CachingAspect - Caching aspect applied for cache modelDependencies with key com.example.demo01.page.Pagination<com.example.demo01.model.OrderBo>(true)
2020-04-22 10:53:27.670 [main] INFO  s.d.schema.property.ModelPropertiesKeyGenerator - Cache key generated: com.example.demo01.model.OrderBo(true)
2020-04-22 10:53:27.670 [main] INFO  s.documentation.spring.web.caching.CachingAspect - Caching aspect applied for cache modelProperties with key com.example.demo01.model.OrderBo(true)
2020-04-22 10:53:27.676 [main] INFO  s.d.schema.property.ModelPropertiesKeyGenerator - Cache key generated: com.example.demo01.page.Pagination<com.example.demo01.model.OrderBo>(true)
2020-04-22 10:53:27.676 [main] INFO  s.documentation.spring.web.caching.CachingAspect - Caching aspect applied for cache modelProperties with key com.example.demo01.page.Pagination<com.example.demo01.model.OrderBo>(true)
2020-04-22 10:53:27.676 [main] INFO  s.d.schema.property.ModelPropertiesKeyGenerator - Cache key generated: com.example.demo01.model.OrderBo(true)
2020-04-22 10:53:27.676 [main] INFO  s.documentation.spring.web.caching.CachingAspect - Caching aspect applied for cache modelProperties with key com.example.demo01.model.OrderBo(true)
2020-04-22 10:53:27.677 [main] INFO  s.d.schema.property.ModelPropertiesKeyGenerator - Cache key generated: com.example.demo01.model.OrderBo(true)
2020-04-22 10:53:27.678 [main] INFO  s.documentation.spring.web.caching.CachingAspect - Caching aspect applied for cache modelProperties with key com.example.demo01.model.OrderBo(true)
2020-04-22 10:53:27.679 [main] INFO  s.documentation.spring.web.OperationsKeyGenerator - Cache key generated: /order/detail.com.example.demo01.controller.OrderController.getList.DefaultGenericTypeNamingStrategy
2020-04-22 10:53:27.679 [main] INFO  s.documentation.spring.web.caching.CachingAspect - Caching aspect applied for cache operations with key /order/detail.com.example.demo01.controller.OrderController.getList.DefaultGenericTypeNamingStrategy
2020-04-22 10:53:27.693 [main] INFO  s.d.s.web.ClassOrApiAnnotationResourceGrouping - Group for method getList was order-controller
2020-04-22 10:53:27.703 [main] INFO  s.d.s.web.ClassOrApiAnnotationResourceGrouping - Group for method getList was order-controller
2020-04-22 10:53:27.709 [main] INFO  s.documentation.schema.ModelContextKeyGenerator - Cache Key Generated: java.lang.String(true)
2020-04-22 10:53:27.709 [main] INFO  s.documentation.spring.web.caching.CachingAspect - Caching aspect applied for cache models with key java.lang.String(true)
2020-04-22 10:53:27.709 [main] INFO  s.documentation.schema.ModelContextKeyGenerator - Cache Key Generated: java.lang.String(true)
2020-04-22 10:53:27.709 [main] INFO  s.documentation.spring.web.caching.CachingAspect - Caching aspect applied for cache modelDependencies with key java.lang.String(true)
2020-04-22 10:53:27.710 [main] INFO  s.documentation.spring.web.OperationsKeyGenerator - Cache key generated: /order/index.com.example.demo01.controller.OrderController.index.DefaultGenericTypeNamingStrategy
2020-04-22 10:53:27.710 [main] INFO  s.documentation.spring.web.caching.CachingAspect - Caching aspect applied for cache operations with key /order/index.com.example.demo01.controller.OrderController.index.DefaultGenericTypeNamingStrategy
2020-04-22 10:53:27.710 [main] INFO  s.d.s.web.ClassOrApiAnnotationResourceGrouping - Group for method index was order-controller
2020-04-22 10:53:27.711 [main] INFO  s.d.s.web.ClassOrApiAnnotationResourceGrouping - Group for method index was order-controller
2020-04-22 10:53:27.715 [main] INFO  s.documentation.schema.ModelContextKeyGenerator - Cache Key Generated: java.lang.String(true)
2020-04-22 10:53:27.716 [main] INFO  s.documentation.spring.web.caching.CachingAspect - Caching aspect applied for cache models with key java.lang.String(true)
2020-04-22 10:53:27.716 [main] INFO  s.documentation.schema.ModelContextKeyGenerator - Cache Key Generated: java.lang.String(true)
2020-04-22 10:53:27.716 [main] INFO  s.documentation.spring.web.caching.CachingAspect - Caching aspect applied for cache modelDependencies with key java.lang.String(true)
2020-04-22 10:53:27.716 [main] INFO  s.documentation.spring.web.OperationsKeyGenerator - Cache key generated: /api/download.com.example.demo01.controller.WhpxxszController.downloadFile.DefaultGenericTypeNamingStrategy
2020-04-22 10:53:27.716 [main] INFO  s.documentation.spring.web.caching.CachingAspect - Caching aspect applied for cache operations with key /api/download.com.example.demo01.controller.WhpxxszController.downloadFile.DefaultGenericTypeNamingStrategy
2020-04-22 10:53:27.716 [main] INFO  s.d.s.web.ClassOrApiAnnotationResourceGrouping - Group for method downloadFile was whpxxsz-controller
2020-04-22 10:53:27.717 [main] INFO  s.d.s.web.ClassOrApiAnnotationResourceGrouping - Group for method downloadFile was whpxxsz-controller
2020-04-22 10:53:27.717 [main] INFO  s.documentation.schema.ModelContextKeyGenerator - Cache Key Generated: java.lang.Object(true)
2020-04-22 10:53:27.717 [main] INFO  s.documentation.spring.web.caching.CachingAspect - Caching aspect applied for cache models with key java.lang.Object(true)
2020-04-22 10:53:27.718 [main] INFO  s.documentation.schema.ModelContextKeyGenerator - Cache Key Generated: java.lang.Object(true)
2020-04-22 10:53:27.718 [main] INFO  s.documentation.spring.web.caching.CachingAspect - Caching aspect applied for cache modelDependencies with key java.lang.Object(true)
2020-04-22 10:53:27.718 [main] INFO  s.documentation.spring.web.OperationsKeyGenerator - Cache key generated: /api/downloadWhpModel.com.example.demo01.controller.WhpxxszController.downloadModel.DefaultGenericTypeNamingStrategy
2020-04-22 10:53:27.718 [main] INFO  s.documentation.spring.web.caching.CachingAspect - Caching aspect applied for cache operations with key /api/downloadWhpModel.com.example.demo01.controller.WhpxxszController.downloadModel.DefaultGenericTypeNamingStrategy
2020-04-22 10:53:27.718 [main] INFO  s.d.s.web.ClassOrApiAnnotationResourceGrouping - Group for method downloadModel was whpxxsz-controller
2020-04-22 10:53:27.719 [main] INFO  s.d.s.web.ClassOrApiAnnotationResourceGrouping - Group for method downloadModel was whpxxsz-controller
2020-04-22 10:53:27.719 [main] INFO  s.documentation.schema.ModelContextKeyGenerator - Cache Key Generated: com.example.demo01.utils.Download(true)
2020-04-22 10:53:27.719 [main] INFO  s.documentation.spring.web.caching.CachingAspect - Caching aspect applied for cache models with key com.example.demo01.utils.Download(true)
2020-04-22 10:53:27.720 [main] INFO  s.d.schema.property.ModelPropertiesKeyGenerator - Cache key generated: com.example.demo01.utils.Download(true)
2020-04-22 10:53:27.720 [main] INFO  s.documentation.spring.web.caching.CachingAspect - Caching aspect applied for cache modelProperties with key com.example.demo01.utils.Download(true)
2020-04-22 10:53:27.721 [main] INFO  s.documentation.schema.ModelContextKeyGenerator - Cache Key Generated: com.example.demo01.utils.Download(true)
2020-04-22 10:53:27.721 [main] INFO  s.documentation.spring.web.caching.CachingAspect - Caching aspect applied for cache modelDependencies with key com.example.demo01.utils.Download(true)
2020-04-22 10:53:27.721 [main] INFO  s.d.schema.property.ModelPropertiesKeyGenerator - Cache key generated: com.example.demo01.utils.Download(true)
2020-04-22 10:53:27.721 [main] INFO  s.documentation.spring.web.caching.CachingAspect - Caching aspect applied for cache modelProperties with key com.example.demo01.utils.Download(true)
2020-04-22 10:53:27.722 [main] INFO  s.documentation.spring.web.OperationsKeyGenerator - Cache key generated: /api/downloadWhpModel01.com.example.demo01.controller.WhpxxszController.downloadModel01.DefaultGenericTypeNamingStrategy
2020-04-22 10:53:27.722 [main] INFO  s.documentation.spring.web.caching.CachingAspect - Caching aspect applied for cache operations with key /api/downloadWhpModel01.com.example.demo01.controller.WhpxxszController.downloadModel01.DefaultGenericTypeNamingStrategy
2020-04-22 10:53:27.722 [main] INFO  s.d.s.web.ClassOrApiAnnotationResourceGrouping - Group for method downloadModel01 was whpxxsz-controller
2020-04-22 10:53:27.723 [main] INFO  s.d.s.web.ClassOrApiAnnotationResourceGrouping - Group for method downloadModel01 was whpxxsz-controller
2020-04-22 10:53:27.725 [main] INFO  s.documentation.schema.ModelContextKeyGenerator - Cache Key Generated: java.lang.String(true)
2020-04-22 10:53:27.725 [main] INFO  s.documentation.spring.web.caching.CachingAspect - Caching aspect applied for cache models with key java.lang.String(true)
2020-04-22 10:53:27.725 [main] INFO  s.documentation.schema.ModelContextKeyGenerator - Cache Key Generated: java.lang.String(true)
2020-04-22 10:53:27.725 [main] INFO  s.documentation.spring.web.caching.CachingAspect - Caching aspect applied for cache modelDependencies with key java.lang.String(true)
2020-04-22 10:53:27.725 [main] INFO  s.documentation.schema.ModelContextKeyGenerator - Cache Key Generated: com.example.demo01.model.AdminLoginRequest(false)
2020-04-22 10:53:27.725 [main] INFO  s.documentation.spring.web.caching.CachingAspect - Caching aspect applied for cache models with key com.example.demo01.model.AdminLoginRequest(false)
2020-04-22 10:53:27.725 [main] INFO  s.d.schema.property.ModelPropertiesKeyGenerator - Cache key generated: com.example.demo01.model.AdminLoginRequest(false)
2020-04-22 10:53:27.725 [main] INFO  s.documentation.spring.web.caching.CachingAspect - Caching aspect applied for cache modelProperties with key com.example.demo01.model.AdminLoginRequest(false)
2020-04-22 10:53:27.727 [main] INFO  s.documentation.schema.ModelContextKeyGenerator - Cache Key Generated: com.example.demo01.model.AdminLoginRequest(false)
2020-04-22 10:53:27.727 [main] INFO  s.documentation.spring.web.caching.CachingAspect - Caching aspect applied for cache modelDependencies with key com.example.demo01.model.AdminLoginRequest(false)
2020-04-22 10:53:27.727 [main] INFO  s.d.schema.property.ModelPropertiesKeyGenerator - Cache key generated: com.example.demo01.model.AdminLoginRequest(false)
2020-04-22 10:53:27.727 [main] INFO  s.documentation.spring.web.caching.CachingAspect - Caching aspect applied for cache modelProperties with key com.example.demo01.model.AdminLoginRequest(false)
2020-04-22 10:53:27.727 [main] INFO  s.documentation.spring.web.OperationsKeyGenerator - Cache key generated: /user/create.com.example.demo01.controller.LoginController.createSession.DefaultGenericTypeNamingStrategy
2020-04-22 10:53:27.727 [main] INFO  s.documentation.spring.web.caching.CachingAspect - Caching aspect applied for cache operations with key /user/create.com.example.demo01.controller.LoginController.createSession.DefaultGenericTypeNamingStrategy
2020-04-22 10:53:27.728 [main] INFO  s.d.s.web.ClassOrApiAnnotationResourceGrouping - Group for method createSession was 用户登录接口
2020-04-22 10:53:27.729 [main] INFO  s.d.s.web.ClassOrApiAnnotationResourceGrouping - Group for method createSession was 用户登录接口
2020-04-22 10:53:27.729 [main] INFO  s.documentation.schema.ModelContextKeyGenerator - Cache Key Generated: java.lang.String(true)
2020-04-22 10:53:27.729 [main] INFO  s.documentation.spring.web.caching.CachingAspect - Caching aspect applied for cache models with key java.lang.String(true)
2020-04-22 10:53:27.730 [main] INFO  s.documentation.schema.ModelContextKeyGenerator - Cache Key Generated: java.lang.String(true)
2020-04-22 10:53:27.730 [main] INFO  s.documentation.spring.web.caching.CachingAspect - Caching aspect applied for cache modelDependencies with key java.lang.String(true)
2020-04-22 10:53:27.730 [main] INFO  s.documentation.spring.web.OperationsKeyGenerator - Cache key generated: /user/view.com.example.demo01.controller.LoginController.getList.DefaultGenericTypeNamingStrategy
2020-04-22 10:53:27.731 [main] INFO  s.documentation.spring.web.caching.CachingAspect - Caching aspect applied for cache operations with key /user/view.com.example.demo01.controller.LoginController.getList.DefaultGenericTypeNamingStrategy
2020-04-22 10:53:27.732 [main] INFO  s.d.s.web.ClassOrApiAnnotationResourceGrouping - Group for method getList was 用户登录接口
2020-04-22 10:53:27.732 [main] INFO  s.d.s.web.ClassOrApiAnnotationResourceGrouping - Group for method getList was 用户登录接口
2020-04-22 10:53:27.777 [main] INFO  org.apache.coyote.http11.Http11NioProtocol - Starting ProtocolHandler ["http-nio-8090"]
2020-04-22 10:53:27.813 [main] INFO  o.s.boot.web.embedded.tomcat.TomcatWebServer - Tomcat started on port(s): 8090 (http) with context path ''
2020-04-22 10:53:27.815 [main] INFO  com.example.demo01.Demo01Application - Started Demo01Application in 18.221 seconds (JVM running for 21.346)
2020-04-22 10:55:03.733 [http-nio-8090-exec-1] INFO  o.a.c.core.ContainerBase.[Tomcat].[localhost].[/] - Initializing Spring DispatcherServlet 'dispatcherServlet'
2020-04-22 10:55:03.733 [http-nio-8090-exec-1] INFO  org.springframework.web.servlet.DispatcherServlet - Initializing Servlet 'dispatcherServlet'
2020-04-22 10:55:03.744 [http-nio-8090-exec-1] INFO  org.springframework.web.servlet.DispatcherServlet - Completed initialization in 11 ms
2020-04-22 10:55:29.549 [Thread-43] INFO  o.s.scheduling.concurrent.ThreadPoolTaskExecutor - Shutting down ExecutorService 'applicationTaskExecutor'
2020-04-22 10:55:29.550 [Thread-43] INFO  o.s.orm.jpa.LocalContainerEntityManagerFactoryBean - Closing JPA EntityManagerFactory for persistence unit 'default'
2020-04-22 10:55:29.552 [Thread-43] INFO  com.zaxxer.hikari.HikariDataSource - HikariPool-1 - Shutdown initiated...
2020-04-22 10:55:29.559 [Thread-43] INFO  com.zaxxer.hikari.HikariDataSource - HikariPool-1 - Shutdown completed.
